[2023-10-18T16:24:20.693+0000] {taskinstance.py:1157} INFO - Dependencies all met for dep_context=non-requeueable deps ti=<TaskInstance: booking_ingestion.transform_data manual__2023-10-18T16:24:16.147062+00:00 [queued]>
[2023-10-18T16:24:20.709+0000] {taskinstance.py:1157} INFO - Dependencies all met for dep_context=requeueable deps ti=<TaskInstance: booking_ingestion.transform_data manual__2023-10-18T16:24:16.147062+00:00 [queued]>
[2023-10-18T16:24:20.709+0000] {taskinstance.py:1359} INFO - Starting attempt 1 of 1
[2023-10-18T16:24:20.740+0000] {taskinstance.py:1380} INFO - Executing <Task(PythonOperator): transform_data> on 2023-10-18 16:24:16.147062+00:00
[2023-10-18T16:24:20.743+0000] {standard_task_runner.py:57} INFO - Started process 212 to run task
[2023-10-18T16:24:20.745+0000] {standard_task_runner.py:84} INFO - Running: ['airflow', 'tasks', 'run', 'booking_ingestion', 'transform_data', 'manual__2023-10-18T16:24:16.147062+00:00', '--job-id', '11', '--raw', '--subdir', 'DAGS_FOLDER/booking_ingestion.py', '--cfg-path', '/tmp/tmp4cq_nv3n']
[2023-10-18T16:24:20.746+0000] {standard_task_runner.py:85} INFO - Job 11: Subtask transform_data
[2023-10-18T16:24:20.855+0000] {task_command.py:415} INFO - Running <TaskInstance: booking_ingestion.transform_data manual__2023-10-18T16:24:16.147062+00:00 [running]> on host 55027e8c738b
[2023-10-18T16:24:21.197+0000] {taskinstance.py:1660} INFO - Exporting env vars: AIRFLOW_CTX_DAG_OWNER='airflow' AIRFLOW_CTX_DAG_ID='booking_ingestion' AIRFLOW_CTX_TASK_ID='transform_data' AIRFLOW_CTX_EXECUTION_DATE='2023-10-18T16:24:16.147062+00:00' AIRFLOW_CTX_TRY_NUMBER='1' AIRFLOW_CTX_DAG_RUN_ID='manual__2023-10-18T16:24:16.147062+00:00'
[2023-10-18T16:24:21.262+0000] {logging_mixin.py:151} INFO -     client_id booking_date  ...               hotel_name   address
0           4   2016-11-02  ...             The New View  address6
1           3   2017-10-17  ...             The New View  address6
2           4   2019-08-07  ...             Astro Resort  address1
3           4   2021-08-07  ...             Astro Resort  address1
4           2   2020-08-07  ...             Astro Resort  address1
5           2   2021-08-07  ...             Astro Resort  address1
6           3   2020-08-07  ...             Astro Resort  address1
7           1   2018-03-20  ...             Astro Resort  address1
8           5   2021-08-07  ...             Astro Resort  address1
9           2   2017-07-13  ...            Dream Connect  address2
10          6   2019-09-14  ...            Dream Connect  address2
11          2   2019-10-10  ...          The Clift Royal  address5
12          3   2018-01-16  ...  Millennium Times Square  address5
13          5   2019-12-24  ...              Green Acres  address3

[14 rows x 11 columns]
[2023-10-18T16:24:21.278+0000] {python.py:194} INFO - Done. Returned value was: None
[2023-10-18T16:24:21.297+0000] {taskinstance.py:1398} INFO - Marking task as SUCCESS. dag_id=booking_ingestion, task_id=transform_data, execution_date=20231018T162416, start_date=20231018T162420, end_date=20231018T162421
[2023-10-18T16:24:21.360+0000] {local_task_job_runner.py:228} INFO - Task exited with return code 0
[2023-10-18T16:24:21.394+0000] {taskinstance.py:2776} INFO - 1 downstream tasks scheduled from follow-on schedule check
