[2023-10-18T16:14:59.507+0000] {processor.py:157} INFO - Started process (PID=150) to work on /opt/airflow/dags/booking.py
[2023-10-18T16:14:59.508+0000] {processor.py:829} INFO - Processing file /opt/airflow/dags/booking.py for tasks to queue
[2023-10-18T16:14:59.510+0000] {logging_mixin.py:151} INFO - [2023-10-18T16:14:59.509+0000] {dagbag.py:539} INFO - Filling up the DagBag from /opt/airflow/dags/booking.py
[2023-10-18T16:14:59.823+0000] {processor.py:839} INFO - DAG(s) dict_keys(['booking_ingestion']) retrieved from /opt/airflow/dags/booking.py
[2023-10-18T16:14:59.968+0000] {logging_mixin.py:151} INFO - [2023-10-18T16:14:59.968+0000] {manager.py:499} INFO - Created Permission View: %s
[2023-10-18T16:15:00.034+0000] {logging_mixin.py:151} INFO - [2023-10-18T16:15:00.034+0000] {manager.py:499} INFO - Created Permission View: %s
[2023-10-18T16:15:00.074+0000] {logging_mixin.py:151} INFO - [2023-10-18T16:15:00.074+0000] {manager.py:499} INFO - Created Permission View: %s
[2023-10-18T16:15:00.075+0000] {logging_mixin.py:151} INFO - [2023-10-18T16:15:00.075+0000] {security.py:708} INFO - Not syncing DAG-level permissions for DAG 'DAG:booking_ingestion' as access control is unset.
[2023-10-18T16:15:00.076+0000] {logging_mixin.py:151} INFO - [2023-10-18T16:15:00.076+0000] {dag.py:2915} INFO - Sync 1 DAGs
[2023-10-18T16:15:00.097+0000] {logging_mixin.py:151} INFO - [2023-10-18T16:15:00.097+0000] {dag.py:2937} INFO - Creating ORM DAG for booking_ingestion
[2023-10-18T16:15:00.115+0000] {logging_mixin.py:151} INFO - [2023-10-18T16:15:00.114+0000] {dag.py:3696} INFO - Setting next_dagrun for booking_ingestion to 2023-10-18T15:15:00.114322+00:00, run_after=2023-10-18T16:15:00.114322+00:00
[2023-10-18T16:15:00.193+0000] {processor.py:179} INFO - Processing /opt/airflow/dags/booking.py took 0.688 seconds
[2023-10-18T16:15:30.354+0000] {processor.py:157} INFO - Started process (PID=153) to work on /opt/airflow/dags/booking.py
[2023-10-18T16:15:30.355+0000] {processor.py:829} INFO - Processing file /opt/airflow/dags/booking.py for tasks to queue
[2023-10-18T16:15:30.356+0000] {logging_mixin.py:151} INFO - [2023-10-18T16:15:30.356+0000] {dagbag.py:539} INFO - Filling up the DagBag from /opt/airflow/dags/booking.py
[2023-10-18T16:15:30.606+0000] {processor.py:839} INFO - DAG(s) dict_keys(['booking_ingestion']) retrieved from /opt/airflow/dags/booking.py
[2023-10-18T16:15:30.639+0000] {logging_mixin.py:151} INFO - [2023-10-18T16:15:30.638+0000] {dag.py:2915} INFO - Sync 1 DAGs
[2023-10-18T16:15:30.664+0000] {logging_mixin.py:151} INFO - [2023-10-18T16:15:30.664+0000] {dag.py:3696} INFO - Setting next_dagrun for booking_ingestion to 2023-10-18T15:15:30.664061+00:00, run_after=2023-10-18T16:15:30.664061+00:00
[2023-10-18T16:15:30.746+0000] {processor.py:179} INFO - Processing /opt/airflow/dags/booking.py took 0.395 seconds
[2023-10-18T16:16:01.256+0000] {processor.py:157} INFO - Started process (PID=156) to work on /opt/airflow/dags/booking.py
[2023-10-18T16:16:01.257+0000] {processor.py:829} INFO - Processing file /opt/airflow/dags/booking.py for tasks to queue
[2023-10-18T16:16:01.258+0000] {logging_mixin.py:151} INFO - [2023-10-18T16:16:01.257+0000] {dagbag.py:539} INFO - Filling up the DagBag from /opt/airflow/dags/booking.py
[2023-10-18T16:16:01.495+0000] {processor.py:839} INFO - DAG(s) dict_keys(['booking_ingestion']) retrieved from /opt/airflow/dags/booking.py
[2023-10-18T16:16:01.528+0000] {logging_mixin.py:151} INFO - [2023-10-18T16:16:01.528+0000] {dag.py:2915} INFO - Sync 1 DAGs
[2023-10-18T16:16:01.552+0000] {logging_mixin.py:151} INFO - [2023-10-18T16:16:01.551+0000] {dag.py:3696} INFO - Setting next_dagrun for booking_ingestion to 2023-10-18T15:16:01.551675+00:00, run_after=2023-10-18T16:16:01.551675+00:00
[2023-10-18T16:16:01.618+0000] {processor.py:179} INFO - Processing /opt/airflow/dags/booking.py took 0.365 seconds
[2023-10-18T16:16:32.312+0000] {processor.py:157} INFO - Started process (PID=159) to work on /opt/airflow/dags/booking.py
[2023-10-18T16:16:32.314+0000] {processor.py:829} INFO - Processing file /opt/airflow/dags/booking.py for tasks to queue
[2023-10-18T16:16:32.315+0000] {logging_mixin.py:151} INFO - [2023-10-18T16:16:32.315+0000] {dagbag.py:539} INFO - Filling up the DagBag from /opt/airflow/dags/booking.py
[2023-10-18T16:16:32.594+0000] {processor.py:839} INFO - DAG(s) dict_keys(['booking_ingestion']) retrieved from /opt/airflow/dags/booking.py
[2023-10-18T16:16:32.624+0000] {logging_mixin.py:151} INFO - [2023-10-18T16:16:32.624+0000] {dag.py:2915} INFO - Sync 1 DAGs
[2023-10-18T16:16:32.649+0000] {logging_mixin.py:151} INFO - [2023-10-18T16:16:32.649+0000] {dag.py:3696} INFO - Setting next_dagrun for booking_ingestion to 2023-10-18T15:16:32.648854+00:00, run_after=2023-10-18T16:16:32.648854+00:00
[2023-10-18T16:16:32.710+0000] {processor.py:179} INFO - Processing /opt/airflow/dags/booking.py took 0.400 seconds
[2023-10-18T16:17:02.941+0000] {processor.py:157} INFO - Started process (PID=162) to work on /opt/airflow/dags/booking.py
[2023-10-18T16:17:02.943+0000] {processor.py:829} INFO - Processing file /opt/airflow/dags/booking.py for tasks to queue
[2023-10-18T16:17:02.944+0000] {logging_mixin.py:151} INFO - [2023-10-18T16:17:02.943+0000] {dagbag.py:539} INFO - Filling up the DagBag from /opt/airflow/dags/booking.py
[2023-10-18T16:17:03.183+0000] {processor.py:839} INFO - DAG(s) dict_keys(['booking_ingestion']) retrieved from /opt/airflow/dags/booking.py
[2023-10-18T16:17:03.213+0000] {logging_mixin.py:151} INFO - [2023-10-18T16:17:03.212+0000] {dag.py:2915} INFO - Sync 1 DAGs
[2023-10-18T16:17:03.243+0000] {logging_mixin.py:151} INFO - [2023-10-18T16:17:03.243+0000] {dag.py:3696} INFO - Setting next_dagrun for booking_ingestion to 2023-10-18T15:17:03.243050+00:00, run_after=2023-10-18T16:17:03.243050+00:00
[2023-10-18T16:17:03.369+0000] {processor.py:179} INFO - Processing /opt/airflow/dags/booking.py took 0.430 seconds
[2023-10-18T16:17:33.799+0000] {processor.py:157} INFO - Started process (PID=165) to work on /opt/airflow/dags/booking.py
[2023-10-18T16:17:33.800+0000] {processor.py:829} INFO - Processing file /opt/airflow/dags/booking.py for tasks to queue
[2023-10-18T16:17:33.801+0000] {logging_mixin.py:151} INFO - [2023-10-18T16:17:33.801+0000] {dagbag.py:539} INFO - Filling up the DagBag from /opt/airflow/dags/booking.py
[2023-10-18T16:17:34.042+0000] {processor.py:839} INFO - DAG(s) dict_keys(['booking_ingestion']) retrieved from /opt/airflow/dags/booking.py
[2023-10-18T16:17:34.078+0000] {logging_mixin.py:151} INFO - [2023-10-18T16:17:34.077+0000] {dag.py:2915} INFO - Sync 1 DAGs
[2023-10-18T16:17:34.107+0000] {logging_mixin.py:151} INFO - [2023-10-18T16:17:34.107+0000] {dag.py:3696} INFO - Setting next_dagrun for booking_ingestion to 2023-10-18T15:17:34.107413+00:00, run_after=2023-10-18T16:17:34.107413+00:00
[2023-10-18T16:17:34.197+0000] {processor.py:179} INFO - Processing /opt/airflow/dags/booking.py took 0.401 seconds
[2023-10-18T16:18:04.646+0000] {processor.py:157} INFO - Started process (PID=168) to work on /opt/airflow/dags/booking.py
[2023-10-18T16:18:04.647+0000] {processor.py:829} INFO - Processing file /opt/airflow/dags/booking.py for tasks to queue
[2023-10-18T16:18:04.648+0000] {logging_mixin.py:151} INFO - [2023-10-18T16:18:04.647+0000] {dagbag.py:539} INFO - Filling up the DagBag from /opt/airflow/dags/booking.py
[2023-10-18T16:18:04.898+0000] {processor.py:839} INFO - DAG(s) dict_keys(['booking_ingestion']) retrieved from /opt/airflow/dags/booking.py
[2023-10-18T16:18:04.925+0000] {logging_mixin.py:151} INFO - [2023-10-18T16:18:04.924+0000] {dag.py:2915} INFO - Sync 1 DAGs
[2023-10-18T16:18:04.948+0000] {logging_mixin.py:151} INFO - [2023-10-18T16:18:04.947+0000] {dag.py:3696} INFO - Setting next_dagrun for booking_ingestion to 2023-10-18T15:18:04.947699+00:00, run_after=2023-10-18T16:18:04.947699+00:00
[2023-10-18T16:18:05.007+0000] {processor.py:179} INFO - Processing /opt/airflow/dags/booking.py took 0.364 seconds
[2023-10-18T16:18:35.344+0000] {processor.py:157} INFO - Started process (PID=171) to work on /opt/airflow/dags/booking.py
[2023-10-18T16:18:35.345+0000] {processor.py:829} INFO - Processing file /opt/airflow/dags/booking.py for tasks to queue
[2023-10-18T16:18:35.346+0000] {logging_mixin.py:151} INFO - [2023-10-18T16:18:35.346+0000] {dagbag.py:539} INFO - Filling up the DagBag from /opt/airflow/dags/booking.py
[2023-10-18T16:18:35.615+0000] {processor.py:839} INFO - DAG(s) dict_keys(['booking_ingestion']) retrieved from /opt/airflow/dags/booking.py
[2023-10-18T16:18:35.647+0000] {logging_mixin.py:151} INFO - [2023-10-18T16:18:35.645+0000] {dag.py:2915} INFO - Sync 1 DAGs
[2023-10-18T16:18:35.671+0000] {logging_mixin.py:151} INFO - [2023-10-18T16:18:35.671+0000] {dag.py:3696} INFO - Setting next_dagrun for booking_ingestion to 2023-10-18T15:18:35.671606+00:00, run_after=2023-10-18T16:18:35.671606+00:00
[2023-10-18T16:18:35.737+0000] {processor.py:179} INFO - Processing /opt/airflow/dags/booking.py took 0.395 seconds
[2023-10-18T16:19:05.863+0000] {processor.py:157} INFO - Started process (PID=174) to work on /opt/airflow/dags/booking.py
[2023-10-18T16:19:05.864+0000] {processor.py:829} INFO - Processing file /opt/airflow/dags/booking.py for tasks to queue
[2023-10-18T16:19:05.865+0000] {logging_mixin.py:151} INFO - [2023-10-18T16:19:05.865+0000] {dagbag.py:539} INFO - Filling up the DagBag from /opt/airflow/dags/booking.py
[2023-10-18T16:19:06.107+0000] {processor.py:839} INFO - DAG(s) dict_keys(['booking_ingestion']) retrieved from /opt/airflow/dags/booking.py
[2023-10-18T16:19:06.141+0000] {logging_mixin.py:151} INFO - [2023-10-18T16:19:06.141+0000] {dag.py:2915} INFO - Sync 1 DAGs
[2023-10-18T16:19:06.169+0000] {logging_mixin.py:151} INFO - [2023-10-18T16:19:06.168+0000] {dag.py:3696} INFO - Setting next_dagrun for booking_ingestion to 2023-10-18T15:19:06.168438+00:00, run_after=2023-10-18T16:19:06.168438+00:00
[2023-10-18T16:19:06.244+0000] {processor.py:179} INFO - Processing /opt/airflow/dags/booking.py took 0.383 seconds
[2023-10-18T16:19:36.512+0000] {processor.py:157} INFO - Started process (PID=177) to work on /opt/airflow/dags/booking.py
[2023-10-18T16:19:36.513+0000] {processor.py:829} INFO - Processing file /opt/airflow/dags/booking.py for tasks to queue
[2023-10-18T16:19:36.514+0000] {logging_mixin.py:151} INFO - [2023-10-18T16:19:36.514+0000] {dagbag.py:539} INFO - Filling up the DagBag from /opt/airflow/dags/booking.py
[2023-10-18T16:19:36.772+0000] {processor.py:839} INFO - DAG(s) dict_keys(['booking_ingestion']) retrieved from /opt/airflow/dags/booking.py
[2023-10-18T16:19:36.804+0000] {logging_mixin.py:151} INFO - [2023-10-18T16:19:36.803+0000] {dag.py:2915} INFO - Sync 1 DAGs
[2023-10-18T16:19:36.829+0000] {logging_mixin.py:151} INFO - [2023-10-18T16:19:36.829+0000] {dag.py:3696} INFO - Setting next_dagrun for booking_ingestion to 2023-10-18T15:19:36.829492+00:00, run_after=2023-10-18T16:19:36.829492+00:00
[2023-10-18T16:19:36.904+0000] {processor.py:179} INFO - Processing /opt/airflow/dags/booking.py took 0.394 seconds
[2023-10-18T16:20:07.332+0000] {processor.py:157} INFO - Started process (PID=180) to work on /opt/airflow/dags/booking.py
[2023-10-18T16:20:07.333+0000] {processor.py:829} INFO - Processing file /opt/airflow/dags/booking.py for tasks to queue
[2023-10-18T16:20:07.334+0000] {logging_mixin.py:151} INFO - [2023-10-18T16:20:07.334+0000] {dagbag.py:539} INFO - Filling up the DagBag from /opt/airflow/dags/booking.py
[2023-10-18T16:20:07.620+0000] {processor.py:839} INFO - DAG(s) dict_keys(['booking_ingestion']) retrieved from /opt/airflow/dags/booking.py
[2023-10-18T16:20:07.652+0000] {logging_mixin.py:151} INFO - [2023-10-18T16:20:07.651+0000] {dag.py:2915} INFO - Sync 1 DAGs
[2023-10-18T16:20:07.679+0000] {logging_mixin.py:151} INFO - [2023-10-18T16:20:07.679+0000] {dag.py:3696} INFO - Setting next_dagrun for booking_ingestion to 2023-10-18T15:20:07.679090+00:00, run_after=2023-10-18T16:20:07.679090+00:00
[2023-10-18T16:20:07.752+0000] {processor.py:179} INFO - Processing /opt/airflow/dags/booking.py took 0.423 seconds
