[2023-10-18T15:49:58.662+0000] {processor.py:157} INFO - Started process (PID=57) to work on /opt/airflow/dags/welcome.py
[2023-10-18T15:49:58.663+0000] {processor.py:829} INFO - Processing file /opt/airflow/dags/welcome.py for tasks to queue
[2023-10-18T15:49:58.664+0000] {logging_mixin.py:151} INFO - [2023-10-18T15:49:58.664+0000] {dagbag.py:539} INFO - Filling up the DagBag from /opt/airflow/dags/welcome.py
[2023-10-18T15:49:58.698+0000] {processor.py:839} INFO - DAG(s) dict_keys(['welcome_dag']) retrieved from /opt/airflow/dags/welcome.py
[2023-10-18T15:49:58.713+0000] {logging_mixin.py:151} INFO - [2023-10-18T15:49:58.713+0000] {dag.py:2915} INFO - Sync 1 DAGs
[2023-10-18T15:49:58.747+0000] {logging_mixin.py:151} INFO - [2023-10-18T15:49:58.747+0000] {dag.py:3696} INFO - Setting next_dagrun for welcome_dag to 2023-10-17T22:00:00+00:00, run_after=2023-10-18T22:00:00+00:00
[2023-10-18T15:49:58.809+0000] {processor.py:179} INFO - Processing /opt/airflow/dags/welcome.py took 0.150 seconds
[2023-10-18T15:50:29.179+0000] {processor.py:157} INFO - Started process (PID=72) to work on /opt/airflow/dags/welcome.py
[2023-10-18T15:50:29.181+0000] {processor.py:829} INFO - Processing file /opt/airflow/dags/welcome.py for tasks to queue
[2023-10-18T15:50:29.182+0000] {logging_mixin.py:151} INFO - [2023-10-18T15:50:29.182+0000] {dagbag.py:539} INFO - Filling up the DagBag from /opt/airflow/dags/welcome.py
[2023-10-18T15:50:29.226+0000] {processor.py:839} INFO - DAG(s) dict_keys(['welcome_dag']) retrieved from /opt/airflow/dags/welcome.py
[2023-10-18T15:50:29.256+0000] {logging_mixin.py:151} INFO - [2023-10-18T15:50:29.256+0000] {dag.py:2915} INFO - Sync 1 DAGs
[2023-10-18T15:50:29.280+0000] {logging_mixin.py:151} INFO - [2023-10-18T15:50:29.280+0000] {dag.py:3696} INFO - Setting next_dagrun for welcome_dag to 2023-10-17T22:00:00+00:00, run_after=2023-10-18T22:00:00+00:00
[2023-10-18T15:50:29.419+0000] {processor.py:179} INFO - Processing /opt/airflow/dags/welcome.py took 0.244 seconds
[2023-10-18T15:51:00.351+0000] {processor.py:157} INFO - Started process (PID=73) to work on /opt/airflow/dags/welcome.py
[2023-10-18T15:51:00.352+0000] {processor.py:829} INFO - Processing file /opt/airflow/dags/welcome.py for tasks to queue
[2023-10-18T15:51:00.354+0000] {logging_mixin.py:151} INFO - [2023-10-18T15:51:00.353+0000] {dagbag.py:539} INFO - Filling up the DagBag from /opt/airflow/dags/welcome.py
[2023-10-18T15:51:00.384+0000] {processor.py:839} INFO - DAG(s) dict_keys(['welcome_dag']) retrieved from /opt/airflow/dags/welcome.py
[2023-10-18T15:51:00.420+0000] {logging_mixin.py:151} INFO - [2023-10-18T15:51:00.420+0000] {dag.py:2915} INFO - Sync 1 DAGs
[2023-10-18T15:51:00.451+0000] {logging_mixin.py:151} INFO - [2023-10-18T15:51:00.451+0000] {dag.py:3696} INFO - Setting next_dagrun for welcome_dag to 2023-10-17T22:00:00+00:00, run_after=2023-10-18T22:00:00+00:00
[2023-10-18T15:51:00.533+0000] {processor.py:179} INFO - Processing /opt/airflow/dags/welcome.py took 0.185 seconds
[2023-10-18T15:51:30.710+0000] {processor.py:157} INFO - Started process (PID=74) to work on /opt/airflow/dags/welcome.py
[2023-10-18T15:51:30.711+0000] {processor.py:829} INFO - Processing file /opt/airflow/dags/welcome.py for tasks to queue
[2023-10-18T15:51:30.713+0000] {logging_mixin.py:151} INFO - [2023-10-18T15:51:30.712+0000] {dagbag.py:539} INFO - Filling up the DagBag from /opt/airflow/dags/welcome.py
[2023-10-18T15:51:30.756+0000] {processor.py:839} INFO - DAG(s) dict_keys(['welcome_dag']) retrieved from /opt/airflow/dags/welcome.py
[2023-10-18T15:51:30.795+0000] {logging_mixin.py:151} INFO - [2023-10-18T15:51:30.795+0000] {dag.py:2915} INFO - Sync 1 DAGs
[2023-10-18T15:51:30.828+0000] {logging_mixin.py:151} INFO - [2023-10-18T15:51:30.828+0000] {dag.py:3696} INFO - Setting next_dagrun for welcome_dag to 2023-10-17T22:00:00+00:00, run_after=2023-10-18T22:00:00+00:00
[2023-10-18T15:51:30.959+0000] {processor.py:179} INFO - Processing /opt/airflow/dags/welcome.py took 0.253 seconds
[2023-10-18T15:52:01.063+0000] {processor.py:157} INFO - Started process (PID=75) to work on /opt/airflow/dags/welcome.py
[2023-10-18T15:52:01.064+0000] {processor.py:829} INFO - Processing file /opt/airflow/dags/welcome.py for tasks to queue
[2023-10-18T15:52:01.065+0000] {logging_mixin.py:151} INFO - [2023-10-18T15:52:01.065+0000] {dagbag.py:539} INFO - Filling up the DagBag from /opt/airflow/dags/welcome.py
[2023-10-18T15:52:01.097+0000] {processor.py:839} INFO - DAG(s) dict_keys(['welcome_dag']) retrieved from /opt/airflow/dags/welcome.py
[2023-10-18T15:52:01.134+0000] {logging_mixin.py:151} INFO - [2023-10-18T15:52:01.134+0000] {dag.py:2915} INFO - Sync 1 DAGs
[2023-10-18T15:52:01.163+0000] {logging_mixin.py:151} INFO - [2023-10-18T15:52:01.163+0000] {dag.py:3696} INFO - Setting next_dagrun for welcome_dag to 2023-10-17T22:00:00+00:00, run_after=2023-10-18T22:00:00+00:00
[2023-10-18T15:52:01.233+0000] {processor.py:179} INFO - Processing /opt/airflow/dags/welcome.py took 0.172 seconds
[2023-10-18T15:52:31.317+0000] {processor.py:157} INFO - Started process (PID=76) to work on /opt/airflow/dags/welcome.py
[2023-10-18T15:52:31.318+0000] {processor.py:829} INFO - Processing file /opt/airflow/dags/welcome.py for tasks to queue
[2023-10-18T15:52:31.319+0000] {logging_mixin.py:151} INFO - [2023-10-18T15:52:31.319+0000] {dagbag.py:539} INFO - Filling up the DagBag from /opt/airflow/dags/welcome.py
[2023-10-18T15:52:31.348+0000] {processor.py:839} INFO - DAG(s) dict_keys(['welcome_dag']) retrieved from /opt/airflow/dags/welcome.py
[2023-10-18T15:52:31.383+0000] {logging_mixin.py:151} INFO - [2023-10-18T15:52:31.383+0000] {dag.py:2915} INFO - Sync 1 DAGs
[2023-10-18T15:52:31.409+0000] {logging_mixin.py:151} INFO - [2023-10-18T15:52:31.408+0000] {dag.py:3696} INFO - Setting next_dagrun for welcome_dag to 2023-10-17T22:00:00+00:00, run_after=2023-10-18T22:00:00+00:00
[2023-10-18T15:52:31.471+0000] {processor.py:179} INFO - Processing /opt/airflow/dags/welcome.py took 0.157 seconds
[2023-10-18T15:53:01.728+0000] {processor.py:157} INFO - Started process (PID=77) to work on /opt/airflow/dags/welcome.py
[2023-10-18T15:53:01.729+0000] {processor.py:829} INFO - Processing file /opt/airflow/dags/welcome.py for tasks to queue
[2023-10-18T15:53:01.730+0000] {logging_mixin.py:151} INFO - [2023-10-18T15:53:01.730+0000] {dagbag.py:539} INFO - Filling up the DagBag from /opt/airflow/dags/welcome.py
[2023-10-18T15:53:01.760+0000] {processor.py:839} INFO - DAG(s) dict_keys(['welcome_dag']) retrieved from /opt/airflow/dags/welcome.py
[2023-10-18T15:53:01.795+0000] {logging_mixin.py:151} INFO - [2023-10-18T15:53:01.794+0000] {dag.py:2915} INFO - Sync 1 DAGs
[2023-10-18T15:53:01.823+0000] {logging_mixin.py:151} INFO - [2023-10-18T15:53:01.823+0000] {dag.py:3696} INFO - Setting next_dagrun for welcome_dag to 2023-10-17T22:00:00+00:00, run_after=2023-10-18T22:00:00+00:00
[2023-10-18T15:53:01.911+0000] {processor.py:179} INFO - Processing /opt/airflow/dags/welcome.py took 0.185 seconds
[2023-10-18T15:53:32.108+0000] {processor.py:157} INFO - Started process (PID=78) to work on /opt/airflow/dags/welcome.py
[2023-10-18T15:53:32.109+0000] {processor.py:829} INFO - Processing file /opt/airflow/dags/welcome.py for tasks to queue
[2023-10-18T15:53:32.111+0000] {logging_mixin.py:151} INFO - [2023-10-18T15:53:32.110+0000] {dagbag.py:539} INFO - Filling up the DagBag from /opt/airflow/dags/welcome.py
[2023-10-18T15:53:32.151+0000] {processor.py:839} INFO - DAG(s) dict_keys(['welcome_dag']) retrieved from /opt/airflow/dags/welcome.py
[2023-10-18T15:53:32.183+0000] {logging_mixin.py:151} INFO - [2023-10-18T15:53:32.183+0000] {dag.py:2915} INFO - Sync 1 DAGs
[2023-10-18T15:53:32.211+0000] {logging_mixin.py:151} INFO - [2023-10-18T15:53:32.211+0000] {dag.py:3696} INFO - Setting next_dagrun for welcome_dag to 2023-10-17T22:00:00+00:00, run_after=2023-10-18T22:00:00+00:00
[2023-10-18T15:53:32.328+0000] {processor.py:179} INFO - Processing /opt/airflow/dags/welcome.py took 0.222 seconds
[2023-10-18T15:54:03.488+0000] {processor.py:157} INFO - Started process (PID=79) to work on /opt/airflow/dags/welcome.py
[2023-10-18T15:54:03.489+0000] {processor.py:829} INFO - Processing file /opt/airflow/dags/welcome.py for tasks to queue
[2023-10-18T15:54:03.490+0000] {logging_mixin.py:151} INFO - [2023-10-18T15:54:03.490+0000] {dagbag.py:539} INFO - Filling up the DagBag from /opt/airflow/dags/welcome.py
[2023-10-18T15:54:03.520+0000] {processor.py:839} INFO - DAG(s) dict_keys(['welcome_dag']) retrieved from /opt/airflow/dags/welcome.py
[2023-10-18T15:54:03.548+0000] {logging_mixin.py:151} INFO - [2023-10-18T15:54:03.548+0000] {dag.py:2915} INFO - Sync 1 DAGs
[2023-10-18T15:54:03.573+0000] {logging_mixin.py:151} INFO - [2023-10-18T15:54:03.573+0000] {dag.py:3696} INFO - Setting next_dagrun for welcome_dag to 2023-10-17T22:00:00+00:00, run_after=2023-10-18T22:00:00+00:00
[2023-10-18T15:54:03.648+0000] {processor.py:179} INFO - Processing /opt/airflow/dags/welcome.py took 0.162 seconds
[2023-10-18T15:54:34.458+0000] {processor.py:157} INFO - Started process (PID=80) to work on /opt/airflow/dags/welcome.py
[2023-10-18T15:54:34.459+0000] {processor.py:829} INFO - Processing file /opt/airflow/dags/welcome.py for tasks to queue
[2023-10-18T15:54:34.461+0000] {logging_mixin.py:151} INFO - [2023-10-18T15:54:34.460+0000] {dagbag.py:539} INFO - Filling up the DagBag from /opt/airflow/dags/welcome.py
[2023-10-18T15:54:34.527+0000] {processor.py:839} INFO - DAG(s) dict_keys(['welcome_dag']) retrieved from /opt/airflow/dags/welcome.py
[2023-10-18T15:54:34.562+0000] {logging_mixin.py:151} INFO - [2023-10-18T15:54:34.562+0000] {dag.py:2915} INFO - Sync 1 DAGs
[2023-10-18T15:54:34.591+0000] {logging_mixin.py:151} INFO - [2023-10-18T15:54:34.591+0000] {dag.py:3696} INFO - Setting next_dagrun for welcome_dag to 2023-10-17T22:00:00+00:00, run_after=2023-10-18T22:00:00+00:00
[2023-10-18T15:54:34.691+0000] {processor.py:179} INFO - Processing /opt/airflow/dags/welcome.py took 0.236 seconds
[2023-10-18T15:55:05.454+0000] {processor.py:157} INFO - Started process (PID=81) to work on /opt/airflow/dags/welcome.py
[2023-10-18T15:55:05.455+0000] {processor.py:829} INFO - Processing file /opt/airflow/dags/welcome.py for tasks to queue
[2023-10-18T15:55:05.456+0000] {logging_mixin.py:151} INFO - [2023-10-18T15:55:05.456+0000] {dagbag.py:539} INFO - Filling up the DagBag from /opt/airflow/dags/welcome.py
[2023-10-18T15:55:05.482+0000] {processor.py:839} INFO - DAG(s) dict_keys(['welcome_dag']) retrieved from /opt/airflow/dags/welcome.py
[2023-10-18T15:55:05.512+0000] {logging_mixin.py:151} INFO - [2023-10-18T15:55:05.512+0000] {dag.py:2915} INFO - Sync 1 DAGs
[2023-10-18T15:55:05.538+0000] {logging_mixin.py:151} INFO - [2023-10-18T15:55:05.538+0000] {dag.py:3696} INFO - Setting next_dagrun for welcome_dag to 2023-10-17T22:00:00+00:00, run_after=2023-10-18T22:00:00+00:00
[2023-10-18T15:55:05.621+0000] {processor.py:179} INFO - Processing /opt/airflow/dags/welcome.py took 0.169 seconds
[2023-10-18T15:55:36.251+0000] {processor.py:157} INFO - Started process (PID=82) to work on /opt/airflow/dags/welcome.py
[2023-10-18T15:55:36.252+0000] {processor.py:829} INFO - Processing file /opt/airflow/dags/welcome.py for tasks to queue
[2023-10-18T15:55:36.253+0000] {logging_mixin.py:151} INFO - [2023-10-18T15:55:36.253+0000] {dagbag.py:539} INFO - Filling up the DagBag from /opt/airflow/dags/welcome.py
[2023-10-18T15:55:36.284+0000] {processor.py:839} INFO - DAG(s) dict_keys(['welcome_dag']) retrieved from /opt/airflow/dags/welcome.py
[2023-10-18T15:55:36.321+0000] {logging_mixin.py:151} INFO - [2023-10-18T15:55:36.320+0000] {dag.py:2915} INFO - Sync 1 DAGs
[2023-10-18T15:55:36.348+0000] {logging_mixin.py:151} INFO - [2023-10-18T15:55:36.348+0000] {dag.py:3696} INFO - Setting next_dagrun for welcome_dag to 2023-10-17T22:00:00+00:00, run_after=2023-10-18T22:00:00+00:00
[2023-10-18T15:55:36.471+0000] {processor.py:179} INFO - Processing /opt/airflow/dags/welcome.py took 0.222 seconds
[2023-10-18T15:56:07.064+0000] {processor.py:157} INFO - Started process (PID=83) to work on /opt/airflow/dags/welcome.py
[2023-10-18T15:56:07.065+0000] {processor.py:829} INFO - Processing file /opt/airflow/dags/welcome.py for tasks to queue
[2023-10-18T15:56:07.067+0000] {logging_mixin.py:151} INFO - [2023-10-18T15:56:07.066+0000] {dagbag.py:539} INFO - Filling up the DagBag from /opt/airflow/dags/welcome.py
[2023-10-18T15:56:07.099+0000] {processor.py:839} INFO - DAG(s) dict_keys(['welcome_dag']) retrieved from /opt/airflow/dags/welcome.py
[2023-10-18T15:56:07.134+0000] {logging_mixin.py:151} INFO - [2023-10-18T15:56:07.134+0000] {dag.py:2915} INFO - Sync 1 DAGs
[2023-10-18T15:56:07.162+0000] {logging_mixin.py:151} INFO - [2023-10-18T15:56:07.162+0000] {dag.py:3696} INFO - Setting next_dagrun for welcome_dag to 2023-10-17T22:00:00+00:00, run_after=2023-10-18T22:00:00+00:00
[2023-10-18T15:56:07.225+0000] {processor.py:179} INFO - Processing /opt/airflow/dags/welcome.py took 0.163 seconds
[2023-10-18T15:56:37.841+0000] {processor.py:157} INFO - Started process (PID=84) to work on /opt/airflow/dags/welcome.py
[2023-10-18T15:56:37.842+0000] {processor.py:829} INFO - Processing file /opt/airflow/dags/welcome.py for tasks to queue
[2023-10-18T15:56:37.843+0000] {logging_mixin.py:151} INFO - [2023-10-18T15:56:37.842+0000] {dagbag.py:539} INFO - Filling up the DagBag from /opt/airflow/dags/welcome.py
[2023-10-18T15:56:37.872+0000] {processor.py:839} INFO - DAG(s) dict_keys(['welcome_dag']) retrieved from /opt/airflow/dags/welcome.py
[2023-10-18T15:56:37.905+0000] {logging_mixin.py:151} INFO - [2023-10-18T15:56:37.905+0000] {dag.py:2915} INFO - Sync 1 DAGs
[2023-10-18T15:56:37.933+0000] {logging_mixin.py:151} INFO - [2023-10-18T15:56:37.932+0000] {dag.py:3696} INFO - Setting next_dagrun for welcome_dag to 2023-10-17T22:00:00+00:00, run_after=2023-10-18T22:00:00+00:00
[2023-10-18T15:56:38.095+0000] {processor.py:179} INFO - Processing /opt/airflow/dags/welcome.py took 0.256 seconds
[2023-10-18T15:57:09.068+0000] {processor.py:157} INFO - Started process (PID=115) to work on /opt/airflow/dags/welcome.py
[2023-10-18T15:57:09.069+0000] {processor.py:829} INFO - Processing file /opt/airflow/dags/welcome.py for tasks to queue
[2023-10-18T15:57:09.070+0000] {logging_mixin.py:151} INFO - [2023-10-18T15:57:09.070+0000] {dagbag.py:539} INFO - Filling up the DagBag from /opt/airflow/dags/welcome.py
[2023-10-18T15:57:09.117+0000] {processor.py:839} INFO - DAG(s) dict_keys(['welcome_dag']) retrieved from /opt/airflow/dags/welcome.py
[2023-10-18T15:57:09.152+0000] {logging_mixin.py:151} INFO - [2023-10-18T15:57:09.151+0000] {dag.py:2915} INFO - Sync 1 DAGs
[2023-10-18T15:57:09.257+0000] {logging_mixin.py:151} INFO - [2023-10-18T15:57:09.257+0000] {dag.py:3696} INFO - Setting next_dagrun for welcome_dag to 2023-10-17T22:00:00+00:00, run_after=2023-10-18T22:00:00+00:00
[2023-10-18T15:57:09.332+0000] {processor.py:179} INFO - Processing /opt/airflow/dags/welcome.py took 0.266 seconds
[2023-10-18T15:57:39.941+0000] {processor.py:157} INFO - Started process (PID=116) to work on /opt/airflow/dags/welcome.py
[2023-10-18T15:57:39.942+0000] {processor.py:829} INFO - Processing file /opt/airflow/dags/welcome.py for tasks to queue
[2023-10-18T15:57:39.943+0000] {logging_mixin.py:151} INFO - [2023-10-18T15:57:39.942+0000] {dagbag.py:539} INFO - Filling up the DagBag from /opt/airflow/dags/welcome.py
[2023-10-18T15:57:39.977+0000] {processor.py:839} INFO - DAG(s) dict_keys(['welcome_dag']) retrieved from /opt/airflow/dags/welcome.py
[2023-10-18T15:57:40.015+0000] {logging_mixin.py:151} INFO - [2023-10-18T15:57:40.015+0000] {dag.py:2915} INFO - Sync 1 DAGs
[2023-10-18T15:57:40.121+0000] {logging_mixin.py:151} INFO - [2023-10-18T15:57:40.120+0000] {dag.py:3696} INFO - Setting next_dagrun for welcome_dag to 2023-10-17T22:00:00+00:00, run_after=2023-10-18T22:00:00+00:00
[2023-10-18T15:57:40.189+0000] {processor.py:179} INFO - Processing /opt/airflow/dags/welcome.py took 0.251 seconds
[2023-10-18T15:58:10.748+0000] {processor.py:157} INFO - Started process (PID=117) to work on /opt/airflow/dags/welcome.py
[2023-10-18T15:58:10.749+0000] {processor.py:829} INFO - Processing file /opt/airflow/dags/welcome.py for tasks to queue
[2023-10-18T15:58:10.751+0000] {logging_mixin.py:151} INFO - [2023-10-18T15:58:10.750+0000] {dagbag.py:539} INFO - Filling up the DagBag from /opt/airflow/dags/welcome.py
[2023-10-18T15:58:10.782+0000] {processor.py:839} INFO - DAG(s) dict_keys(['welcome_dag']) retrieved from /opt/airflow/dags/welcome.py
[2023-10-18T15:58:10.819+0000] {logging_mixin.py:151} INFO - [2023-10-18T15:58:10.819+0000] {dag.py:2915} INFO - Sync 1 DAGs
[2023-10-18T15:58:10.926+0000] {logging_mixin.py:151} INFO - [2023-10-18T15:58:10.926+0000] {dag.py:3696} INFO - Setting next_dagrun for welcome_dag to 2023-10-17T22:00:00+00:00, run_after=2023-10-18T22:00:00+00:00
[2023-10-18T15:58:10.998+0000] {processor.py:179} INFO - Processing /opt/airflow/dags/welcome.py took 0.254 seconds
[2023-10-18T15:58:41.731+0000] {processor.py:157} INFO - Started process (PID=118) to work on /opt/airflow/dags/welcome.py
[2023-10-18T15:58:41.732+0000] {processor.py:829} INFO - Processing file /opt/airflow/dags/welcome.py for tasks to queue
[2023-10-18T15:58:41.733+0000] {logging_mixin.py:151} INFO - [2023-10-18T15:58:41.733+0000] {dagbag.py:539} INFO - Filling up the DagBag from /opt/airflow/dags/welcome.py
[2023-10-18T15:58:41.764+0000] {processor.py:839} INFO - DAG(s) dict_keys(['welcome_dag']) retrieved from /opt/airflow/dags/welcome.py
[2023-10-18T15:58:41.799+0000] {logging_mixin.py:151} INFO - [2023-10-18T15:58:41.799+0000] {dag.py:2915} INFO - Sync 1 DAGs
[2023-10-18T15:58:41.898+0000] {logging_mixin.py:151} INFO - [2023-10-18T15:58:41.898+0000] {dag.py:3696} INFO - Setting next_dagrun for welcome_dag to 2023-10-17T22:00:00+00:00, run_after=2023-10-18T22:00:00+00:00
[2023-10-18T15:58:41.992+0000] {processor.py:179} INFO - Processing /opt/airflow/dags/welcome.py took 0.263 seconds
[2023-10-18T15:59:12.379+0000] {processor.py:157} INFO - Started process (PID=119) to work on /opt/airflow/dags/welcome.py
[2023-10-18T15:59:12.380+0000] {processor.py:829} INFO - Processing file /opt/airflow/dags/welcome.py for tasks to queue
[2023-10-18T15:59:12.381+0000] {logging_mixin.py:151} INFO - [2023-10-18T15:59:12.381+0000] {dagbag.py:539} INFO - Filling up the DagBag from /opt/airflow/dags/welcome.py
[2023-10-18T15:59:12.409+0000] {processor.py:839} INFO - DAG(s) dict_keys(['welcome_dag']) retrieved from /opt/airflow/dags/welcome.py
[2023-10-18T15:59:12.511+0000] {logging_mixin.py:151} INFO - [2023-10-18T15:59:12.511+0000] {dag.py:2915} INFO - Sync 1 DAGs
[2023-10-18T15:59:12.538+0000] {logging_mixin.py:151} INFO - [2023-10-18T15:59:12.538+0000] {dag.py:3696} INFO - Setting next_dagrun for welcome_dag to 2023-10-17T22:00:00+00:00, run_after=2023-10-18T22:00:00+00:00
[2023-10-18T15:59:12.599+0000] {processor.py:179} INFO - Processing /opt/airflow/dags/welcome.py took 0.222 seconds
[2023-10-18T15:59:43.221+0000] {processor.py:157} INFO - Started process (PID=120) to work on /opt/airflow/dags/welcome.py
[2023-10-18T15:59:43.222+0000] {processor.py:829} INFO - Processing file /opt/airflow/dags/welcome.py for tasks to queue
[2023-10-18T15:59:43.222+0000] {logging_mixin.py:151} INFO - [2023-10-18T15:59:43.222+0000] {dagbag.py:539} INFO - Filling up the DagBag from /opt/airflow/dags/welcome.py
[2023-10-18T15:59:43.322+0000] {processor.py:839} INFO - DAG(s) dict_keys(['welcome_dag']) retrieved from /opt/airflow/dags/welcome.py
[2023-10-18T15:59:43.359+0000] {logging_mixin.py:151} INFO - [2023-10-18T15:59:43.359+0000] {dag.py:2915} INFO - Sync 1 DAGs
[2023-10-18T15:59:43.386+0000] {logging_mixin.py:151} INFO - [2023-10-18T15:59:43.386+0000] {dag.py:3696} INFO - Setting next_dagrun for welcome_dag to 2023-10-17T22:00:00+00:00, run_after=2023-10-18T22:00:00+00:00
[2023-10-18T15:59:43.468+0000] {processor.py:179} INFO - Processing /opt/airflow/dags/welcome.py took 0.250 seconds
[2023-10-18T16:00:14.224+0000] {processor.py:157} INFO - Started process (PID=121) to work on /opt/airflow/dags/welcome.py
[2023-10-18T16:00:14.225+0000] {processor.py:829} INFO - Processing file /opt/airflow/dags/welcome.py for tasks to queue
[2023-10-18T16:00:14.226+0000] {logging_mixin.py:151} INFO - [2023-10-18T16:00:14.226+0000] {dagbag.py:539} INFO - Filling up the DagBag from /opt/airflow/dags/welcome.py
[2023-10-18T16:00:14.269+0000] {processor.py:839} INFO - DAG(s) dict_keys(['welcome_dag']) retrieved from /opt/airflow/dags/welcome.py
[2023-10-18T16:00:14.307+0000] {logging_mixin.py:151} INFO - [2023-10-18T16:00:14.307+0000] {dag.py:2915} INFO - Sync 1 DAGs
[2023-10-18T16:00:14.334+0000] {logging_mixin.py:151} INFO - [2023-10-18T16:00:14.334+0000] {dag.py:3696} INFO - Setting next_dagrun for welcome_dag to 2023-10-17T22:00:00+00:00, run_after=2023-10-18T22:00:00+00:00
[2023-10-18T16:00:14.405+0000] {processor.py:179} INFO - Processing /opt/airflow/dags/welcome.py took 0.183 seconds
[2023-10-18T16:00:44.989+0000] {processor.py:157} INFO - Started process (PID=122) to work on /opt/airflow/dags/welcome.py
[2023-10-18T16:00:44.990+0000] {processor.py:829} INFO - Processing file /opt/airflow/dags/welcome.py for tasks to queue
[2023-10-18T16:00:44.991+0000] {logging_mixin.py:151} INFO - [2023-10-18T16:00:44.991+0000] {dagbag.py:539} INFO - Filling up the DagBag from /opt/airflow/dags/welcome.py
[2023-10-18T16:00:45.030+0000] {processor.py:839} INFO - DAG(s) dict_keys(['welcome_dag']) retrieved from /opt/airflow/dags/welcome.py
[2023-10-18T16:00:45.062+0000] {logging_mixin.py:151} INFO - [2023-10-18T16:00:45.062+0000] {dag.py:2915} INFO - Sync 1 DAGs
[2023-10-18T16:00:45.092+0000] {logging_mixin.py:151} INFO - [2023-10-18T16:00:45.092+0000] {dag.py:3696} INFO - Setting next_dagrun for welcome_dag to 2023-10-17T22:00:00+00:00, run_after=2023-10-18T22:00:00+00:00
[2023-10-18T16:00:45.181+0000] {processor.py:179} INFO - Processing /opt/airflow/dags/welcome.py took 0.195 seconds
[2023-10-18T16:01:15.686+0000] {processor.py:157} INFO - Started process (PID=123) to work on /opt/airflow/dags/welcome.py
[2023-10-18T16:01:15.687+0000] {processor.py:829} INFO - Processing file /opt/airflow/dags/welcome.py for tasks to queue
[2023-10-18T16:01:15.688+0000] {logging_mixin.py:151} INFO - [2023-10-18T16:01:15.688+0000] {dagbag.py:539} INFO - Filling up the DagBag from /opt/airflow/dags/welcome.py
[2023-10-18T16:01:15.724+0000] {processor.py:839} INFO - DAG(s) dict_keys(['welcome_dag']) retrieved from /opt/airflow/dags/welcome.py
[2023-10-18T16:01:15.755+0000] {logging_mixin.py:151} INFO - [2023-10-18T16:01:15.755+0000] {dag.py:2915} INFO - Sync 1 DAGs
[2023-10-18T16:01:15.788+0000] {logging_mixin.py:151} INFO - [2023-10-18T16:01:15.788+0000] {dag.py:3696} INFO - Setting next_dagrun for welcome_dag to 2023-10-17T22:00:00+00:00, run_after=2023-10-18T22:00:00+00:00
[2023-10-18T16:01:15.865+0000] {processor.py:179} INFO - Processing /opt/airflow/dags/welcome.py took 0.181 seconds
[2023-10-18T16:01:46.635+0000] {processor.py:157} INFO - Started process (PID=124) to work on /opt/airflow/dags/welcome.py
[2023-10-18T16:01:46.635+0000] {processor.py:829} INFO - Processing file /opt/airflow/dags/welcome.py for tasks to queue
[2023-10-18T16:01:46.637+0000] {logging_mixin.py:151} INFO - [2023-10-18T16:01:46.636+0000] {dagbag.py:539} INFO - Filling up the DagBag from /opt/airflow/dags/welcome.py
[2023-10-18T16:01:46.667+0000] {processor.py:839} INFO - DAG(s) dict_keys(['welcome_dag']) retrieved from /opt/airflow/dags/welcome.py
[2023-10-18T16:01:46.708+0000] {logging_mixin.py:151} INFO - [2023-10-18T16:01:46.708+0000] {dag.py:2915} INFO - Sync 1 DAGs
[2023-10-18T16:01:46.747+0000] {logging_mixin.py:151} INFO - [2023-10-18T16:01:46.747+0000] {dag.py:3696} INFO - Setting next_dagrun for welcome_dag to 2023-10-17T22:00:00+00:00, run_after=2023-10-18T22:00:00+00:00
[2023-10-18T16:01:46.813+0000] {processor.py:179} INFO - Processing /opt/airflow/dags/welcome.py took 0.181 seconds
[2023-10-18T16:02:17.435+0000] {processor.py:157} INFO - Started process (PID=125) to work on /opt/airflow/dags/welcome.py
[2023-10-18T16:02:17.436+0000] {processor.py:829} INFO - Processing file /opt/airflow/dags/welcome.py for tasks to queue
[2023-10-18T16:02:17.437+0000] {logging_mixin.py:151} INFO - [2023-10-18T16:02:17.437+0000] {dagbag.py:539} INFO - Filling up the DagBag from /opt/airflow/dags/welcome.py
[2023-10-18T16:02:17.466+0000] {processor.py:839} INFO - DAG(s) dict_keys(['welcome_dag']) retrieved from /opt/airflow/dags/welcome.py
[2023-10-18T16:02:17.499+0000] {logging_mixin.py:151} INFO - [2023-10-18T16:02:17.499+0000] {dag.py:2915} INFO - Sync 1 DAGs
[2023-10-18T16:02:17.524+0000] {logging_mixin.py:151} INFO - [2023-10-18T16:02:17.524+0000] {dag.py:3696} INFO - Setting next_dagrun for welcome_dag to 2023-10-17T22:00:00+00:00, run_after=2023-10-18T22:00:00+00:00
[2023-10-18T16:02:17.589+0000] {processor.py:179} INFO - Processing /opt/airflow/dags/welcome.py took 0.157 seconds
[2023-10-18T16:02:48.308+0000] {processor.py:157} INFO - Started process (PID=126) to work on /opt/airflow/dags/welcome.py
[2023-10-18T16:02:48.310+0000] {processor.py:829} INFO - Processing file /opt/airflow/dags/welcome.py for tasks to queue
[2023-10-18T16:02:48.311+0000] {logging_mixin.py:151} INFO - [2023-10-18T16:02:48.310+0000] {dagbag.py:539} INFO - Filling up the DagBag from /opt/airflow/dags/welcome.py
[2023-10-18T16:02:48.359+0000] {processor.py:839} INFO - DAG(s) dict_keys(['welcome_dag']) retrieved from /opt/airflow/dags/welcome.py
[2023-10-18T16:02:48.395+0000] {logging_mixin.py:151} INFO - [2023-10-18T16:02:48.395+0000] {dag.py:2915} INFO - Sync 1 DAGs
[2023-10-18T16:02:48.424+0000] {logging_mixin.py:151} INFO - [2023-10-18T16:02:48.424+0000] {dag.py:3696} INFO - Setting next_dagrun for welcome_dag to 2023-10-17T22:00:00+00:00, run_after=2023-10-18T22:00:00+00:00
[2023-10-18T16:02:48.490+0000] {processor.py:179} INFO - Processing /opt/airflow/dags/welcome.py took 0.183 seconds
[2023-10-18T16:03:18.923+0000] {processor.py:157} INFO - Started process (PID=127) to work on /opt/airflow/dags/welcome.py
[2023-10-18T16:03:18.925+0000] {processor.py:829} INFO - Processing file /opt/airflow/dags/welcome.py for tasks to queue
[2023-10-18T16:03:18.926+0000] {logging_mixin.py:151} INFO - [2023-10-18T16:03:18.926+0000] {dagbag.py:539} INFO - Filling up the DagBag from /opt/airflow/dags/welcome.py
[2023-10-18T16:03:18.981+0000] {processor.py:839} INFO - DAG(s) dict_keys(['welcome_dag']) retrieved from /opt/airflow/dags/welcome.py
[2023-10-18T16:03:19.015+0000] {logging_mixin.py:151} INFO - [2023-10-18T16:03:19.015+0000] {dag.py:2915} INFO - Sync 1 DAGs
[2023-10-18T16:03:19.042+0000] {logging_mixin.py:151} INFO - [2023-10-18T16:03:19.042+0000] {dag.py:3696} INFO - Setting next_dagrun for welcome_dag to 2023-10-17T22:00:00+00:00, run_after=2023-10-18T22:00:00+00:00
[2023-10-18T16:03:19.130+0000] {processor.py:179} INFO - Processing /opt/airflow/dags/welcome.py took 0.209 seconds
[2023-10-18T16:03:49.661+0000] {processor.py:157} INFO - Started process (PID=128) to work on /opt/airflow/dags/welcome.py
[2023-10-18T16:03:49.662+0000] {processor.py:829} INFO - Processing file /opt/airflow/dags/welcome.py for tasks to queue
[2023-10-18T16:03:49.663+0000] {logging_mixin.py:151} INFO - [2023-10-18T16:03:49.663+0000] {dagbag.py:539} INFO - Filling up the DagBag from /opt/airflow/dags/welcome.py
[2023-10-18T16:03:49.691+0000] {processor.py:839} INFO - DAG(s) dict_keys(['welcome_dag']) retrieved from /opt/airflow/dags/welcome.py
[2023-10-18T16:03:49.728+0000] {logging_mixin.py:151} INFO - [2023-10-18T16:03:49.728+0000] {dag.py:2915} INFO - Sync 1 DAGs
[2023-10-18T16:03:49.757+0000] {logging_mixin.py:151} INFO - [2023-10-18T16:03:49.757+0000] {dag.py:3696} INFO - Setting next_dagrun for welcome_dag to 2023-10-17T22:00:00+00:00, run_after=2023-10-18T22:00:00+00:00
[2023-10-18T16:03:49.839+0000] {processor.py:179} INFO - Processing /opt/airflow/dags/welcome.py took 0.180 seconds
[2023-10-18T16:04:20.230+0000] {processor.py:157} INFO - Started process (PID=129) to work on /opt/airflow/dags/welcome.py
[2023-10-18T16:04:20.231+0000] {processor.py:829} INFO - Processing file /opt/airflow/dags/welcome.py for tasks to queue
[2023-10-18T16:04:20.232+0000] {logging_mixin.py:151} INFO - [2023-10-18T16:04:20.232+0000] {dagbag.py:539} INFO - Filling up the DagBag from /opt/airflow/dags/welcome.py
[2023-10-18T16:04:20.260+0000] {processor.py:839} INFO - DAG(s) dict_keys(['welcome_dag']) retrieved from /opt/airflow/dags/welcome.py
[2023-10-18T16:04:20.294+0000] {logging_mixin.py:151} INFO - [2023-10-18T16:04:20.294+0000] {dag.py:2915} INFO - Sync 1 DAGs
[2023-10-18T16:04:20.327+0000] {logging_mixin.py:151} INFO - [2023-10-18T16:04:20.327+0000] {dag.py:3696} INFO - Setting next_dagrun for welcome_dag to 2023-10-17T22:00:00+00:00, run_after=2023-10-18T22:00:00+00:00
[2023-10-18T16:04:20.409+0000] {processor.py:179} INFO - Processing /opt/airflow/dags/welcome.py took 0.180 seconds
[2023-10-18T16:04:50.532+0000] {processor.py:157} INFO - Started process (PID=130) to work on /opt/airflow/dags/welcome.py
[2023-10-18T16:04:50.534+0000] {processor.py:829} INFO - Processing file /opt/airflow/dags/welcome.py for tasks to queue
[2023-10-18T16:04:50.535+0000] {logging_mixin.py:151} INFO - [2023-10-18T16:04:50.534+0000] {dagbag.py:539} INFO - Filling up the DagBag from /opt/airflow/dags/welcome.py
[2023-10-18T16:04:50.564+0000] {processor.py:839} INFO - DAG(s) dict_keys(['welcome_dag']) retrieved from /opt/airflow/dags/welcome.py
[2023-10-18T16:04:50.599+0000] {logging_mixin.py:151} INFO - [2023-10-18T16:04:50.599+0000] {dag.py:2915} INFO - Sync 1 DAGs
[2023-10-18T16:04:50.626+0000] {logging_mixin.py:151} INFO - [2023-10-18T16:04:50.626+0000] {dag.py:3696} INFO - Setting next_dagrun for welcome_dag to 2023-10-17T22:00:00+00:00, run_after=2023-10-18T22:00:00+00:00
[2023-10-18T16:04:50.686+0000] {processor.py:179} INFO - Processing /opt/airflow/dags/welcome.py took 0.156 seconds
[2023-10-18T16:05:21.146+0000] {processor.py:157} INFO - Started process (PID=131) to work on /opt/airflow/dags/welcome.py
[2023-10-18T16:05:21.147+0000] {processor.py:829} INFO - Processing file /opt/airflow/dags/welcome.py for tasks to queue
[2023-10-18T16:05:21.148+0000] {logging_mixin.py:151} INFO - [2023-10-18T16:05:21.148+0000] {dagbag.py:539} INFO - Filling up the DagBag from /opt/airflow/dags/welcome.py
[2023-10-18T16:05:21.180+0000] {processor.py:839} INFO - DAG(s) dict_keys(['welcome_dag']) retrieved from /opt/airflow/dags/welcome.py
[2023-10-18T16:05:21.216+0000] {logging_mixin.py:151} INFO - [2023-10-18T16:05:21.215+0000] {dag.py:2915} INFO - Sync 1 DAGs
[2023-10-18T16:05:21.239+0000] {logging_mixin.py:151} INFO - [2023-10-18T16:05:21.239+0000] {dag.py:3696} INFO - Setting next_dagrun for welcome_dag to 2023-10-17T22:00:00+00:00, run_after=2023-10-18T22:00:00+00:00
[2023-10-18T16:05:21.312+0000] {processor.py:179} INFO - Processing /opt/airflow/dags/welcome.py took 0.169 seconds
[2023-10-18T16:05:51.764+0000] {processor.py:157} INFO - Started process (PID=132) to work on /opt/airflow/dags/welcome.py
[2023-10-18T16:05:51.766+0000] {processor.py:829} INFO - Processing file /opt/airflow/dags/welcome.py for tasks to queue
[2023-10-18T16:05:51.767+0000] {logging_mixin.py:151} INFO - [2023-10-18T16:05:51.766+0000] {dagbag.py:539} INFO - Filling up the DagBag from /opt/airflow/dags/welcome.py
[2023-10-18T16:05:51.800+0000] {processor.py:839} INFO - DAG(s) dict_keys(['welcome_dag']) retrieved from /opt/airflow/dags/welcome.py
[2023-10-18T16:05:51.832+0000] {logging_mixin.py:151} INFO - [2023-10-18T16:05:51.832+0000] {dag.py:2915} INFO - Sync 1 DAGs
[2023-10-18T16:05:51.860+0000] {logging_mixin.py:151} INFO - [2023-10-18T16:05:51.859+0000] {dag.py:3696} INFO - Setting next_dagrun for welcome_dag to 2023-10-17T22:00:00+00:00, run_after=2023-10-18T22:00:00+00:00
[2023-10-18T16:05:51.934+0000] {processor.py:179} INFO - Processing /opt/airflow/dags/welcome.py took 0.172 seconds
[2023-10-18T16:06:22.303+0000] {processor.py:157} INFO - Started process (PID=133) to work on /opt/airflow/dags/welcome.py
[2023-10-18T16:06:22.304+0000] {processor.py:829} INFO - Processing file /opt/airflow/dags/welcome.py for tasks to queue
[2023-10-18T16:06:22.305+0000] {logging_mixin.py:151} INFO - [2023-10-18T16:06:22.305+0000] {dagbag.py:539} INFO - Filling up the DagBag from /opt/airflow/dags/welcome.py
[2023-10-18T16:06:22.351+0000] {processor.py:839} INFO - DAG(s) dict_keys(['welcome_dag']) retrieved from /opt/airflow/dags/welcome.py
[2023-10-18T16:06:22.383+0000] {logging_mixin.py:151} INFO - [2023-10-18T16:06:22.383+0000] {dag.py:2915} INFO - Sync 1 DAGs
[2023-10-18T16:06:22.417+0000] {logging_mixin.py:151} INFO - [2023-10-18T16:06:22.417+0000] {dag.py:3696} INFO - Setting next_dagrun for welcome_dag to 2023-10-17T22:00:00+00:00, run_after=2023-10-18T22:00:00+00:00
[2023-10-18T16:06:22.492+0000] {processor.py:179} INFO - Processing /opt/airflow/dags/welcome.py took 0.192 seconds
[2023-10-18T16:06:52.879+0000] {processor.py:157} INFO - Started process (PID=134) to work on /opt/airflow/dags/welcome.py
[2023-10-18T16:06:52.881+0000] {processor.py:829} INFO - Processing file /opt/airflow/dags/welcome.py for tasks to queue
[2023-10-18T16:06:52.882+0000] {logging_mixin.py:151} INFO - [2023-10-18T16:06:52.881+0000] {dagbag.py:539} INFO - Filling up the DagBag from /opt/airflow/dags/welcome.py
[2023-10-18T16:06:52.913+0000] {processor.py:839} INFO - DAG(s) dict_keys(['welcome_dag']) retrieved from /opt/airflow/dags/welcome.py
[2023-10-18T16:06:52.943+0000] {logging_mixin.py:151} INFO - [2023-10-18T16:06:52.942+0000] {dag.py:2915} INFO - Sync 1 DAGs
[2023-10-18T16:06:52.976+0000] {logging_mixin.py:151} INFO - [2023-10-18T16:06:52.976+0000] {dag.py:3696} INFO - Setting next_dagrun for welcome_dag to 2023-10-17T22:00:00+00:00, run_after=2023-10-18T22:00:00+00:00
[2023-10-18T16:06:53.081+0000] {processor.py:179} INFO - Processing /opt/airflow/dags/welcome.py took 0.204 seconds
[2023-10-18T16:07:23.500+0000] {processor.py:157} INFO - Started process (PID=135) to work on /opt/airflow/dags/welcome.py
[2023-10-18T16:07:23.501+0000] {processor.py:829} INFO - Processing file /opt/airflow/dags/welcome.py for tasks to queue
[2023-10-18T16:07:23.502+0000] {logging_mixin.py:151} INFO - [2023-10-18T16:07:23.501+0000] {dagbag.py:539} INFO - Filling up the DagBag from /opt/airflow/dags/welcome.py
[2023-10-18T16:07:23.533+0000] {processor.py:839} INFO - DAG(s) dict_keys(['welcome_dag']) retrieved from /opt/airflow/dags/welcome.py
[2023-10-18T16:07:23.572+0000] {logging_mixin.py:151} INFO - [2023-10-18T16:07:23.571+0000] {dag.py:2915} INFO - Sync 1 DAGs
[2023-10-18T16:07:23.602+0000] {logging_mixin.py:151} INFO - [2023-10-18T16:07:23.602+0000] {dag.py:3696} INFO - Setting next_dagrun for welcome_dag to 2023-10-17T22:00:00+00:00, run_after=2023-10-18T22:00:00+00:00
[2023-10-18T16:07:23.701+0000] {processor.py:179} INFO - Processing /opt/airflow/dags/welcome.py took 0.203 seconds
[2023-10-18T16:07:54.069+0000] {processor.py:157} INFO - Started process (PID=136) to work on /opt/airflow/dags/welcome.py
[2023-10-18T16:07:54.070+0000] {processor.py:829} INFO - Processing file /opt/airflow/dags/welcome.py for tasks to queue
[2023-10-18T16:07:54.071+0000] {logging_mixin.py:151} INFO - [2023-10-18T16:07:54.070+0000] {dagbag.py:539} INFO - Filling up the DagBag from /opt/airflow/dags/welcome.py
[2023-10-18T16:07:54.103+0000] {processor.py:839} INFO - DAG(s) dict_keys(['welcome_dag']) retrieved from /opt/airflow/dags/welcome.py
[2023-10-18T16:07:54.145+0000] {logging_mixin.py:151} INFO - [2023-10-18T16:07:54.145+0000] {dag.py:2915} INFO - Sync 1 DAGs
[2023-10-18T16:07:54.177+0000] {logging_mixin.py:151} INFO - [2023-10-18T16:07:54.177+0000] {dag.py:3696} INFO - Setting next_dagrun for welcome_dag to 2023-10-17T22:00:00+00:00, run_after=2023-10-18T22:00:00+00:00
[2023-10-18T16:07:54.273+0000] {processor.py:179} INFO - Processing /opt/airflow/dags/welcome.py took 0.207 seconds
[2023-10-18T16:08:24.618+0000] {processor.py:157} INFO - Started process (PID=137) to work on /opt/airflow/dags/welcome.py
[2023-10-18T16:08:24.619+0000] {processor.py:829} INFO - Processing file /opt/airflow/dags/welcome.py for tasks to queue
[2023-10-18T16:08:24.620+0000] {logging_mixin.py:151} INFO - [2023-10-18T16:08:24.620+0000] {dagbag.py:539} INFO - Filling up the DagBag from /opt/airflow/dags/welcome.py
[2023-10-18T16:08:24.651+0000] {processor.py:839} INFO - DAG(s) dict_keys(['welcome_dag']) retrieved from /opt/airflow/dags/welcome.py
[2023-10-18T16:08:24.683+0000] {logging_mixin.py:151} INFO - [2023-10-18T16:08:24.683+0000] {dag.py:2915} INFO - Sync 1 DAGs
[2023-10-18T16:08:24.712+0000] {logging_mixin.py:151} INFO - [2023-10-18T16:08:24.712+0000] {dag.py:3696} INFO - Setting next_dagrun for welcome_dag to 2023-10-17T22:00:00+00:00, run_after=2023-10-18T22:00:00+00:00
[2023-10-18T16:08:24.785+0000] {processor.py:179} INFO - Processing /opt/airflow/dags/welcome.py took 0.170 seconds
[2023-10-18T16:08:55.057+0000] {processor.py:157} INFO - Started process (PID=138) to work on /opt/airflow/dags/welcome.py
[2023-10-18T16:08:55.058+0000] {processor.py:829} INFO - Processing file /opt/airflow/dags/welcome.py for tasks to queue
[2023-10-18T16:08:55.059+0000] {logging_mixin.py:151} INFO - [2023-10-18T16:08:55.059+0000] {dagbag.py:539} INFO - Filling up the DagBag from /opt/airflow/dags/welcome.py
[2023-10-18T16:08:55.093+0000] {processor.py:839} INFO - DAG(s) dict_keys(['welcome_dag']) retrieved from /opt/airflow/dags/welcome.py
[2023-10-18T16:08:55.129+0000] {logging_mixin.py:151} INFO - [2023-10-18T16:08:55.129+0000] {dag.py:2915} INFO - Sync 1 DAGs
[2023-10-18T16:08:55.162+0000] {logging_mixin.py:151} INFO - [2023-10-18T16:08:55.162+0000] {dag.py:3696} INFO - Setting next_dagrun for welcome_dag to 2023-10-17T22:00:00+00:00, run_after=2023-10-18T22:00:00+00:00
[2023-10-18T16:08:55.234+0000] {processor.py:179} INFO - Processing /opt/airflow/dags/welcome.py took 0.179 seconds
[2023-10-18T16:09:25.499+0000] {processor.py:157} INFO - Started process (PID=139) to work on /opt/airflow/dags/welcome.py
[2023-10-18T16:09:25.500+0000] {processor.py:829} INFO - Processing file /opt/airflow/dags/welcome.py for tasks to queue
[2023-10-18T16:09:25.502+0000] {logging_mixin.py:151} INFO - [2023-10-18T16:09:25.501+0000] {dagbag.py:539} INFO - Filling up the DagBag from /opt/airflow/dags/welcome.py
[2023-10-18T16:09:25.538+0000] {processor.py:839} INFO - DAG(s) dict_keys(['welcome_dag']) retrieved from /opt/airflow/dags/welcome.py
[2023-10-18T16:09:25.577+0000] {logging_mixin.py:151} INFO - [2023-10-18T16:09:25.576+0000] {dag.py:2915} INFO - Sync 1 DAGs
[2023-10-18T16:09:25.615+0000] {logging_mixin.py:151} INFO - [2023-10-18T16:09:25.615+0000] {dag.py:3696} INFO - Setting next_dagrun for welcome_dag to 2023-10-17T22:00:00+00:00, run_after=2023-10-18T22:00:00+00:00
[2023-10-18T16:09:25.695+0000] {processor.py:179} INFO - Processing /opt/airflow/dags/welcome.py took 0.198 seconds
[2023-10-18T16:09:56.081+0000] {processor.py:157} INFO - Started process (PID=140) to work on /opt/airflow/dags/welcome.py
[2023-10-18T16:09:56.082+0000] {processor.py:829} INFO - Processing file /opt/airflow/dags/welcome.py for tasks to queue
[2023-10-18T16:09:56.083+0000] {logging_mixin.py:151} INFO - [2023-10-18T16:09:56.083+0000] {dagbag.py:539} INFO - Filling up the DagBag from /opt/airflow/dags/welcome.py
[2023-10-18T16:09:56.139+0000] {processor.py:839} INFO - DAG(s) dict_keys(['welcome_dag']) retrieved from /opt/airflow/dags/welcome.py
[2023-10-18T16:09:56.179+0000] {logging_mixin.py:151} INFO - [2023-10-18T16:09:56.178+0000] {dag.py:2915} INFO - Sync 1 DAGs
[2023-10-18T16:09:56.202+0000] {logging_mixin.py:151} INFO - [2023-10-18T16:09:56.202+0000] {dag.py:3696} INFO - Setting next_dagrun for welcome_dag to 2023-10-17T22:00:00+00:00, run_after=2023-10-18T22:00:00+00:00
[2023-10-18T16:09:56.261+0000] {processor.py:179} INFO - Processing /opt/airflow/dags/welcome.py took 0.182 seconds
[2023-10-18T16:10:26.572+0000] {processor.py:157} INFO - Started process (PID=141) to work on /opt/airflow/dags/welcome.py
[2023-10-18T16:10:26.573+0000] {processor.py:829} INFO - Processing file /opt/airflow/dags/welcome.py for tasks to queue
[2023-10-18T16:10:26.574+0000] {logging_mixin.py:151} INFO - [2023-10-18T16:10:26.574+0000] {dagbag.py:539} INFO - Filling up the DagBag from /opt/airflow/dags/welcome.py
[2023-10-18T16:10:26.605+0000] {processor.py:839} INFO - DAG(s) dict_keys(['welcome_dag']) retrieved from /opt/airflow/dags/welcome.py
[2023-10-18T16:10:26.634+0000] {logging_mixin.py:151} INFO - [2023-10-18T16:10:26.634+0000] {dag.py:2915} INFO - Sync 1 DAGs
[2023-10-18T16:10:26.661+0000] {logging_mixin.py:151} INFO - [2023-10-18T16:10:26.660+0000] {dag.py:3696} INFO - Setting next_dagrun for welcome_dag to 2023-10-17T22:00:00+00:00, run_after=2023-10-18T22:00:00+00:00
[2023-10-18T16:10:26.724+0000] {processor.py:179} INFO - Processing /opt/airflow/dags/welcome.py took 0.154 seconds
[2023-10-18T16:10:57.062+0000] {processor.py:157} INFO - Started process (PID=142) to work on /opt/airflow/dags/welcome.py
[2023-10-18T16:10:57.064+0000] {processor.py:829} INFO - Processing file /opt/airflow/dags/welcome.py for tasks to queue
[2023-10-18T16:10:57.065+0000] {logging_mixin.py:151} INFO - [2023-10-18T16:10:57.065+0000] {dagbag.py:539} INFO - Filling up the DagBag from /opt/airflow/dags/welcome.py
[2023-10-18T16:10:57.098+0000] {processor.py:839} INFO - DAG(s) dict_keys(['welcome_dag']) retrieved from /opt/airflow/dags/welcome.py
[2023-10-18T16:10:57.132+0000] {logging_mixin.py:151} INFO - [2023-10-18T16:10:57.131+0000] {dag.py:2915} INFO - Sync 1 DAGs
[2023-10-18T16:10:57.159+0000] {logging_mixin.py:151} INFO - [2023-10-18T16:10:57.159+0000] {dag.py:3696} INFO - Setting next_dagrun for welcome_dag to 2023-10-17T22:00:00+00:00, run_after=2023-10-18T22:00:00+00:00
[2023-10-18T16:10:57.225+0000] {processor.py:179} INFO - Processing /opt/airflow/dags/welcome.py took 0.165 seconds
[2023-10-18T16:11:27.510+0000] {processor.py:157} INFO - Started process (PID=143) to work on /opt/airflow/dags/welcome.py
[2023-10-18T16:11:27.511+0000] {processor.py:829} INFO - Processing file /opt/airflow/dags/welcome.py for tasks to queue
[2023-10-18T16:11:27.512+0000] {logging_mixin.py:151} INFO - [2023-10-18T16:11:27.512+0000] {dagbag.py:539} INFO - Filling up the DagBag from /opt/airflow/dags/welcome.py
[2023-10-18T16:11:27.549+0000] {processor.py:839} INFO - DAG(s) dict_keys(['welcome_dag']) retrieved from /opt/airflow/dags/welcome.py
[2023-10-18T16:11:27.586+0000] {logging_mixin.py:151} INFO - [2023-10-18T16:11:27.585+0000] {dag.py:2915} INFO - Sync 1 DAGs
[2023-10-18T16:11:27.614+0000] {logging_mixin.py:151} INFO - [2023-10-18T16:11:27.614+0000] {dag.py:3696} INFO - Setting next_dagrun for welcome_dag to 2023-10-17T22:00:00+00:00, run_after=2023-10-18T22:00:00+00:00
[2023-10-18T16:11:27.677+0000] {processor.py:179} INFO - Processing /opt/airflow/dags/welcome.py took 0.169 seconds
[2023-10-18T16:11:57.966+0000] {processor.py:157} INFO - Started process (PID=144) to work on /opt/airflow/dags/welcome.py
[2023-10-18T16:11:57.967+0000] {processor.py:829} INFO - Processing file /opt/airflow/dags/welcome.py for tasks to queue
[2023-10-18T16:11:57.968+0000] {logging_mixin.py:151} INFO - [2023-10-18T16:11:57.968+0000] {dagbag.py:539} INFO - Filling up the DagBag from /opt/airflow/dags/welcome.py
[2023-10-18T16:11:58.003+0000] {processor.py:839} INFO - DAG(s) dict_keys(['welcome_dag']) retrieved from /opt/airflow/dags/welcome.py
[2023-10-18T16:11:58.037+0000] {logging_mixin.py:151} INFO - [2023-10-18T16:11:58.036+0000] {dag.py:2915} INFO - Sync 1 DAGs
[2023-10-18T16:11:58.064+0000] {logging_mixin.py:151} INFO - [2023-10-18T16:11:58.064+0000] {dag.py:3696} INFO - Setting next_dagrun for welcome_dag to 2023-10-17T22:00:00+00:00, run_after=2023-10-18T22:00:00+00:00
[2023-10-18T16:11:58.128+0000] {processor.py:179} INFO - Processing /opt/airflow/dags/welcome.py took 0.164 seconds
[2023-10-18T16:12:28.437+0000] {processor.py:157} INFO - Started process (PID=145) to work on /opt/airflow/dags/welcome.py
[2023-10-18T16:12:28.438+0000] {processor.py:829} INFO - Processing file /opt/airflow/dags/welcome.py for tasks to queue
[2023-10-18T16:12:28.440+0000] {logging_mixin.py:151} INFO - [2023-10-18T16:12:28.439+0000] {dagbag.py:539} INFO - Filling up the DagBag from /opt/airflow/dags/welcome.py
[2023-10-18T16:12:28.470+0000] {processor.py:839} INFO - DAG(s) dict_keys(['welcome_dag']) retrieved from /opt/airflow/dags/welcome.py
[2023-10-18T16:12:28.504+0000] {logging_mixin.py:151} INFO - [2023-10-18T16:12:28.504+0000] {dag.py:2915} INFO - Sync 1 DAGs
[2023-10-18T16:12:28.529+0000] {logging_mixin.py:151} INFO - [2023-10-18T16:12:28.529+0000] {dag.py:3696} INFO - Setting next_dagrun for welcome_dag to 2023-10-17T22:00:00+00:00, run_after=2023-10-18T22:00:00+00:00
[2023-10-18T16:12:28.598+0000] {processor.py:179} INFO - Processing /opt/airflow/dags/welcome.py took 0.164 seconds
[2023-10-18T16:12:58.899+0000] {processor.py:157} INFO - Started process (PID=146) to work on /opt/airflow/dags/welcome.py
[2023-10-18T16:12:58.900+0000] {processor.py:829} INFO - Processing file /opt/airflow/dags/welcome.py for tasks to queue
[2023-10-18T16:12:58.901+0000] {logging_mixin.py:151} INFO - [2023-10-18T16:12:58.901+0000] {dagbag.py:539} INFO - Filling up the DagBag from /opt/airflow/dags/welcome.py
[2023-10-18T16:12:58.935+0000] {processor.py:839} INFO - DAG(s) dict_keys(['welcome_dag']) retrieved from /opt/airflow/dags/welcome.py
[2023-10-18T16:12:58.968+0000] {logging_mixin.py:151} INFO - [2023-10-18T16:12:58.968+0000] {dag.py:2915} INFO - Sync 1 DAGs
[2023-10-18T16:12:58.998+0000] {logging_mixin.py:151} INFO - [2023-10-18T16:12:58.998+0000] {dag.py:3696} INFO - Setting next_dagrun for welcome_dag to 2023-10-17T22:00:00+00:00, run_after=2023-10-18T22:00:00+00:00
[2023-10-18T16:12:59.068+0000] {processor.py:179} INFO - Processing /opt/airflow/dags/welcome.py took 0.171 seconds
[2023-10-18T16:13:29.354+0000] {processor.py:157} INFO - Started process (PID=147) to work on /opt/airflow/dags/welcome.py
[2023-10-18T16:13:29.355+0000] {processor.py:829} INFO - Processing file /opt/airflow/dags/welcome.py for tasks to queue
[2023-10-18T16:13:29.356+0000] {logging_mixin.py:151} INFO - [2023-10-18T16:13:29.356+0000] {dagbag.py:539} INFO - Filling up the DagBag from /opt/airflow/dags/welcome.py
[2023-10-18T16:13:29.393+0000] {processor.py:839} INFO - DAG(s) dict_keys(['welcome_dag']) retrieved from /opt/airflow/dags/welcome.py
[2023-10-18T16:13:29.428+0000] {logging_mixin.py:151} INFO - [2023-10-18T16:13:29.428+0000] {dag.py:2915} INFO - Sync 1 DAGs
[2023-10-18T16:13:29.458+0000] {logging_mixin.py:151} INFO - [2023-10-18T16:13:29.458+0000] {dag.py:3696} INFO - Setting next_dagrun for welcome_dag to 2023-10-17T22:00:00+00:00, run_after=2023-10-18T22:00:00+00:00
[2023-10-18T16:13:29.524+0000] {processor.py:179} INFO - Processing /opt/airflow/dags/welcome.py took 0.172 seconds
[2023-10-18T16:13:59.761+0000] {processor.py:157} INFO - Started process (PID=148) to work on /opt/airflow/dags/welcome.py
[2023-10-18T16:13:59.762+0000] {processor.py:829} INFO - Processing file /opt/airflow/dags/welcome.py for tasks to queue
[2023-10-18T16:13:59.763+0000] {logging_mixin.py:151} INFO - [2023-10-18T16:13:59.763+0000] {dagbag.py:539} INFO - Filling up the DagBag from /opt/airflow/dags/welcome.py
[2023-10-18T16:13:59.800+0000] {processor.py:839} INFO - DAG(s) dict_keys(['welcome_dag']) retrieved from /opt/airflow/dags/welcome.py
[2023-10-18T16:13:59.834+0000] {logging_mixin.py:151} INFO - [2023-10-18T16:13:59.833+0000] {dag.py:2915} INFO - Sync 1 DAGs
[2023-10-18T16:13:59.866+0000] {logging_mixin.py:151} INFO - [2023-10-18T16:13:59.866+0000] {dag.py:3696} INFO - Setting next_dagrun for welcome_dag to 2023-10-17T22:00:00+00:00, run_after=2023-10-18T22:00:00+00:00
[2023-10-18T16:13:59.937+0000] {processor.py:179} INFO - Processing /opt/airflow/dags/welcome.py took 0.179 seconds
[2023-10-18T16:14:30.202+0000] {processor.py:157} INFO - Started process (PID=149) to work on /opt/airflow/dags/welcome.py
[2023-10-18T16:14:30.204+0000] {processor.py:829} INFO - Processing file /opt/airflow/dags/welcome.py for tasks to queue
[2023-10-18T16:14:30.206+0000] {logging_mixin.py:151} INFO - [2023-10-18T16:14:30.205+0000] {dagbag.py:539} INFO - Filling up the DagBag from /opt/airflow/dags/welcome.py
[2023-10-18T16:14:30.239+0000] {processor.py:839} INFO - DAG(s) dict_keys(['welcome_dag']) retrieved from /opt/airflow/dags/welcome.py
[2023-10-18T16:14:30.274+0000] {logging_mixin.py:151} INFO - [2023-10-18T16:14:30.274+0000] {dag.py:2915} INFO - Sync 1 DAGs
[2023-10-18T16:14:30.304+0000] {logging_mixin.py:151} INFO - [2023-10-18T16:14:30.304+0000] {dag.py:3696} INFO - Setting next_dagrun for welcome_dag to 2023-10-17T22:00:00+00:00, run_after=2023-10-18T22:00:00+00:00
[2023-10-18T16:14:30.377+0000] {processor.py:179} INFO - Processing /opt/airflow/dags/welcome.py took 0.178 seconds
[2023-10-18T16:15:00.626+0000] {processor.py:157} INFO - Started process (PID=152) to work on /opt/airflow/dags/welcome.py
[2023-10-18T16:15:00.627+0000] {processor.py:829} INFO - Processing file /opt/airflow/dags/welcome.py for tasks to queue
[2023-10-18T16:15:00.629+0000] {logging_mixin.py:151} INFO - [2023-10-18T16:15:00.628+0000] {dagbag.py:539} INFO - Filling up the DagBag from /opt/airflow/dags/welcome.py
[2023-10-18T16:15:00.663+0000] {processor.py:839} INFO - DAG(s) dict_keys(['welcome_dag']) retrieved from /opt/airflow/dags/welcome.py
[2023-10-18T16:15:00.692+0000] {logging_mixin.py:151} INFO - [2023-10-18T16:15:00.692+0000] {dag.py:2915} INFO - Sync 1 DAGs
[2023-10-18T16:15:00.720+0000] {logging_mixin.py:151} INFO - [2023-10-18T16:15:00.720+0000] {dag.py:3696} INFO - Setting next_dagrun for welcome_dag to 2023-10-17T22:00:00+00:00, run_after=2023-10-18T22:00:00+00:00
[2023-10-18T16:15:00.820+0000] {processor.py:179} INFO - Processing /opt/airflow/dags/welcome.py took 0.197 seconds
[2023-10-18T16:15:31.282+0000] {processor.py:157} INFO - Started process (PID=155) to work on /opt/airflow/dags/welcome.py
[2023-10-18T16:15:31.283+0000] {processor.py:829} INFO - Processing file /opt/airflow/dags/welcome.py for tasks to queue
[2023-10-18T16:15:31.285+0000] {logging_mixin.py:151} INFO - [2023-10-18T16:15:31.284+0000] {dagbag.py:539} INFO - Filling up the DagBag from /opt/airflow/dags/welcome.py
[2023-10-18T16:15:31.314+0000] {processor.py:839} INFO - DAG(s) dict_keys(['welcome_dag']) retrieved from /opt/airflow/dags/welcome.py
[2023-10-18T16:15:31.348+0000] {logging_mixin.py:151} INFO - [2023-10-18T16:15:31.348+0000] {dag.py:2915} INFO - Sync 1 DAGs
[2023-10-18T16:15:31.378+0000] {logging_mixin.py:151} INFO - [2023-10-18T16:15:31.378+0000] {dag.py:3696} INFO - Setting next_dagrun for welcome_dag to 2023-10-17T22:00:00+00:00, run_after=2023-10-18T22:00:00+00:00
[2023-10-18T16:15:31.465+0000] {processor.py:179} INFO - Processing /opt/airflow/dags/welcome.py took 0.185 seconds
[2023-10-18T16:16:01.882+0000] {processor.py:157} INFO - Started process (PID=158) to work on /opt/airflow/dags/welcome.py
[2023-10-18T16:16:01.883+0000] {processor.py:829} INFO - Processing file /opt/airflow/dags/welcome.py for tasks to queue
[2023-10-18T16:16:01.884+0000] {logging_mixin.py:151} INFO - [2023-10-18T16:16:01.884+0000] {dagbag.py:539} INFO - Filling up the DagBag from /opt/airflow/dags/welcome.py
[2023-10-18T16:16:01.916+0000] {processor.py:839} INFO - DAG(s) dict_keys(['welcome_dag']) retrieved from /opt/airflow/dags/welcome.py
[2023-10-18T16:16:01.949+0000] {logging_mixin.py:151} INFO - [2023-10-18T16:16:01.948+0000] {dag.py:2915} INFO - Sync 1 DAGs
[2023-10-18T16:16:01.976+0000] {logging_mixin.py:151} INFO - [2023-10-18T16:16:01.976+0000] {dag.py:3696} INFO - Setting next_dagrun for welcome_dag to 2023-10-17T22:00:00+00:00, run_after=2023-10-18T22:00:00+00:00
[2023-10-18T16:16:02.044+0000] {processor.py:179} INFO - Processing /opt/airflow/dags/welcome.py took 0.165 seconds
[2023-10-18T16:16:33.975+0000] {processor.py:157} INFO - Started process (PID=161) to work on /opt/airflow/dags/welcome.py
[2023-10-18T16:16:33.977+0000] {processor.py:829} INFO - Processing file /opt/airflow/dags/welcome.py for tasks to queue
[2023-10-18T16:16:33.978+0000] {logging_mixin.py:151} INFO - [2023-10-18T16:16:33.978+0000] {dagbag.py:539} INFO - Filling up the DagBag from /opt/airflow/dags/welcome.py
[2023-10-18T16:16:34.014+0000] {processor.py:839} INFO - DAG(s) dict_keys(['welcome_dag']) retrieved from /opt/airflow/dags/welcome.py
[2023-10-18T16:16:34.049+0000] {logging_mixin.py:151} INFO - [2023-10-18T16:16:34.048+0000] {dag.py:2915} INFO - Sync 1 DAGs
[2023-10-18T16:16:34.078+0000] {logging_mixin.py:151} INFO - [2023-10-18T16:16:34.078+0000] {dag.py:3696} INFO - Setting next_dagrun for welcome_dag to 2023-10-17T22:00:00+00:00, run_after=2023-10-18T22:00:00+00:00
[2023-10-18T16:16:34.159+0000] {processor.py:179} INFO - Processing /opt/airflow/dags/welcome.py took 0.186 seconds
[2023-10-18T16:17:04.622+0000] {processor.py:157} INFO - Started process (PID=164) to work on /opt/airflow/dags/welcome.py
[2023-10-18T16:17:04.624+0000] {processor.py:829} INFO - Processing file /opt/airflow/dags/welcome.py for tasks to queue
[2023-10-18T16:17:04.625+0000] {logging_mixin.py:151} INFO - [2023-10-18T16:17:04.625+0000] {dagbag.py:539} INFO - Filling up the DagBag from /opt/airflow/dags/welcome.py
[2023-10-18T16:17:04.655+0000] {processor.py:839} INFO - DAG(s) dict_keys(['welcome_dag']) retrieved from /opt/airflow/dags/welcome.py
[2023-10-18T16:17:04.687+0000] {logging_mixin.py:151} INFO - [2023-10-18T16:17:04.687+0000] {dag.py:2915} INFO - Sync 1 DAGs
[2023-10-18T16:17:04.715+0000] {logging_mixin.py:151} INFO - [2023-10-18T16:17:04.714+0000] {dag.py:3696} INFO - Setting next_dagrun for welcome_dag to 2023-10-17T22:00:00+00:00, run_after=2023-10-18T22:00:00+00:00
[2023-10-18T16:17:04.805+0000] {processor.py:179} INFO - Processing /opt/airflow/dags/welcome.py took 0.185 seconds
[2023-10-18T16:17:35.519+0000] {processor.py:157} INFO - Started process (PID=167) to work on /opt/airflow/dags/welcome.py
[2023-10-18T16:17:35.520+0000] {processor.py:829} INFO - Processing file /opt/airflow/dags/welcome.py for tasks to queue
[2023-10-18T16:17:35.521+0000] {logging_mixin.py:151} INFO - [2023-10-18T16:17:35.520+0000] {dagbag.py:539} INFO - Filling up the DagBag from /opt/airflow/dags/welcome.py
[2023-10-18T16:17:35.548+0000] {processor.py:839} INFO - DAG(s) dict_keys(['welcome_dag']) retrieved from /opt/airflow/dags/welcome.py
[2023-10-18T16:17:35.579+0000] {logging_mixin.py:151} INFO - [2023-10-18T16:17:35.579+0000] {dag.py:2915} INFO - Sync 1 DAGs
[2023-10-18T16:17:35.602+0000] {logging_mixin.py:151} INFO - [2023-10-18T16:17:35.602+0000] {dag.py:3696} INFO - Setting next_dagrun for welcome_dag to 2023-10-17T22:00:00+00:00, run_after=2023-10-18T22:00:00+00:00
[2023-10-18T16:17:35.716+0000] {processor.py:179} INFO - Processing /opt/airflow/dags/welcome.py took 0.200 seconds
[2023-10-18T16:18:06.181+0000] {processor.py:157} INFO - Started process (PID=170) to work on /opt/airflow/dags/welcome.py
[2023-10-18T16:18:06.182+0000] {processor.py:829} INFO - Processing file /opt/airflow/dags/welcome.py for tasks to queue
[2023-10-18T16:18:06.183+0000] {logging_mixin.py:151} INFO - [2023-10-18T16:18:06.182+0000] {dagbag.py:539} INFO - Filling up the DagBag from /opt/airflow/dags/welcome.py
[2023-10-18T16:18:06.213+0000] {processor.py:839} INFO - DAG(s) dict_keys(['welcome_dag']) retrieved from /opt/airflow/dags/welcome.py
[2023-10-18T16:18:06.249+0000] {logging_mixin.py:151} INFO - [2023-10-18T16:18:06.249+0000] {dag.py:2915} INFO - Sync 1 DAGs
[2023-10-18T16:18:06.278+0000] {logging_mixin.py:151} INFO - [2023-10-18T16:18:06.278+0000] {dag.py:3696} INFO - Setting next_dagrun for welcome_dag to 2023-10-17T22:00:00+00:00, run_after=2023-10-18T22:00:00+00:00
[2023-10-18T16:18:06.342+0000] {processor.py:179} INFO - Processing /opt/airflow/dags/welcome.py took 0.163 seconds
[2023-10-18T16:18:37.038+0000] {processor.py:157} INFO - Started process (PID=173) to work on /opt/airflow/dags/welcome.py
[2023-10-18T16:18:37.040+0000] {processor.py:829} INFO - Processing file /opt/airflow/dags/welcome.py for tasks to queue
[2023-10-18T16:18:37.041+0000] {logging_mixin.py:151} INFO - [2023-10-18T16:18:37.041+0000] {dagbag.py:539} INFO - Filling up the DagBag from /opt/airflow/dags/welcome.py
[2023-10-18T16:18:37.077+0000] {processor.py:839} INFO - DAG(s) dict_keys(['welcome_dag']) retrieved from /opt/airflow/dags/welcome.py
[2023-10-18T16:18:37.113+0000] {logging_mixin.py:151} INFO - [2023-10-18T16:18:37.112+0000] {dag.py:2915} INFO - Sync 1 DAGs
[2023-10-18T16:18:37.141+0000] {logging_mixin.py:151} INFO - [2023-10-18T16:18:37.140+0000] {dag.py:3696} INFO - Setting next_dagrun for welcome_dag to 2023-10-17T22:00:00+00:00, run_after=2023-10-18T22:00:00+00:00
[2023-10-18T16:18:37.204+0000] {processor.py:179} INFO - Processing /opt/airflow/dags/welcome.py took 0.168 seconds
[2023-10-18T16:19:07.402+0000] {processor.py:157} INFO - Started process (PID=176) to work on /opt/airflow/dags/welcome.py
[2023-10-18T16:19:07.403+0000] {processor.py:829} INFO - Processing file /opt/airflow/dags/welcome.py for tasks to queue
[2023-10-18T16:19:07.404+0000] {logging_mixin.py:151} INFO - [2023-10-18T16:19:07.404+0000] {dagbag.py:539} INFO - Filling up the DagBag from /opt/airflow/dags/welcome.py
[2023-10-18T16:19:07.438+0000] {processor.py:839} INFO - DAG(s) dict_keys(['welcome_dag']) retrieved from /opt/airflow/dags/welcome.py
[2023-10-18T16:19:07.470+0000] {logging_mixin.py:151} INFO - [2023-10-18T16:19:07.470+0000] {dag.py:2915} INFO - Sync 1 DAGs
[2023-10-18T16:19:07.499+0000] {logging_mixin.py:151} INFO - [2023-10-18T16:19:07.499+0000] {dag.py:3696} INFO - Setting next_dagrun for welcome_dag to 2023-10-17T22:00:00+00:00, run_after=2023-10-18T22:00:00+00:00
[2023-10-18T16:19:07.570+0000] {processor.py:179} INFO - Processing /opt/airflow/dags/welcome.py took 0.171 seconds
[2023-10-18T16:19:38.163+0000] {processor.py:157} INFO - Started process (PID=179) to work on /opt/airflow/dags/welcome.py
[2023-10-18T16:19:38.164+0000] {processor.py:829} INFO - Processing file /opt/airflow/dags/welcome.py for tasks to queue
[2023-10-18T16:19:38.165+0000] {logging_mixin.py:151} INFO - [2023-10-18T16:19:38.165+0000] {dagbag.py:539} INFO - Filling up the DagBag from /opt/airflow/dags/welcome.py
[2023-10-18T16:19:38.193+0000] {processor.py:839} INFO - DAG(s) dict_keys(['welcome_dag']) retrieved from /opt/airflow/dags/welcome.py
[2023-10-18T16:19:38.235+0000] {logging_mixin.py:151} INFO - [2023-10-18T16:19:38.235+0000] {dag.py:2915} INFO - Sync 1 DAGs
[2023-10-18T16:19:38.264+0000] {logging_mixin.py:151} INFO - [2023-10-18T16:19:38.264+0000] {dag.py:3696} INFO - Setting next_dagrun for welcome_dag to 2023-10-17T22:00:00+00:00, run_after=2023-10-18T22:00:00+00:00
[2023-10-18T16:19:38.335+0000] {processor.py:179} INFO - Processing /opt/airflow/dags/welcome.py took 0.175 seconds
[2023-10-18T16:20:08.994+0000] {processor.py:157} INFO - Started process (PID=182) to work on /opt/airflow/dags/welcome.py
[2023-10-18T16:20:08.995+0000] {processor.py:829} INFO - Processing file /opt/airflow/dags/welcome.py for tasks to queue
[2023-10-18T16:20:08.996+0000] {logging_mixin.py:151} INFO - [2023-10-18T16:20:08.996+0000] {dagbag.py:539} INFO - Filling up the DagBag from /opt/airflow/dags/welcome.py
[2023-10-18T16:20:09.031+0000] {processor.py:839} INFO - DAG(s) dict_keys(['welcome_dag']) retrieved from /opt/airflow/dags/welcome.py
[2023-10-18T16:20:09.069+0000] {logging_mixin.py:151} INFO - [2023-10-18T16:20:09.068+0000] {dag.py:2915} INFO - Sync 1 DAGs
[2023-10-18T16:20:09.099+0000] {logging_mixin.py:151} INFO - [2023-10-18T16:20:09.098+0000] {dag.py:3696} INFO - Setting next_dagrun for welcome_dag to 2023-10-17T22:00:00+00:00, run_after=2023-10-18T22:00:00+00:00
[2023-10-18T16:20:09.165+0000] {processor.py:179} INFO - Processing /opt/airflow/dags/welcome.py took 0.175 seconds
[2023-10-18T16:20:39.434+0000] {processor.py:157} INFO - Started process (PID=183) to work on /opt/airflow/dags/welcome.py
[2023-10-18T16:20:39.435+0000] {processor.py:829} INFO - Processing file /opt/airflow/dags/welcome.py for tasks to queue
[2023-10-18T16:20:39.436+0000] {logging_mixin.py:151} INFO - [2023-10-18T16:20:39.436+0000] {dagbag.py:539} INFO - Filling up the DagBag from /opt/airflow/dags/welcome.py
[2023-10-18T16:20:39.469+0000] {processor.py:839} INFO - DAG(s) dict_keys(['welcome_dag']) retrieved from /opt/airflow/dags/welcome.py
[2023-10-18T16:20:39.503+0000] {logging_mixin.py:151} INFO - [2023-10-18T16:20:39.502+0000] {dag.py:2915} INFO - Sync 1 DAGs
[2023-10-18T16:20:39.535+0000] {logging_mixin.py:151} INFO - [2023-10-18T16:20:39.535+0000] {dag.py:3696} INFO - Setting next_dagrun for welcome_dag to 2023-10-17T22:00:00+00:00, run_after=2023-10-18T22:00:00+00:00
[2023-10-18T16:20:39.602+0000] {processor.py:179} INFO - Processing /opt/airflow/dags/welcome.py took 0.171 seconds
[2023-10-18T16:21:09.723+0000] {processor.py:157} INFO - Started process (PID=184) to work on /opt/airflow/dags/welcome.py
[2023-10-18T16:21:09.724+0000] {processor.py:829} INFO - Processing file /opt/airflow/dags/welcome.py for tasks to queue
[2023-10-18T16:21:09.725+0000] {logging_mixin.py:151} INFO - [2023-10-18T16:21:09.725+0000] {dagbag.py:539} INFO - Filling up the DagBag from /opt/airflow/dags/welcome.py
[2023-10-18T16:21:09.762+0000] {processor.py:839} INFO - DAG(s) dict_keys(['welcome_dag']) retrieved from /opt/airflow/dags/welcome.py
[2023-10-18T16:21:09.797+0000] {logging_mixin.py:151} INFO - [2023-10-18T16:21:09.796+0000] {dag.py:2915} INFO - Sync 1 DAGs
[2023-10-18T16:21:09.826+0000] {logging_mixin.py:151} INFO - [2023-10-18T16:21:09.826+0000] {dag.py:3696} INFO - Setting next_dagrun for welcome_dag to 2023-10-17T22:00:00+00:00, run_after=2023-10-18T22:00:00+00:00
[2023-10-18T16:21:09.891+0000] {processor.py:179} INFO - Processing /opt/airflow/dags/welcome.py took 0.170 seconds
[2023-10-18T16:21:40.709+0000] {processor.py:157} INFO - Started process (PID=185) to work on /opt/airflow/dags/welcome.py
[2023-10-18T16:21:40.710+0000] {processor.py:829} INFO - Processing file /opt/airflow/dags/welcome.py for tasks to queue
[2023-10-18T16:21:40.711+0000] {logging_mixin.py:151} INFO - [2023-10-18T16:21:40.711+0000] {dagbag.py:539} INFO - Filling up the DagBag from /opt/airflow/dags/welcome.py
[2023-10-18T16:21:40.742+0000] {processor.py:839} INFO - DAG(s) dict_keys(['welcome_dag']) retrieved from /opt/airflow/dags/welcome.py
[2023-10-18T16:21:40.779+0000] {logging_mixin.py:151} INFO - [2023-10-18T16:21:40.779+0000] {dag.py:2915} INFO - Sync 1 DAGs
[2023-10-18T16:21:40.807+0000] {logging_mixin.py:151} INFO - [2023-10-18T16:21:40.806+0000] {dag.py:3696} INFO - Setting next_dagrun for welcome_dag to 2023-10-17T22:00:00+00:00, run_after=2023-10-18T22:00:00+00:00
[2023-10-18T16:21:40.897+0000] {processor.py:179} INFO - Processing /opt/airflow/dags/welcome.py took 0.190 seconds
[2023-10-18T16:22:11.660+0000] {processor.py:157} INFO - Started process (PID=186) to work on /opt/airflow/dags/welcome.py
[2023-10-18T16:22:11.661+0000] {processor.py:829} INFO - Processing file /opt/airflow/dags/welcome.py for tasks to queue
[2023-10-18T16:22:11.662+0000] {logging_mixin.py:151} INFO - [2023-10-18T16:22:11.662+0000] {dagbag.py:539} INFO - Filling up the DagBag from /opt/airflow/dags/welcome.py
[2023-10-18T16:22:11.704+0000] {processor.py:839} INFO - DAG(s) dict_keys(['welcome_dag']) retrieved from /opt/airflow/dags/welcome.py
[2023-10-18T16:22:11.740+0000] {logging_mixin.py:151} INFO - [2023-10-18T16:22:11.740+0000] {dag.py:2915} INFO - Sync 1 DAGs
[2023-10-18T16:22:11.775+0000] {logging_mixin.py:151} INFO - [2023-10-18T16:22:11.775+0000] {dag.py:3696} INFO - Setting next_dagrun for welcome_dag to 2023-10-17T22:00:00+00:00, run_after=2023-10-18T22:00:00+00:00
[2023-10-18T16:22:11.846+0000] {processor.py:179} INFO - Processing /opt/airflow/dags/welcome.py took 0.192 seconds
[2023-10-18T16:22:42.580+0000] {processor.py:157} INFO - Started process (PID=198) to work on /opt/airflow/dags/welcome.py
[2023-10-18T16:22:42.581+0000] {processor.py:829} INFO - Processing file /opt/airflow/dags/welcome.py for tasks to queue
[2023-10-18T16:22:42.582+0000] {logging_mixin.py:151} INFO - [2023-10-18T16:22:42.582+0000] {dagbag.py:539} INFO - Filling up the DagBag from /opt/airflow/dags/welcome.py
[2023-10-18T16:22:42.620+0000] {processor.py:839} INFO - DAG(s) dict_keys(['welcome_dag']) retrieved from /opt/airflow/dags/welcome.py
[2023-10-18T16:22:42.652+0000] {logging_mixin.py:151} INFO - [2023-10-18T16:22:42.652+0000] {dag.py:2915} INFO - Sync 1 DAGs
[2023-10-18T16:22:42.676+0000] {logging_mixin.py:151} INFO - [2023-10-18T16:22:42.676+0000] {dag.py:3696} INFO - Setting next_dagrun for welcome_dag to 2023-10-17T22:00:00+00:00, run_after=2023-10-18T22:00:00+00:00
[2023-10-18T16:22:42.760+0000] {processor.py:179} INFO - Processing /opt/airflow/dags/welcome.py took 0.183 seconds
[2023-10-18T16:23:13.571+0000] {processor.py:157} INFO - Started process (PID=199) to work on /opt/airflow/dags/welcome.py
[2023-10-18T16:23:13.572+0000] {processor.py:829} INFO - Processing file /opt/airflow/dags/welcome.py for tasks to queue
[2023-10-18T16:23:13.573+0000] {logging_mixin.py:151} INFO - [2023-10-18T16:23:13.573+0000] {dagbag.py:539} INFO - Filling up the DagBag from /opt/airflow/dags/welcome.py
[2023-10-18T16:23:13.638+0000] {processor.py:839} INFO - DAG(s) dict_keys(['welcome_dag']) retrieved from /opt/airflow/dags/welcome.py
[2023-10-18T16:23:13.697+0000] {logging_mixin.py:151} INFO - [2023-10-18T16:23:13.697+0000] {dag.py:2915} INFO - Sync 1 DAGs
[2023-10-18T16:23:13.767+0000] {logging_mixin.py:151} INFO - [2023-10-18T16:23:13.766+0000] {dag.py:3696} INFO - Setting next_dagrun for welcome_dag to 2023-10-17T22:00:00+00:00, run_after=2023-10-18T22:00:00+00:00
[2023-10-18T16:23:13.861+0000] {processor.py:179} INFO - Processing /opt/airflow/dags/welcome.py took 0.292 seconds
[2023-10-18T16:23:44.290+0000] {processor.py:157} INFO - Started process (PID=200) to work on /opt/airflow/dags/welcome.py
[2023-10-18T16:23:44.291+0000] {processor.py:829} INFO - Processing file /opt/airflow/dags/welcome.py for tasks to queue
[2023-10-18T16:23:44.293+0000] {logging_mixin.py:151} INFO - [2023-10-18T16:23:44.292+0000] {dagbag.py:539} INFO - Filling up the DagBag from /opt/airflow/dags/welcome.py
[2023-10-18T16:23:44.327+0000] {processor.py:839} INFO - DAG(s) dict_keys(['welcome_dag']) retrieved from /opt/airflow/dags/welcome.py
[2023-10-18T16:23:44.358+0000] {logging_mixin.py:151} INFO - [2023-10-18T16:23:44.358+0000] {dag.py:2915} INFO - Sync 1 DAGs
[2023-10-18T16:23:44.389+0000] {logging_mixin.py:151} INFO - [2023-10-18T16:23:44.389+0000] {dag.py:3696} INFO - Setting next_dagrun for welcome_dag to 2023-10-17T22:00:00+00:00, run_after=2023-10-18T22:00:00+00:00
[2023-10-18T16:23:44.463+0000] {processor.py:179} INFO - Processing /opt/airflow/dags/welcome.py took 0.175 seconds
[2023-10-18T16:24:15.161+0000] {processor.py:157} INFO - Started process (PID=201) to work on /opt/airflow/dags/welcome.py
[2023-10-18T16:24:15.162+0000] {processor.py:829} INFO - Processing file /opt/airflow/dags/welcome.py for tasks to queue
[2023-10-18T16:24:15.163+0000] {logging_mixin.py:151} INFO - [2023-10-18T16:24:15.163+0000] {dagbag.py:539} INFO - Filling up the DagBag from /opt/airflow/dags/welcome.py
[2023-10-18T16:24:15.200+0000] {processor.py:839} INFO - DAG(s) dict_keys(['welcome_dag']) retrieved from /opt/airflow/dags/welcome.py
[2023-10-18T16:24:15.232+0000] {logging_mixin.py:151} INFO - [2023-10-18T16:24:15.232+0000] {dag.py:2915} INFO - Sync 1 DAGs
[2023-10-18T16:24:15.258+0000] {logging_mixin.py:151} INFO - [2023-10-18T16:24:15.257+0000] {dag.py:3696} INFO - Setting next_dagrun for welcome_dag to 2023-10-17T22:00:00+00:00, run_after=2023-10-18T22:00:00+00:00
[2023-10-18T16:24:15.327+0000] {processor.py:179} INFO - Processing /opt/airflow/dags/welcome.py took 0.169 seconds
[2023-10-18T16:24:45.677+0000] {processor.py:157} INFO - Started process (PID=224) to work on /opt/airflow/dags/welcome.py
[2023-10-18T16:24:45.679+0000] {processor.py:829} INFO - Processing file /opt/airflow/dags/welcome.py for tasks to queue
[2023-10-18T16:24:45.680+0000] {logging_mixin.py:151} INFO - [2023-10-18T16:24:45.680+0000] {dagbag.py:539} INFO - Filling up the DagBag from /opt/airflow/dags/welcome.py
[2023-10-18T16:24:45.710+0000] {processor.py:839} INFO - DAG(s) dict_keys(['welcome_dag']) retrieved from /opt/airflow/dags/welcome.py
[2023-10-18T16:24:45.745+0000] {logging_mixin.py:151} INFO - [2023-10-18T16:24:45.745+0000] {dag.py:2915} INFO - Sync 1 DAGs
[2023-10-18T16:24:45.775+0000] {logging_mixin.py:151} INFO - [2023-10-18T16:24:45.775+0000] {dag.py:3696} INFO - Setting next_dagrun for welcome_dag to 2023-10-17T22:00:00+00:00, run_after=2023-10-18T22:00:00+00:00
[2023-10-18T16:24:45.868+0000] {processor.py:179} INFO - Processing /opt/airflow/dags/welcome.py took 0.194 seconds
[2023-10-18T16:25:16.640+0000] {processor.py:157} INFO - Started process (PID=227) to work on /opt/airflow/dags/welcome.py
[2023-10-18T16:25:16.643+0000] {processor.py:829} INFO - Processing file /opt/airflow/dags/welcome.py for tasks to queue
[2023-10-18T16:25:16.644+0000] {logging_mixin.py:151} INFO - [2023-10-18T16:25:16.644+0000] {dagbag.py:539} INFO - Filling up the DagBag from /opt/airflow/dags/welcome.py
[2023-10-18T16:25:16.707+0000] {processor.py:839} INFO - DAG(s) dict_keys(['welcome_dag']) retrieved from /opt/airflow/dags/welcome.py
[2023-10-18T16:25:16.750+0000] {logging_mixin.py:151} INFO - [2023-10-18T16:25:16.750+0000] {dag.py:2915} INFO - Sync 1 DAGs
[2023-10-18T16:25:16.787+0000] {logging_mixin.py:151} INFO - [2023-10-18T16:25:16.786+0000] {dag.py:3696} INFO - Setting next_dagrun for welcome_dag to 2023-10-17T22:00:00+00:00, run_after=2023-10-18T22:00:00+00:00
[2023-10-18T16:25:16.862+0000] {processor.py:179} INFO - Processing /opt/airflow/dags/welcome.py took 0.227 seconds
[2023-10-18T16:25:47.642+0000] {processor.py:157} INFO - Started process (PID=252) to work on /opt/airflow/dags/welcome.py
[2023-10-18T16:25:47.643+0000] {processor.py:829} INFO - Processing file /opt/airflow/dags/welcome.py for tasks to queue
[2023-10-18T16:25:47.645+0000] {logging_mixin.py:151} INFO - [2023-10-18T16:25:47.644+0000] {dagbag.py:539} INFO - Filling up the DagBag from /opt/airflow/dags/welcome.py
[2023-10-18T16:25:47.677+0000] {processor.py:839} INFO - DAG(s) dict_keys(['welcome_dag']) retrieved from /opt/airflow/dags/welcome.py
[2023-10-18T16:25:47.709+0000] {logging_mixin.py:151} INFO - [2023-10-18T16:25:47.709+0000] {dag.py:2915} INFO - Sync 1 DAGs
[2023-10-18T16:25:47.737+0000] {logging_mixin.py:151} INFO - [2023-10-18T16:25:47.737+0000] {dag.py:3696} INFO - Setting next_dagrun for welcome_dag to 2023-10-17T22:00:00+00:00, run_after=2023-10-18T22:00:00+00:00
[2023-10-18T16:25:47.804+0000] {processor.py:179} INFO - Processing /opt/airflow/dags/welcome.py took 0.164 seconds
[2023-10-18T16:26:17.951+0000] {processor.py:157} INFO - Started process (PID=255) to work on /opt/airflow/dags/welcome.py
[2023-10-18T16:26:17.952+0000] {processor.py:829} INFO - Processing file /opt/airflow/dags/welcome.py for tasks to queue
[2023-10-18T16:26:17.953+0000] {logging_mixin.py:151} INFO - [2023-10-18T16:26:17.953+0000] {dagbag.py:539} INFO - Filling up the DagBag from /opt/airflow/dags/welcome.py
[2023-10-18T16:26:17.990+0000] {processor.py:839} INFO - DAG(s) dict_keys(['welcome_dag']) retrieved from /opt/airflow/dags/welcome.py
[2023-10-18T16:26:18.022+0000] {logging_mixin.py:151} INFO - [2023-10-18T16:26:18.021+0000] {dag.py:2915} INFO - Sync 1 DAGs
[2023-10-18T16:26:18.048+0000] {logging_mixin.py:151} INFO - [2023-10-18T16:26:18.048+0000] {dag.py:3696} INFO - Setting next_dagrun for welcome_dag to 2023-10-17T22:00:00+00:00, run_after=2023-10-18T22:00:00+00:00
[2023-10-18T16:26:18.155+0000] {processor.py:179} INFO - Processing /opt/airflow/dags/welcome.py took 0.207 seconds
[2023-10-18T16:26:49.082+0000] {processor.py:157} INFO - Started process (PID=258) to work on /opt/airflow/dags/welcome.py
[2023-10-18T16:26:49.083+0000] {processor.py:829} INFO - Processing file /opt/airflow/dags/welcome.py for tasks to queue
[2023-10-18T16:26:49.084+0000] {logging_mixin.py:151} INFO - [2023-10-18T16:26:49.084+0000] {dagbag.py:539} INFO - Filling up the DagBag from /opt/airflow/dags/welcome.py
[2023-10-18T16:26:49.120+0000] {processor.py:839} INFO - DAG(s) dict_keys(['welcome_dag']) retrieved from /opt/airflow/dags/welcome.py
[2023-10-18T16:26:49.155+0000] {logging_mixin.py:151} INFO - [2023-10-18T16:26:49.155+0000] {dag.py:2915} INFO - Sync 1 DAGs
[2023-10-18T16:26:49.185+0000] {logging_mixin.py:151} INFO - [2023-10-18T16:26:49.185+0000] {dag.py:3696} INFO - Setting next_dagrun for welcome_dag to 2023-10-17T22:00:00+00:00, run_after=2023-10-18T22:00:00+00:00
[2023-10-18T16:26:49.268+0000] {processor.py:179} INFO - Processing /opt/airflow/dags/welcome.py took 0.189 seconds
[2023-10-18T16:27:34.217+0000] {processor.py:157} INFO - Started process (PID=63) to work on /opt/airflow/dags/welcome.py
[2023-10-18T16:27:34.219+0000] {processor.py:829} INFO - Processing file /opt/airflow/dags/welcome.py for tasks to queue
[2023-10-18T16:27:34.220+0000] {logging_mixin.py:151} INFO - [2023-10-18T16:27:34.220+0000] {dagbag.py:539} INFO - Filling up the DagBag from /opt/airflow/dags/welcome.py
[2023-10-18T16:27:34.264+0000] {processor.py:839} INFO - DAG(s) dict_keys(['welcome_dag']) retrieved from /opt/airflow/dags/welcome.py
[2023-10-18T16:27:34.282+0000] {logging_mixin.py:151} INFO - [2023-10-18T16:27:34.282+0000] {dag.py:2915} INFO - Sync 1 DAGs
[2023-10-18T16:27:34.323+0000] {logging_mixin.py:151} INFO - [2023-10-18T16:27:34.323+0000] {dag.py:3696} INFO - Setting next_dagrun for welcome_dag to 2023-10-17T22:00:00+00:00, run_after=2023-10-18T22:00:00+00:00
[2023-10-18T16:27:34.399+0000] {processor.py:179} INFO - Processing /opt/airflow/dags/welcome.py took 0.184 seconds
[2023-10-18T16:28:04.961+0000] {processor.py:157} INFO - Started process (PID=79) to work on /opt/airflow/dags/welcome.py
[2023-10-18T16:28:04.962+0000] {processor.py:829} INFO - Processing file /opt/airflow/dags/welcome.py for tasks to queue
[2023-10-18T16:28:04.963+0000] {logging_mixin.py:151} INFO - [2023-10-18T16:28:04.963+0000] {dagbag.py:539} INFO - Filling up the DagBag from /opt/airflow/dags/welcome.py
[2023-10-18T16:28:05.003+0000] {processor.py:839} INFO - DAG(s) dict_keys(['welcome_dag']) retrieved from /opt/airflow/dags/welcome.py
[2023-10-18T16:28:05.036+0000] {logging_mixin.py:151} INFO - [2023-10-18T16:28:05.036+0000] {dag.py:2915} INFO - Sync 1 DAGs
[2023-10-18T16:28:05.059+0000] {logging_mixin.py:151} INFO - [2023-10-18T16:28:05.058+0000] {dag.py:3696} INFO - Setting next_dagrun for welcome_dag to 2023-10-17T22:00:00+00:00, run_after=2023-10-18T22:00:00+00:00
[2023-10-18T16:28:05.165+0000] {processor.py:179} INFO - Processing /opt/airflow/dags/welcome.py took 0.206 seconds
[2023-10-18T16:28:35.747+0000] {processor.py:157} INFO - Started process (PID=104) to work on /opt/airflow/dags/welcome.py
[2023-10-18T16:28:35.748+0000] {processor.py:829} INFO - Processing file /opt/airflow/dags/welcome.py for tasks to queue
[2023-10-18T16:28:35.749+0000] {logging_mixin.py:151} INFO - [2023-10-18T16:28:35.749+0000] {dagbag.py:539} INFO - Filling up the DagBag from /opt/airflow/dags/welcome.py
[2023-10-18T16:28:35.776+0000] {processor.py:839} INFO - DAG(s) dict_keys(['welcome_dag']) retrieved from /opt/airflow/dags/welcome.py
[2023-10-18T16:28:35.808+0000] {logging_mixin.py:151} INFO - [2023-10-18T16:28:35.808+0000] {dag.py:2915} INFO - Sync 1 DAGs
[2023-10-18T16:28:35.836+0000] {logging_mixin.py:151} INFO - [2023-10-18T16:28:35.836+0000] {dag.py:3696} INFO - Setting next_dagrun for welcome_dag to 2023-10-17T22:00:00+00:00, run_after=2023-10-18T22:00:00+00:00
[2023-10-18T16:28:35.898+0000] {processor.py:179} INFO - Processing /opt/airflow/dags/welcome.py took 0.154 seconds
[2023-10-18T16:29:06.786+0000] {processor.py:157} INFO - Started process (PID=107) to work on /opt/airflow/dags/welcome.py
[2023-10-18T16:29:06.788+0000] {processor.py:829} INFO - Processing file /opt/airflow/dags/welcome.py for tasks to queue
[2023-10-18T16:29:06.789+0000] {logging_mixin.py:151} INFO - [2023-10-18T16:29:06.788+0000] {dagbag.py:539} INFO - Filling up the DagBag from /opt/airflow/dags/welcome.py
[2023-10-18T16:29:06.816+0000] {processor.py:839} INFO - DAG(s) dict_keys(['welcome_dag']) retrieved from /opt/airflow/dags/welcome.py
[2023-10-18T16:29:06.844+0000] {logging_mixin.py:151} INFO - [2023-10-18T16:29:06.844+0000] {dag.py:2915} INFO - Sync 1 DAGs
[2023-10-18T16:29:06.869+0000] {logging_mixin.py:151} INFO - [2023-10-18T16:29:06.869+0000] {dag.py:3696} INFO - Setting next_dagrun for welcome_dag to 2023-10-17T22:00:00+00:00, run_after=2023-10-18T22:00:00+00:00
[2023-10-18T16:29:06.933+0000] {processor.py:179} INFO - Processing /opt/airflow/dags/welcome.py took 0.149 seconds
[2023-10-18T16:29:37.559+0000] {processor.py:157} INFO - Started process (PID=110) to work on /opt/airflow/dags/welcome.py
[2023-10-18T16:29:37.560+0000] {processor.py:829} INFO - Processing file /opt/airflow/dags/welcome.py for tasks to queue
[2023-10-18T16:29:37.561+0000] {logging_mixin.py:151} INFO - [2023-10-18T16:29:37.560+0000] {dagbag.py:539} INFO - Filling up the DagBag from /opt/airflow/dags/welcome.py
[2023-10-18T16:29:37.590+0000] {processor.py:839} INFO - DAG(s) dict_keys(['welcome_dag']) retrieved from /opt/airflow/dags/welcome.py
[2023-10-18T16:29:37.620+0000] {logging_mixin.py:151} INFO - [2023-10-18T16:29:37.620+0000] {dag.py:2915} INFO - Sync 1 DAGs
[2023-10-18T16:29:37.649+0000] {logging_mixin.py:151} INFO - [2023-10-18T16:29:37.649+0000] {dag.py:3696} INFO - Setting next_dagrun for welcome_dag to 2023-10-17T22:00:00+00:00, run_after=2023-10-18T22:00:00+00:00
[2023-10-18T16:29:37.706+0000] {processor.py:179} INFO - Processing /opt/airflow/dags/welcome.py took 0.150 seconds
[2023-10-18T16:30:08.550+0000] {processor.py:157} INFO - Started process (PID=113) to work on /opt/airflow/dags/welcome.py
[2023-10-18T16:30:08.552+0000] {processor.py:829} INFO - Processing file /opt/airflow/dags/welcome.py for tasks to queue
[2023-10-18T16:30:08.553+0000] {logging_mixin.py:151} INFO - [2023-10-18T16:30:08.553+0000] {dagbag.py:539} INFO - Filling up the DagBag from /opt/airflow/dags/welcome.py
[2023-10-18T16:30:08.601+0000] {processor.py:839} INFO - DAG(s) dict_keys(['welcome_dag']) retrieved from /opt/airflow/dags/welcome.py
[2023-10-18T16:30:08.641+0000] {logging_mixin.py:151} INFO - [2023-10-18T16:30:08.641+0000] {dag.py:2915} INFO - Sync 1 DAGs
[2023-10-18T16:30:08.672+0000] {logging_mixin.py:151} INFO - [2023-10-18T16:30:08.672+0000] {dag.py:3696} INFO - Setting next_dagrun for welcome_dag to 2023-10-17T22:00:00+00:00, run_after=2023-10-18T22:00:00+00:00
[2023-10-18T16:30:08.741+0000] {processor.py:179} INFO - Processing /opt/airflow/dags/welcome.py took 0.193 seconds
[2023-10-18T16:30:39.348+0000] {processor.py:157} INFO - Started process (PID=116) to work on /opt/airflow/dags/welcome.py
[2023-10-18T16:30:39.349+0000] {processor.py:829} INFO - Processing file /opt/airflow/dags/welcome.py for tasks to queue
[2023-10-18T16:30:39.350+0000] {logging_mixin.py:151} INFO - [2023-10-18T16:30:39.350+0000] {dagbag.py:539} INFO - Filling up the DagBag from /opt/airflow/dags/welcome.py
[2023-10-18T16:30:39.385+0000] {processor.py:839} INFO - DAG(s) dict_keys(['welcome_dag']) retrieved from /opt/airflow/dags/welcome.py
[2023-10-18T16:30:39.428+0000] {logging_mixin.py:151} INFO - [2023-10-18T16:30:39.428+0000] {dag.py:2915} INFO - Sync 1 DAGs
[2023-10-18T16:30:39.456+0000] {logging_mixin.py:151} INFO - [2023-10-18T16:30:39.456+0000] {dag.py:3696} INFO - Setting next_dagrun for welcome_dag to 2023-10-17T22:00:00+00:00, run_after=2023-10-18T22:00:00+00:00
[2023-10-18T16:30:39.535+0000] {processor.py:179} INFO - Processing /opt/airflow/dags/welcome.py took 0.189 seconds
[2023-10-18T16:31:10.254+0000] {processor.py:157} INFO - Started process (PID=119) to work on /opt/airflow/dags/welcome.py
[2023-10-18T16:31:10.255+0000] {processor.py:829} INFO - Processing file /opt/airflow/dags/welcome.py for tasks to queue
[2023-10-18T16:31:10.256+0000] {logging_mixin.py:151} INFO - [2023-10-18T16:31:10.256+0000] {dagbag.py:539} INFO - Filling up the DagBag from /opt/airflow/dags/welcome.py
[2023-10-18T16:31:10.290+0000] {processor.py:839} INFO - DAG(s) dict_keys(['welcome_dag']) retrieved from /opt/airflow/dags/welcome.py
[2023-10-18T16:31:10.326+0000] {logging_mixin.py:151} INFO - [2023-10-18T16:31:10.326+0000] {dag.py:2915} INFO - Sync 1 DAGs
[2023-10-18T16:31:10.352+0000] {logging_mixin.py:151} INFO - [2023-10-18T16:31:10.352+0000] {dag.py:3696} INFO - Setting next_dagrun for welcome_dag to 2023-10-17T22:00:00+00:00, run_after=2023-10-18T22:00:00+00:00
[2023-10-18T16:31:10.417+0000] {processor.py:179} INFO - Processing /opt/airflow/dags/welcome.py took 0.166 seconds
[2023-10-18T16:31:41.186+0000] {processor.py:157} INFO - Started process (PID=122) to work on /opt/airflow/dags/welcome.py
[2023-10-18T16:31:41.188+0000] {processor.py:829} INFO - Processing file /opt/airflow/dags/welcome.py for tasks to queue
[2023-10-18T16:31:41.189+0000] {logging_mixin.py:151} INFO - [2023-10-18T16:31:41.189+0000] {dagbag.py:539} INFO - Filling up the DagBag from /opt/airflow/dags/welcome.py
[2023-10-18T16:31:41.228+0000] {processor.py:839} INFO - DAG(s) dict_keys(['welcome_dag']) retrieved from /opt/airflow/dags/welcome.py
[2023-10-18T16:31:41.264+0000] {logging_mixin.py:151} INFO - [2023-10-18T16:31:41.263+0000] {dag.py:2915} INFO - Sync 1 DAGs
[2023-10-18T16:31:41.300+0000] {logging_mixin.py:151} INFO - [2023-10-18T16:31:41.299+0000] {dag.py:3696} INFO - Setting next_dagrun for welcome_dag to 2023-10-17T22:00:00+00:00, run_after=2023-10-18T22:00:00+00:00
[2023-10-18T16:31:41.397+0000] {processor.py:179} INFO - Processing /opt/airflow/dags/welcome.py took 0.214 seconds
[2023-10-18T16:32:12.046+0000] {processor.py:157} INFO - Started process (PID=125) to work on /opt/airflow/dags/welcome.py
[2023-10-18T16:32:12.047+0000] {processor.py:829} INFO - Processing file /opt/airflow/dags/welcome.py for tasks to queue
[2023-10-18T16:32:12.048+0000] {logging_mixin.py:151} INFO - [2023-10-18T16:32:12.048+0000] {dagbag.py:539} INFO - Filling up the DagBag from /opt/airflow/dags/welcome.py
[2023-10-18T16:32:12.078+0000] {processor.py:839} INFO - DAG(s) dict_keys(['welcome_dag']) retrieved from /opt/airflow/dags/welcome.py
[2023-10-18T16:32:12.114+0000] {logging_mixin.py:151} INFO - [2023-10-18T16:32:12.114+0000] {dag.py:2915} INFO - Sync 1 DAGs
[2023-10-18T16:32:12.146+0000] {logging_mixin.py:151} INFO - [2023-10-18T16:32:12.146+0000] {dag.py:3696} INFO - Setting next_dagrun for welcome_dag to 2023-10-17T22:00:00+00:00, run_after=2023-10-18T22:00:00+00:00
[2023-10-18T16:32:12.311+0000] {processor.py:179} INFO - Processing /opt/airflow/dags/welcome.py took 0.268 seconds
[2023-10-18T16:32:42.887+0000] {processor.py:157} INFO - Started process (PID=128) to work on /opt/airflow/dags/welcome.py
[2023-10-18T16:32:42.888+0000] {processor.py:829} INFO - Processing file /opt/airflow/dags/welcome.py for tasks to queue
[2023-10-18T16:32:42.890+0000] {logging_mixin.py:151} INFO - [2023-10-18T16:32:42.889+0000] {dagbag.py:539} INFO - Filling up the DagBag from /opt/airflow/dags/welcome.py
[2023-10-18T16:32:42.921+0000] {processor.py:839} INFO - DAG(s) dict_keys(['welcome_dag']) retrieved from /opt/airflow/dags/welcome.py
[2023-10-18T16:32:42.955+0000] {logging_mixin.py:151} INFO - [2023-10-18T16:32:42.955+0000] {dag.py:2915} INFO - Sync 1 DAGs
[2023-10-18T16:32:43.060+0000] {logging_mixin.py:151} INFO - [2023-10-18T16:32:43.060+0000] {dag.py:3696} INFO - Setting next_dagrun for welcome_dag to 2023-10-17T22:00:00+00:00, run_after=2023-10-18T22:00:00+00:00
[2023-10-18T16:32:43.134+0000] {processor.py:179} INFO - Processing /opt/airflow/dags/welcome.py took 0.249 seconds
[2023-10-18T16:33:13.641+0000] {processor.py:157} INFO - Started process (PID=131) to work on /opt/airflow/dags/welcome.py
[2023-10-18T16:33:13.642+0000] {processor.py:829} INFO - Processing file /opt/airflow/dags/welcome.py for tasks to queue
[2023-10-18T16:33:13.643+0000] {logging_mixin.py:151} INFO - [2023-10-18T16:33:13.643+0000] {dagbag.py:539} INFO - Filling up the DagBag from /opt/airflow/dags/welcome.py
[2023-10-18T16:33:13.679+0000] {processor.py:839} INFO - DAG(s) dict_keys(['welcome_dag']) retrieved from /opt/airflow/dags/welcome.py
[2023-10-18T16:33:13.713+0000] {logging_mixin.py:151} INFO - [2023-10-18T16:33:13.713+0000] {dag.py:2915} INFO - Sync 1 DAGs
[2023-10-18T16:33:13.819+0000] {logging_mixin.py:151} INFO - [2023-10-18T16:33:13.818+0000] {dag.py:3696} INFO - Setting next_dagrun for welcome_dag to 2023-10-17T22:00:00+00:00, run_after=2023-10-18T22:00:00+00:00
[2023-10-18T16:33:13.881+0000] {processor.py:179} INFO - Processing /opt/airflow/dags/welcome.py took 0.242 seconds
[2023-10-18T16:33:44.824+0000] {processor.py:157} INFO - Started process (PID=134) to work on /opt/airflow/dags/welcome.py
[2023-10-18T16:33:44.825+0000] {processor.py:829} INFO - Processing file /opt/airflow/dags/welcome.py for tasks to queue
[2023-10-18T16:33:44.826+0000] {logging_mixin.py:151} INFO - [2023-10-18T16:33:44.826+0000] {dagbag.py:539} INFO - Filling up the DagBag from /opt/airflow/dags/welcome.py
[2023-10-18T16:33:44.858+0000] {processor.py:839} INFO - DAG(s) dict_keys(['welcome_dag']) retrieved from /opt/airflow/dags/welcome.py
[2023-10-18T16:33:44.983+0000] {logging_mixin.py:151} INFO - [2023-10-18T16:33:44.983+0000] {dag.py:2915} INFO - Sync 1 DAGs
[2023-10-18T16:33:45.013+0000] {logging_mixin.py:151} INFO - [2023-10-18T16:33:45.012+0000] {dag.py:3696} INFO - Setting next_dagrun for welcome_dag to 2023-10-17T22:00:00+00:00, run_after=2023-10-18T22:00:00+00:00
[2023-10-18T16:33:45.084+0000] {processor.py:179} INFO - Processing /opt/airflow/dags/welcome.py took 0.263 seconds
[2023-10-18T16:34:15.677+0000] {processor.py:157} INFO - Started process (PID=137) to work on /opt/airflow/dags/welcome.py
[2023-10-18T16:34:15.678+0000] {processor.py:829} INFO - Processing file /opt/airflow/dags/welcome.py for tasks to queue
[2023-10-18T16:34:15.679+0000] {logging_mixin.py:151} INFO - [2023-10-18T16:34:15.679+0000] {dagbag.py:539} INFO - Filling up the DagBag from /opt/airflow/dags/welcome.py
[2023-10-18T16:34:15.787+0000] {processor.py:839} INFO - DAG(s) dict_keys(['welcome_dag']) retrieved from /opt/airflow/dags/welcome.py
[2023-10-18T16:34:15.822+0000] {logging_mixin.py:151} INFO - [2023-10-18T16:34:15.821+0000] {dag.py:2915} INFO - Sync 1 DAGs
[2023-10-18T16:34:15.847+0000] {logging_mixin.py:151} INFO - [2023-10-18T16:34:15.847+0000] {dag.py:3696} INFO - Setting next_dagrun for welcome_dag to 2023-10-17T22:00:00+00:00, run_after=2023-10-18T22:00:00+00:00
[2023-10-18T16:34:15.919+0000] {processor.py:179} INFO - Processing /opt/airflow/dags/welcome.py took 0.244 seconds
[2023-10-18T16:34:46.693+0000] {processor.py:157} INFO - Started process (PID=140) to work on /opt/airflow/dags/welcome.py
[2023-10-18T16:34:46.693+0000] {processor.py:829} INFO - Processing file /opt/airflow/dags/welcome.py for tasks to queue
[2023-10-18T16:34:46.694+0000] {logging_mixin.py:151} INFO - [2023-10-18T16:34:46.694+0000] {dagbag.py:539} INFO - Filling up the DagBag from /opt/airflow/dags/welcome.py
[2023-10-18T16:34:46.739+0000] {processor.py:839} INFO - DAG(s) dict_keys(['welcome_dag']) retrieved from /opt/airflow/dags/welcome.py
[2023-10-18T16:34:46.768+0000] {logging_mixin.py:151} INFO - [2023-10-18T16:34:46.767+0000] {dag.py:2915} INFO - Sync 1 DAGs
[2023-10-18T16:34:46.790+0000] {logging_mixin.py:151} INFO - [2023-10-18T16:34:46.790+0000] {dag.py:3696} INFO - Setting next_dagrun for welcome_dag to 2023-10-17T22:00:00+00:00, run_after=2023-10-18T22:00:00+00:00
[2023-10-18T16:34:46.859+0000] {processor.py:179} INFO - Processing /opt/airflow/dags/welcome.py took 0.169 seconds
[2023-10-18T16:35:17.341+0000] {processor.py:157} INFO - Started process (PID=143) to work on /opt/airflow/dags/welcome.py
[2023-10-18T16:35:17.342+0000] {processor.py:829} INFO - Processing file /opt/airflow/dags/welcome.py for tasks to queue
[2023-10-18T16:35:17.343+0000] {logging_mixin.py:151} INFO - [2023-10-18T16:35:17.342+0000] {dagbag.py:539} INFO - Filling up the DagBag from /opt/airflow/dags/welcome.py
[2023-10-18T16:35:17.372+0000] {processor.py:839} INFO - DAG(s) dict_keys(['welcome_dag']) retrieved from /opt/airflow/dags/welcome.py
[2023-10-18T16:35:17.402+0000] {logging_mixin.py:151} INFO - [2023-10-18T16:35:17.401+0000] {dag.py:2915} INFO - Sync 1 DAGs
[2023-10-18T16:35:17.427+0000] {logging_mixin.py:151} INFO - [2023-10-18T16:35:17.427+0000] {dag.py:3696} INFO - Setting next_dagrun for welcome_dag to 2023-10-17T22:00:00+00:00, run_after=2023-10-18T22:00:00+00:00
[2023-10-18T16:35:17.491+0000] {processor.py:179} INFO - Processing /opt/airflow/dags/welcome.py took 0.152 seconds
[2023-10-18T16:35:48.090+0000] {processor.py:157} INFO - Started process (PID=146) to work on /opt/airflow/dags/welcome.py
[2023-10-18T16:35:48.091+0000] {processor.py:829} INFO - Processing file /opt/airflow/dags/welcome.py for tasks to queue
[2023-10-18T16:35:48.092+0000] {logging_mixin.py:151} INFO - [2023-10-18T16:35:48.092+0000] {dagbag.py:539} INFO - Filling up the DagBag from /opt/airflow/dags/welcome.py
[2023-10-18T16:35:48.121+0000] {processor.py:839} INFO - DAG(s) dict_keys(['welcome_dag']) retrieved from /opt/airflow/dags/welcome.py
[2023-10-18T16:35:48.158+0000] {logging_mixin.py:151} INFO - [2023-10-18T16:35:48.158+0000] {dag.py:2915} INFO - Sync 1 DAGs
[2023-10-18T16:35:48.186+0000] {logging_mixin.py:151} INFO - [2023-10-18T16:35:48.185+0000] {dag.py:3696} INFO - Setting next_dagrun for welcome_dag to 2023-10-17T22:00:00+00:00, run_after=2023-10-18T22:00:00+00:00
[2023-10-18T16:35:48.247+0000] {processor.py:179} INFO - Processing /opt/airflow/dags/welcome.py took 0.159 seconds
[2023-10-18T16:36:18.657+0000] {processor.py:157} INFO - Started process (PID=149) to work on /opt/airflow/dags/welcome.py
[2023-10-18T16:36:18.658+0000] {processor.py:829} INFO - Processing file /opt/airflow/dags/welcome.py for tasks to queue
[2023-10-18T16:36:18.659+0000] {logging_mixin.py:151} INFO - [2023-10-18T16:36:18.659+0000] {dagbag.py:539} INFO - Filling up the DagBag from /opt/airflow/dags/welcome.py
[2023-10-18T16:36:18.689+0000] {processor.py:839} INFO - DAG(s) dict_keys(['welcome_dag']) retrieved from /opt/airflow/dags/welcome.py
[2023-10-18T16:36:18.723+0000] {logging_mixin.py:151} INFO - [2023-10-18T16:36:18.723+0000] {dag.py:2915} INFO - Sync 1 DAGs
[2023-10-18T16:36:18.750+0000] {logging_mixin.py:151} INFO - [2023-10-18T16:36:18.750+0000] {dag.py:3696} INFO - Setting next_dagrun for welcome_dag to 2023-10-17T22:00:00+00:00, run_after=2023-10-18T22:00:00+00:00
[2023-10-18T16:36:18.816+0000] {processor.py:179} INFO - Processing /opt/airflow/dags/welcome.py took 0.161 seconds
[2023-10-18T16:36:49.234+0000] {processor.py:157} INFO - Started process (PID=152) to work on /opt/airflow/dags/welcome.py
[2023-10-18T16:36:49.235+0000] {processor.py:829} INFO - Processing file /opt/airflow/dags/welcome.py for tasks to queue
[2023-10-18T16:36:49.237+0000] {logging_mixin.py:151} INFO - [2023-10-18T16:36:49.236+0000] {dagbag.py:539} INFO - Filling up the DagBag from /opt/airflow/dags/welcome.py
[2023-10-18T16:36:49.268+0000] {processor.py:839} INFO - DAG(s) dict_keys(['welcome_dag']) retrieved from /opt/airflow/dags/welcome.py
[2023-10-18T16:36:49.297+0000] {logging_mixin.py:151} INFO - [2023-10-18T16:36:49.296+0000] {dag.py:2915} INFO - Sync 1 DAGs
[2023-10-18T16:36:49.321+0000] {logging_mixin.py:151} INFO - [2023-10-18T16:36:49.321+0000] {dag.py:3696} INFO - Setting next_dagrun for welcome_dag to 2023-10-17T22:00:00+00:00, run_after=2023-10-18T22:00:00+00:00
[2023-10-18T16:36:49.385+0000] {processor.py:179} INFO - Processing /opt/airflow/dags/welcome.py took 0.153 seconds
[2023-10-18T16:37:20.994+0000] {processor.py:157} INFO - Started process (PID=155) to work on /opt/airflow/dags/welcome.py
[2023-10-18T16:37:20.995+0000] {processor.py:829} INFO - Processing file /opt/airflow/dags/welcome.py for tasks to queue
[2023-10-18T16:37:20.996+0000] {logging_mixin.py:151} INFO - [2023-10-18T16:37:20.996+0000] {dagbag.py:539} INFO - Filling up the DagBag from /opt/airflow/dags/welcome.py
[2023-10-18T16:37:21.027+0000] {processor.py:839} INFO - DAG(s) dict_keys(['welcome_dag']) retrieved from /opt/airflow/dags/welcome.py
[2023-10-18T16:37:21.062+0000] {logging_mixin.py:151} INFO - [2023-10-18T16:37:21.062+0000] {dag.py:2915} INFO - Sync 1 DAGs
[2023-10-18T16:37:21.089+0000] {logging_mixin.py:151} INFO - [2023-10-18T16:37:21.088+0000] {dag.py:3696} INFO - Setting next_dagrun for welcome_dag to 2023-10-17T22:00:00+00:00, run_after=2023-10-18T22:00:00+00:00
[2023-10-18T16:37:21.161+0000] {processor.py:179} INFO - Processing /opt/airflow/dags/welcome.py took 0.169 seconds
[2023-10-18T16:37:51.676+0000] {processor.py:157} INFO - Started process (PID=158) to work on /opt/airflow/dags/welcome.py
[2023-10-18T16:37:51.677+0000] {processor.py:829} INFO - Processing file /opt/airflow/dags/welcome.py for tasks to queue
[2023-10-18T16:37:51.678+0000] {logging_mixin.py:151} INFO - [2023-10-18T16:37:51.678+0000] {dagbag.py:539} INFO - Filling up the DagBag from /opt/airflow/dags/welcome.py
[2023-10-18T16:37:51.717+0000] {processor.py:839} INFO - DAG(s) dict_keys(['welcome_dag']) retrieved from /opt/airflow/dags/welcome.py
[2023-10-18T16:37:51.756+0000] {logging_mixin.py:151} INFO - [2023-10-18T16:37:51.756+0000] {dag.py:2915} INFO - Sync 1 DAGs
[2023-10-18T16:37:51.783+0000] {logging_mixin.py:151} INFO - [2023-10-18T16:37:51.783+0000] {dag.py:3696} INFO - Setting next_dagrun for welcome_dag to 2023-10-17T22:00:00+00:00, run_after=2023-10-18T22:00:00+00:00
[2023-10-18T16:37:51.869+0000] {processor.py:179} INFO - Processing /opt/airflow/dags/welcome.py took 0.196 seconds
[2023-10-18T16:38:22.517+0000] {processor.py:157} INFO - Started process (PID=161) to work on /opt/airflow/dags/welcome.py
[2023-10-18T16:38:22.518+0000] {processor.py:829} INFO - Processing file /opt/airflow/dags/welcome.py for tasks to queue
[2023-10-18T16:38:22.519+0000] {logging_mixin.py:151} INFO - [2023-10-18T16:38:22.519+0000] {dagbag.py:539} INFO - Filling up the DagBag from /opt/airflow/dags/welcome.py
[2023-10-18T16:38:22.544+0000] {processor.py:839} INFO - DAG(s) dict_keys(['welcome_dag']) retrieved from /opt/airflow/dags/welcome.py
[2023-10-18T16:38:22.572+0000] {logging_mixin.py:151} INFO - [2023-10-18T16:38:22.572+0000] {dag.py:2915} INFO - Sync 1 DAGs
[2023-10-18T16:38:22.603+0000] {logging_mixin.py:151} INFO - [2023-10-18T16:38:22.603+0000] {dag.py:3696} INFO - Setting next_dagrun for welcome_dag to 2023-10-17T22:00:00+00:00, run_after=2023-10-18T22:00:00+00:00
[2023-10-18T16:38:22.687+0000] {processor.py:179} INFO - Processing /opt/airflow/dags/welcome.py took 0.173 seconds
[2023-10-18T16:38:52.987+0000] {processor.py:157} INFO - Started process (PID=164) to work on /opt/airflow/dags/welcome.py
[2023-10-18T16:38:52.988+0000] {processor.py:829} INFO - Processing file /opt/airflow/dags/welcome.py for tasks to queue
[2023-10-18T16:38:52.989+0000] {logging_mixin.py:151} INFO - [2023-10-18T16:38:52.989+0000] {dagbag.py:539} INFO - Filling up the DagBag from /opt/airflow/dags/welcome.py
[2023-10-18T16:38:53.025+0000] {processor.py:839} INFO - DAG(s) dict_keys(['welcome_dag']) retrieved from /opt/airflow/dags/welcome.py
[2023-10-18T16:38:53.067+0000] {logging_mixin.py:151} INFO - [2023-10-18T16:38:53.066+0000] {dag.py:2915} INFO - Sync 1 DAGs
[2023-10-18T16:38:53.102+0000] {logging_mixin.py:151} INFO - [2023-10-18T16:38:53.102+0000] {dag.py:3696} INFO - Setting next_dagrun for welcome_dag to 2023-10-17T22:00:00+00:00, run_after=2023-10-18T22:00:00+00:00
[2023-10-18T16:38:53.185+0000] {processor.py:179} INFO - Processing /opt/airflow/dags/welcome.py took 0.201 seconds
[2023-10-18T16:39:23.569+0000] {processor.py:157} INFO - Started process (PID=167) to work on /opt/airflow/dags/welcome.py
[2023-10-18T16:39:23.570+0000] {processor.py:829} INFO - Processing file /opt/airflow/dags/welcome.py for tasks to queue
[2023-10-18T16:39:23.571+0000] {logging_mixin.py:151} INFO - [2023-10-18T16:39:23.571+0000] {dagbag.py:539} INFO - Filling up the DagBag from /opt/airflow/dags/welcome.py
[2023-10-18T16:39:23.601+0000] {processor.py:839} INFO - DAG(s) dict_keys(['welcome_dag']) retrieved from /opt/airflow/dags/welcome.py
[2023-10-18T16:39:23.634+0000] {logging_mixin.py:151} INFO - [2023-10-18T16:39:23.633+0000] {dag.py:2915} INFO - Sync 1 DAGs
[2023-10-18T16:39:23.675+0000] {logging_mixin.py:151} INFO - [2023-10-18T16:39:23.674+0000] {dag.py:3696} INFO - Setting next_dagrun for welcome_dag to 2023-10-17T22:00:00+00:00, run_after=2023-10-18T22:00:00+00:00
[2023-10-18T16:39:23.786+0000] {processor.py:179} INFO - Processing /opt/airflow/dags/welcome.py took 0.219 seconds
[2023-10-18T16:39:54.156+0000] {processor.py:157} INFO - Started process (PID=170) to work on /opt/airflow/dags/welcome.py
[2023-10-18T16:39:54.157+0000] {processor.py:829} INFO - Processing file /opt/airflow/dags/welcome.py for tasks to queue
[2023-10-18T16:39:54.158+0000] {logging_mixin.py:151} INFO - [2023-10-18T16:39:54.158+0000] {dagbag.py:539} INFO - Filling up the DagBag from /opt/airflow/dags/welcome.py
[2023-10-18T16:39:54.193+0000] {processor.py:839} INFO - DAG(s) dict_keys(['welcome_dag']) retrieved from /opt/airflow/dags/welcome.py
[2023-10-18T16:39:54.227+0000] {logging_mixin.py:151} INFO - [2023-10-18T16:39:54.227+0000] {dag.py:2915} INFO - Sync 1 DAGs
[2023-10-18T16:39:54.253+0000] {logging_mixin.py:151} INFO - [2023-10-18T16:39:54.253+0000] {dag.py:3696} INFO - Setting next_dagrun for welcome_dag to 2023-10-17T22:00:00+00:00, run_after=2023-10-18T22:00:00+00:00
[2023-10-18T16:39:54.325+0000] {processor.py:179} INFO - Processing /opt/airflow/dags/welcome.py took 0.171 seconds
[2023-10-18T16:40:25.928+0000] {processor.py:157} INFO - Started process (PID=173) to work on /opt/airflow/dags/welcome.py
[2023-10-18T16:40:25.930+0000] {processor.py:829} INFO - Processing file /opt/airflow/dags/welcome.py for tasks to queue
[2023-10-18T16:40:25.931+0000] {logging_mixin.py:151} INFO - [2023-10-18T16:40:25.930+0000] {dagbag.py:539} INFO - Filling up the DagBag from /opt/airflow/dags/welcome.py
[2023-10-18T16:40:25.965+0000] {processor.py:839} INFO - DAG(s) dict_keys(['welcome_dag']) retrieved from /opt/airflow/dags/welcome.py
[2023-10-18T16:40:25.998+0000] {logging_mixin.py:151} INFO - [2023-10-18T16:40:25.997+0000] {dag.py:2915} INFO - Sync 1 DAGs
[2023-10-18T16:40:26.025+0000] {logging_mixin.py:151} INFO - [2023-10-18T16:40:26.025+0000] {dag.py:3696} INFO - Setting next_dagrun for welcome_dag to 2023-10-17T22:00:00+00:00, run_after=2023-10-18T22:00:00+00:00
[2023-10-18T16:40:26.112+0000] {processor.py:179} INFO - Processing /opt/airflow/dags/welcome.py took 0.186 seconds
