[2023-10-18T16:25:00.170+0000] {processor.py:157} INFO - Started process (PID=225) to work on /opt/airflow/dags/booking_ingestion.py
[2023-10-18T16:25:00.172+0000] {processor.py:829} INFO - Processing file /opt/airflow/dags/booking_ingestion.py for tasks to queue
[2023-10-18T16:25:00.173+0000] {logging_mixin.py:151} INFO - [2023-10-18T16:25:00.172+0000] {dagbag.py:539} INFO - Filling up the DagBag from /opt/airflow/dags/booking_ingestion.py
[2023-10-18T16:25:00.550+0000] {processor.py:839} INFO - DAG(s) dict_keys(['booking_ingestion']) retrieved from /opt/airflow/dags/booking_ingestion.py
[2023-10-18T16:25:00.687+0000] {logging_mixin.py:151} INFO - [2023-10-18T16:25:00.687+0000] {security.py:708} INFO - Not syncing DAG-level permissions for DAG 'DAG:booking_ingestion' as access control is unset.
[2023-10-18T16:25:00.688+0000] {logging_mixin.py:151} INFO - [2023-10-18T16:25:00.688+0000] {dag.py:2915} INFO - Sync 1 DAGs
[2023-10-18T16:25:00.744+0000] {logging_mixin.py:151} INFO - [2023-10-18T16:25:00.743+0000] {dag.py:3696} INFO - Setting next_dagrun for booking_ingestion to 2023-10-18T16:20:07.679090+00:00, run_after=2023-10-18T17:20:07.679090+00:00
[2023-10-18T16:25:00.861+0000] {processor.py:179} INFO - Processing /opt/airflow/dags/booking_ingestion.py took 0.693 seconds
[2023-10-18T16:25:31.215+0000] {processor.py:157} INFO - Started process (PID=239) to work on /opt/airflow/dags/booking_ingestion.py
[2023-10-18T16:25:31.216+0000] {processor.py:829} INFO - Processing file /opt/airflow/dags/booking_ingestion.py for tasks to queue
[2023-10-18T16:25:31.217+0000] {logging_mixin.py:151} INFO - [2023-10-18T16:25:31.217+0000] {dagbag.py:539} INFO - Filling up the DagBag from /opt/airflow/dags/booking_ingestion.py
[2023-10-18T16:25:31.470+0000] {processor.py:839} INFO - DAG(s) dict_keys(['booking_ingestion']) retrieved from /opt/airflow/dags/booking_ingestion.py
[2023-10-18T16:25:31.501+0000] {logging_mixin.py:151} INFO - [2023-10-18T16:25:31.501+0000] {dag.py:2915} INFO - Sync 1 DAGs
[2023-10-18T16:25:31.536+0000] {logging_mixin.py:151} INFO - [2023-10-18T16:25:31.535+0000] {dag.py:3696} INFO - Setting next_dagrun for booking_ingestion to 2023-10-18T16:20:07.679090+00:00, run_after=2023-10-18T17:20:07.679090+00:00
[2023-10-18T16:25:31.604+0000] {processor.py:179} INFO - Processing /opt/airflow/dags/booking_ingestion.py took 0.391 seconds
[2023-10-18T16:26:01.893+0000] {processor.py:157} INFO - Started process (PID=253) to work on /opt/airflow/dags/booking_ingestion.py
[2023-10-18T16:26:01.895+0000] {processor.py:829} INFO - Processing file /opt/airflow/dags/booking_ingestion.py for tasks to queue
[2023-10-18T16:26:01.896+0000] {logging_mixin.py:151} INFO - [2023-10-18T16:26:01.896+0000] {dagbag.py:539} INFO - Filling up the DagBag from /opt/airflow/dags/booking_ingestion.py
[2023-10-18T16:26:02.182+0000] {processor.py:839} INFO - DAG(s) dict_keys(['booking_ingestion']) retrieved from /opt/airflow/dags/booking_ingestion.py
[2023-10-18T16:26:02.212+0000] {logging_mixin.py:151} INFO - [2023-10-18T16:26:02.212+0000] {dag.py:2915} INFO - Sync 1 DAGs
[2023-10-18T16:26:02.242+0000] {logging_mixin.py:151} INFO - [2023-10-18T16:26:02.242+0000] {dag.py:3696} INFO - Setting next_dagrun for booking_ingestion to 2023-10-18T16:20:07.679090+00:00, run_after=2023-10-18T17:20:07.679090+00:00
[2023-10-18T16:26:02.319+0000] {processor.py:179} INFO - Processing /opt/airflow/dags/booking_ingestion.py took 0.429 seconds
[2023-10-18T16:26:33.209+0000] {processor.py:157} INFO - Started process (PID=256) to work on /opt/airflow/dags/booking_ingestion.py
[2023-10-18T16:26:33.210+0000] {processor.py:829} INFO - Processing file /opt/airflow/dags/booking_ingestion.py for tasks to queue
[2023-10-18T16:26:33.211+0000] {logging_mixin.py:151} INFO - [2023-10-18T16:26:33.211+0000] {dagbag.py:539} INFO - Filling up the DagBag from /opt/airflow/dags/booking_ingestion.py
[2023-10-18T16:26:33.499+0000] {processor.py:839} INFO - DAG(s) dict_keys(['booking_ingestion']) retrieved from /opt/airflow/dags/booking_ingestion.py
[2023-10-18T16:26:33.528+0000] {logging_mixin.py:151} INFO - [2023-10-18T16:26:33.526+0000] {dag.py:2915} INFO - Sync 1 DAGs
[2023-10-18T16:26:33.555+0000] {logging_mixin.py:151} INFO - [2023-10-18T16:26:33.555+0000] {dag.py:3696} INFO - Setting next_dagrun for booking_ingestion to 2023-10-18T16:20:07.679090+00:00, run_after=2023-10-18T17:20:07.679090+00:00
[2023-10-18T16:26:33.633+0000] {processor.py:179} INFO - Processing /opt/airflow/dags/booking_ingestion.py took 0.426 seconds
[2023-10-18T16:27:04.300+0000] {processor.py:157} INFO - Started process (PID=259) to work on /opt/airflow/dags/booking_ingestion.py
[2023-10-18T16:27:04.301+0000] {processor.py:829} INFO - Processing file /opt/airflow/dags/booking_ingestion.py for tasks to queue
[2023-10-18T16:27:04.302+0000] {logging_mixin.py:151} INFO - [2023-10-18T16:27:04.301+0000] {dagbag.py:539} INFO - Filling up the DagBag from /opt/airflow/dags/booking_ingestion.py
[2023-10-18T16:27:04.604+0000] {processor.py:839} INFO - DAG(s) dict_keys(['booking_ingestion']) retrieved from /opt/airflow/dags/booking_ingestion.py
[2023-10-18T16:27:04.632+0000] {logging_mixin.py:151} INFO - [2023-10-18T16:27:04.632+0000] {dag.py:2915} INFO - Sync 1 DAGs
[2023-10-18T16:27:04.655+0000] {logging_mixin.py:151} INFO - [2023-10-18T16:27:04.654+0000] {dag.py:3696} INFO - Setting next_dagrun for booking_ingestion to 2023-10-18T16:20:07.679090+00:00, run_after=2023-10-18T17:20:07.679090+00:00
[2023-10-18T16:27:04.729+0000] {processor.py:179} INFO - Processing /opt/airflow/dags/booking_ingestion.py took 0.432 seconds
[2023-10-18T16:27:32.369+0000] {processor.py:157} INFO - Started process (PID=60) to work on /opt/airflow/dags/booking_ingestion.py
[2023-10-18T16:27:32.370+0000] {processor.py:829} INFO - Processing file /opt/airflow/dags/booking_ingestion.py for tasks to queue
[2023-10-18T16:27:32.371+0000] {logging_mixin.py:151} INFO - [2023-10-18T16:27:32.371+0000] {dagbag.py:539} INFO - Filling up the DagBag from /opt/airflow/dags/booking_ingestion.py
[2023-10-18T16:27:32.842+0000] {processor.py:839} INFO - DAG(s) dict_keys(['booking_ingestion']) retrieved from /opt/airflow/dags/booking_ingestion.py
[2023-10-18T16:27:32.856+0000] {logging_mixin.py:151} INFO - [2023-10-18T16:27:32.856+0000] {dag.py:2915} INFO - Sync 1 DAGs
[2023-10-18T16:27:32.881+0000] {logging_mixin.py:151} INFO - [2023-10-18T16:27:32.881+0000] {dag.py:3696} INFO - Setting next_dagrun for booking_ingestion to 2023-10-18T16:20:07.679090+00:00, run_after=2023-10-18T17:20:07.679090+00:00
[2023-10-18T16:27:32.966+0000] {processor.py:179} INFO - Processing /opt/airflow/dags/booking_ingestion.py took 0.602 seconds
[2023-10-18T16:28:03.114+0000] {processor.py:157} INFO - Started process (PID=77) to work on /opt/airflow/dags/booking_ingestion.py
[2023-10-18T16:28:03.115+0000] {processor.py:829} INFO - Processing file /opt/airflow/dags/booking_ingestion.py for tasks to queue
[2023-10-18T16:28:03.117+0000] {logging_mixin.py:151} INFO - [2023-10-18T16:28:03.116+0000] {dagbag.py:539} INFO - Filling up the DagBag from /opt/airflow/dags/booking_ingestion.py
[2023-10-18T16:28:03.465+0000] {processor.py:839} INFO - DAG(s) dict_keys(['booking_ingestion']) retrieved from /opt/airflow/dags/booking_ingestion.py
[2023-10-18T16:28:03.489+0000] {logging_mixin.py:151} INFO - [2023-10-18T16:28:03.489+0000] {dag.py:2915} INFO - Sync 1 DAGs
[2023-10-18T16:28:03.516+0000] {logging_mixin.py:151} INFO - [2023-10-18T16:28:03.515+0000] {dag.py:3696} INFO - Setting next_dagrun for booking_ingestion to 2023-10-18T16:20:07.679090+00:00, run_after=2023-10-18T17:20:07.679090+00:00
[2023-10-18T16:28:03.614+0000] {processor.py:179} INFO - Processing /opt/airflow/dags/booking_ingestion.py took 0.503 seconds
[2023-10-18T16:28:34.101+0000] {processor.py:157} INFO - Started process (PID=102) to work on /opt/airflow/dags/booking_ingestion.py
[2023-10-18T16:28:34.103+0000] {processor.py:829} INFO - Processing file /opt/airflow/dags/booking_ingestion.py for tasks to queue
[2023-10-18T16:28:34.104+0000] {logging_mixin.py:151} INFO - [2023-10-18T16:28:34.104+0000] {dagbag.py:539} INFO - Filling up the DagBag from /opt/airflow/dags/booking_ingestion.py
[2023-10-18T16:28:34.452+0000] {processor.py:839} INFO - DAG(s) dict_keys(['booking_ingestion']) retrieved from /opt/airflow/dags/booking_ingestion.py
[2023-10-18T16:28:34.482+0000] {logging_mixin.py:151} INFO - [2023-10-18T16:28:34.481+0000] {dag.py:2915} INFO - Sync 1 DAGs
[2023-10-18T16:28:34.506+0000] {logging_mixin.py:151} INFO - [2023-10-18T16:28:34.506+0000] {dag.py:3696} INFO - Setting next_dagrun for booking_ingestion to 2023-10-18T16:20:07.679090+00:00, run_after=2023-10-18T17:20:07.679090+00:00
[2023-10-18T16:28:34.573+0000] {processor.py:179} INFO - Processing /opt/airflow/dags/booking_ingestion.py took 0.475 seconds
[2023-10-18T16:29:05.064+0000] {processor.py:157} INFO - Started process (PID=105) to work on /opt/airflow/dags/booking_ingestion.py
[2023-10-18T16:29:05.065+0000] {processor.py:829} INFO - Processing file /opt/airflow/dags/booking_ingestion.py for tasks to queue
[2023-10-18T16:29:05.066+0000] {logging_mixin.py:151} INFO - [2023-10-18T16:29:05.066+0000] {dagbag.py:539} INFO - Filling up the DagBag from /opt/airflow/dags/booking_ingestion.py
[2023-10-18T16:29:05.460+0000] {processor.py:839} INFO - DAG(s) dict_keys(['booking_ingestion']) retrieved from /opt/airflow/dags/booking_ingestion.py
[2023-10-18T16:29:05.496+0000] {logging_mixin.py:151} INFO - [2023-10-18T16:29:05.495+0000] {dag.py:2915} INFO - Sync 1 DAGs
[2023-10-18T16:29:05.525+0000] {logging_mixin.py:151} INFO - [2023-10-18T16:29:05.525+0000] {dag.py:3696} INFO - Setting next_dagrun for booking_ingestion to 2023-10-18T16:20:07.679090+00:00, run_after=2023-10-18T17:20:07.679090+00:00
[2023-10-18T16:29:05.602+0000] {processor.py:179} INFO - Processing /opt/airflow/dags/booking_ingestion.py took 0.540 seconds
[2023-10-18T16:29:35.931+0000] {processor.py:157} INFO - Started process (PID=108) to work on /opt/airflow/dags/booking_ingestion.py
[2023-10-18T16:29:35.932+0000] {processor.py:829} INFO - Processing file /opt/airflow/dags/booking_ingestion.py for tasks to queue
[2023-10-18T16:29:35.933+0000] {logging_mixin.py:151} INFO - [2023-10-18T16:29:35.932+0000] {dagbag.py:539} INFO - Filling up the DagBag from /opt/airflow/dags/booking_ingestion.py
[2023-10-18T16:29:36.304+0000] {processor.py:839} INFO - DAG(s) dict_keys(['booking_ingestion']) retrieved from /opt/airflow/dags/booking_ingestion.py
[2023-10-18T16:29:36.328+0000] {logging_mixin.py:151} INFO - [2023-10-18T16:29:36.328+0000] {dag.py:2915} INFO - Sync 1 DAGs
[2023-10-18T16:29:36.350+0000] {logging_mixin.py:151} INFO - [2023-10-18T16:29:36.350+0000] {dag.py:3696} INFO - Setting next_dagrun for booking_ingestion to 2023-10-18T16:20:07.679090+00:00, run_after=2023-10-18T17:20:07.679090+00:00
[2023-10-18T16:29:36.416+0000] {processor.py:179} INFO - Processing /opt/airflow/dags/booking_ingestion.py took 0.487 seconds
[2023-10-18T16:30:06.820+0000] {processor.py:157} INFO - Started process (PID=111) to work on /opt/airflow/dags/booking_ingestion.py
[2023-10-18T16:30:06.821+0000] {processor.py:829} INFO - Processing file /opt/airflow/dags/booking_ingestion.py for tasks to queue
[2023-10-18T16:30:06.822+0000] {logging_mixin.py:151} INFO - [2023-10-18T16:30:06.821+0000] {dagbag.py:539} INFO - Filling up the DagBag from /opt/airflow/dags/booking_ingestion.py
[2023-10-18T16:30:07.220+0000] {processor.py:839} INFO - DAG(s) dict_keys(['booking_ingestion']) retrieved from /opt/airflow/dags/booking_ingestion.py
[2023-10-18T16:30:07.255+0000] {logging_mixin.py:151} INFO - [2023-10-18T16:30:07.255+0000] {dag.py:2915} INFO - Sync 1 DAGs
[2023-10-18T16:30:07.283+0000] {logging_mixin.py:151} INFO - [2023-10-18T16:30:07.283+0000] {dag.py:3696} INFO - Setting next_dagrun for booking_ingestion to 2023-10-18T16:20:07.679090+00:00, run_after=2023-10-18T17:20:07.679090+00:00
[2023-10-18T16:30:07.368+0000] {processor.py:179} INFO - Processing /opt/airflow/dags/booking_ingestion.py took 0.551 seconds
[2023-10-18T16:30:37.723+0000] {processor.py:157} INFO - Started process (PID=114) to work on /opt/airflow/dags/booking_ingestion.py
[2023-10-18T16:30:37.724+0000] {processor.py:829} INFO - Processing file /opt/airflow/dags/booking_ingestion.py for tasks to queue
[2023-10-18T16:30:37.725+0000] {logging_mixin.py:151} INFO - [2023-10-18T16:30:37.725+0000] {dagbag.py:539} INFO - Filling up the DagBag from /opt/airflow/dags/booking_ingestion.py
[2023-10-18T16:30:38.050+0000] {processor.py:839} INFO - DAG(s) dict_keys(['booking_ingestion']) retrieved from /opt/airflow/dags/booking_ingestion.py
[2023-10-18T16:30:38.076+0000] {logging_mixin.py:151} INFO - [2023-10-18T16:30:38.076+0000] {dag.py:2915} INFO - Sync 1 DAGs
[2023-10-18T16:30:38.103+0000] {logging_mixin.py:151} INFO - [2023-10-18T16:30:38.102+0000] {dag.py:3696} INFO - Setting next_dagrun for booking_ingestion to 2023-10-18T16:20:07.679090+00:00, run_after=2023-10-18T17:20:07.679090+00:00
[2023-10-18T16:30:38.176+0000] {processor.py:179} INFO - Processing /opt/airflow/dags/booking_ingestion.py took 0.456 seconds
[2023-10-18T16:31:08.621+0000] {processor.py:157} INFO - Started process (PID=117) to work on /opt/airflow/dags/booking_ingestion.py
[2023-10-18T16:31:08.622+0000] {processor.py:829} INFO - Processing file /opt/airflow/dags/booking_ingestion.py for tasks to queue
[2023-10-18T16:31:08.624+0000] {logging_mixin.py:151} INFO - [2023-10-18T16:31:08.623+0000] {dagbag.py:539} INFO - Filling up the DagBag from /opt/airflow/dags/booking_ingestion.py
[2023-10-18T16:31:08.960+0000] {processor.py:839} INFO - DAG(s) dict_keys(['booking_ingestion']) retrieved from /opt/airflow/dags/booking_ingestion.py
[2023-10-18T16:31:08.991+0000] {logging_mixin.py:151} INFO - [2023-10-18T16:31:08.991+0000] {dag.py:2915} INFO - Sync 1 DAGs
[2023-10-18T16:31:09.019+0000] {logging_mixin.py:151} INFO - [2023-10-18T16:31:09.019+0000] {dag.py:3696} INFO - Setting next_dagrun for booking_ingestion to 2023-10-18T16:20:07.679090+00:00, run_after=2023-10-18T17:20:07.679090+00:00
[2023-10-18T16:31:09.096+0000] {processor.py:179} INFO - Processing /opt/airflow/dags/booking_ingestion.py took 0.477 seconds
[2023-10-18T16:31:39.544+0000] {processor.py:157} INFO - Started process (PID=120) to work on /opt/airflow/dags/booking_ingestion.py
[2023-10-18T16:31:39.545+0000] {processor.py:829} INFO - Processing file /opt/airflow/dags/booking_ingestion.py for tasks to queue
[2023-10-18T16:31:39.546+0000] {logging_mixin.py:151} INFO - [2023-10-18T16:31:39.546+0000] {dagbag.py:539} INFO - Filling up the DagBag from /opt/airflow/dags/booking_ingestion.py
[2023-10-18T16:31:39.878+0000] {processor.py:839} INFO - DAG(s) dict_keys(['booking_ingestion']) retrieved from /opt/airflow/dags/booking_ingestion.py
[2023-10-18T16:31:39.905+0000] {logging_mixin.py:151} INFO - [2023-10-18T16:31:39.904+0000] {dag.py:2915} INFO - Sync 1 DAGs
[2023-10-18T16:31:39.928+0000] {logging_mixin.py:151} INFO - [2023-10-18T16:31:39.928+0000] {dag.py:3696} INFO - Setting next_dagrun for booking_ingestion to 2023-10-18T16:20:07.679090+00:00, run_after=2023-10-18T17:20:07.679090+00:00
[2023-10-18T16:31:40.014+0000] {processor.py:179} INFO - Processing /opt/airflow/dags/booking_ingestion.py took 0.472 seconds
[2023-10-18T16:32:10.423+0000] {processor.py:157} INFO - Started process (PID=123) to work on /opt/airflow/dags/booking_ingestion.py
[2023-10-18T16:32:10.424+0000] {processor.py:829} INFO - Processing file /opt/airflow/dags/booking_ingestion.py for tasks to queue
[2023-10-18T16:32:10.425+0000] {logging_mixin.py:151} INFO - [2023-10-18T16:32:10.425+0000] {dagbag.py:539} INFO - Filling up the DagBag from /opt/airflow/dags/booking_ingestion.py
[2023-10-18T16:32:10.773+0000] {processor.py:839} INFO - DAG(s) dict_keys(['booking_ingestion']) retrieved from /opt/airflow/dags/booking_ingestion.py
[2023-10-18T16:32:10.808+0000] {logging_mixin.py:151} INFO - [2023-10-18T16:32:10.807+0000] {dag.py:2915} INFO - Sync 1 DAGs
[2023-10-18T16:32:10.837+0000] {logging_mixin.py:151} INFO - [2023-10-18T16:32:10.837+0000] {dag.py:3696} INFO - Setting next_dagrun for booking_ingestion to 2023-10-18T16:20:07.679090+00:00, run_after=2023-10-18T17:20:07.679090+00:00
[2023-10-18T16:32:10.901+0000] {processor.py:179} INFO - Processing /opt/airflow/dags/booking_ingestion.py took 0.480 seconds
[2023-10-18T16:32:41.187+0000] {processor.py:157} INFO - Started process (PID=126) to work on /opt/airflow/dags/booking_ingestion.py
[2023-10-18T16:32:41.188+0000] {processor.py:829} INFO - Processing file /opt/airflow/dags/booking_ingestion.py for tasks to queue
[2023-10-18T16:32:41.189+0000] {logging_mixin.py:151} INFO - [2023-10-18T16:32:41.189+0000] {dagbag.py:539} INFO - Filling up the DagBag from /opt/airflow/dags/booking_ingestion.py
[2023-10-18T16:32:41.544+0000] {processor.py:839} INFO - DAG(s) dict_keys(['booking_ingestion']) retrieved from /opt/airflow/dags/booking_ingestion.py
[2023-10-18T16:32:41.580+0000] {logging_mixin.py:151} INFO - [2023-10-18T16:32:41.579+0000] {dag.py:2915} INFO - Sync 1 DAGs
[2023-10-18T16:32:41.607+0000] {logging_mixin.py:151} INFO - [2023-10-18T16:32:41.607+0000] {dag.py:3696} INFO - Setting next_dagrun for booking_ingestion to 2023-10-18T16:20:07.679090+00:00, run_after=2023-10-18T17:20:07.679090+00:00
[2023-10-18T16:32:41.681+0000] {processor.py:179} INFO - Processing /opt/airflow/dags/booking_ingestion.py took 0.497 seconds
[2023-10-18T16:33:12.005+0000] {processor.py:157} INFO - Started process (PID=129) to work on /opt/airflow/dags/booking_ingestion.py
[2023-10-18T16:33:12.006+0000] {processor.py:829} INFO - Processing file /opt/airflow/dags/booking_ingestion.py for tasks to queue
[2023-10-18T16:33:12.007+0000] {logging_mixin.py:151} INFO - [2023-10-18T16:33:12.006+0000] {dagbag.py:539} INFO - Filling up the DagBag from /opt/airflow/dags/booking_ingestion.py
[2023-10-18T16:33:12.334+0000] {processor.py:839} INFO - DAG(s) dict_keys(['booking_ingestion']) retrieved from /opt/airflow/dags/booking_ingestion.py
[2023-10-18T16:33:12.365+0000] {logging_mixin.py:151} INFO - [2023-10-18T16:33:12.364+0000] {dag.py:2915} INFO - Sync 1 DAGs
[2023-10-18T16:33:12.391+0000] {logging_mixin.py:151} INFO - [2023-10-18T16:33:12.390+0000] {dag.py:3696} INFO - Setting next_dagrun for booking_ingestion to 2023-10-18T16:20:07.679090+00:00, run_after=2023-10-18T17:20:07.679090+00:00
[2023-10-18T16:33:12.450+0000] {processor.py:179} INFO - Processing /opt/airflow/dags/booking_ingestion.py took 0.448 seconds
[2023-10-18T16:33:43.092+0000] {processor.py:157} INFO - Started process (PID=132) to work on /opt/airflow/dags/booking_ingestion.py
[2023-10-18T16:33:43.094+0000] {processor.py:829} INFO - Processing file /opt/airflow/dags/booking_ingestion.py for tasks to queue
[2023-10-18T16:33:43.095+0000] {logging_mixin.py:151} INFO - [2023-10-18T16:33:43.095+0000] {dagbag.py:539} INFO - Filling up the DagBag from /opt/airflow/dags/booking_ingestion.py
[2023-10-18T16:33:43.442+0000] {processor.py:839} INFO - DAG(s) dict_keys(['booking_ingestion']) retrieved from /opt/airflow/dags/booking_ingestion.py
[2023-10-18T16:33:43.478+0000] {logging_mixin.py:151} INFO - [2023-10-18T16:33:43.477+0000] {dag.py:2915} INFO - Sync 1 DAGs
[2023-10-18T16:33:43.505+0000] {logging_mixin.py:151} INFO - [2023-10-18T16:33:43.505+0000] {dag.py:3696} INFO - Setting next_dagrun for booking_ingestion to 2023-10-18T16:20:07.679090+00:00, run_after=2023-10-18T17:20:07.679090+00:00
[2023-10-18T16:33:43.604+0000] {processor.py:179} INFO - Processing /opt/airflow/dags/booking_ingestion.py took 0.513 seconds
[2023-10-18T16:34:14.065+0000] {processor.py:157} INFO - Started process (PID=135) to work on /opt/airflow/dags/booking_ingestion.py
[2023-10-18T16:34:14.067+0000] {processor.py:829} INFO - Processing file /opt/airflow/dags/booking_ingestion.py for tasks to queue
[2023-10-18T16:34:14.067+0000] {logging_mixin.py:151} INFO - [2023-10-18T16:34:14.067+0000] {dagbag.py:539} INFO - Filling up the DagBag from /opt/airflow/dags/booking_ingestion.py
[2023-10-18T16:34:14.384+0000] {processor.py:839} INFO - DAG(s) dict_keys(['booking_ingestion']) retrieved from /opt/airflow/dags/booking_ingestion.py
[2023-10-18T16:34:14.418+0000] {logging_mixin.py:151} INFO - [2023-10-18T16:34:14.417+0000] {dag.py:2915} INFO - Sync 1 DAGs
[2023-10-18T16:34:14.441+0000] {logging_mixin.py:151} INFO - [2023-10-18T16:34:14.441+0000] {dag.py:3696} INFO - Setting next_dagrun for booking_ingestion to 2023-10-18T16:20:07.679090+00:00, run_after=2023-10-18T17:20:07.679090+00:00
[2023-10-18T16:34:14.537+0000] {processor.py:179} INFO - Processing /opt/airflow/dags/booking_ingestion.py took 0.474 seconds
[2023-10-18T16:34:45.057+0000] {processor.py:157} INFO - Started process (PID=138) to work on /opt/airflow/dags/booking_ingestion.py
[2023-10-18T16:34:45.058+0000] {processor.py:829} INFO - Processing file /opt/airflow/dags/booking_ingestion.py for tasks to queue
[2023-10-18T16:34:45.059+0000] {logging_mixin.py:151} INFO - [2023-10-18T16:34:45.059+0000] {dagbag.py:539} INFO - Filling up the DagBag from /opt/airflow/dags/booking_ingestion.py
[2023-10-18T16:34:45.368+0000] {processor.py:839} INFO - DAG(s) dict_keys(['booking_ingestion']) retrieved from /opt/airflow/dags/booking_ingestion.py
[2023-10-18T16:34:45.410+0000] {logging_mixin.py:151} INFO - [2023-10-18T16:34:45.410+0000] {dag.py:2915} INFO - Sync 1 DAGs
[2023-10-18T16:34:45.437+0000] {logging_mixin.py:151} INFO - [2023-10-18T16:34:45.437+0000] {dag.py:3696} INFO - Setting next_dagrun for booking_ingestion to 2023-10-18T16:20:07.679090+00:00, run_after=2023-10-18T17:20:07.679090+00:00
[2023-10-18T16:34:45.503+0000] {processor.py:179} INFO - Processing /opt/airflow/dags/booking_ingestion.py took 0.449 seconds
[2023-10-18T16:35:15.811+0000] {processor.py:157} INFO - Started process (PID=141) to work on /opt/airflow/dags/booking_ingestion.py
[2023-10-18T16:35:15.812+0000] {processor.py:829} INFO - Processing file /opt/airflow/dags/booking_ingestion.py for tasks to queue
[2023-10-18T16:35:15.813+0000] {logging_mixin.py:151} INFO - [2023-10-18T16:35:15.813+0000] {dagbag.py:539} INFO - Filling up the DagBag from /opt/airflow/dags/booking_ingestion.py
[2023-10-18T16:35:16.072+0000] {processor.py:839} INFO - DAG(s) dict_keys(['booking_ingestion']) retrieved from /opt/airflow/dags/booking_ingestion.py
[2023-10-18T16:35:16.106+0000] {logging_mixin.py:151} INFO - [2023-10-18T16:35:16.105+0000] {dag.py:2915} INFO - Sync 1 DAGs
[2023-10-18T16:35:16.137+0000] {logging_mixin.py:151} INFO - [2023-10-18T16:35:16.136+0000] {dag.py:3696} INFO - Setting next_dagrun for booking_ingestion to 2023-10-18T16:20:07.679090+00:00, run_after=2023-10-18T17:20:07.679090+00:00
[2023-10-18T16:35:16.194+0000] {processor.py:179} INFO - Processing /opt/airflow/dags/booking_ingestion.py took 0.385 seconds
[2023-10-18T16:35:46.631+0000] {processor.py:157} INFO - Started process (PID=144) to work on /opt/airflow/dags/booking_ingestion.py
[2023-10-18T16:35:46.633+0000] {processor.py:829} INFO - Processing file /opt/airflow/dags/booking_ingestion.py for tasks to queue
[2023-10-18T16:35:46.634+0000] {logging_mixin.py:151} INFO - [2023-10-18T16:35:46.633+0000] {dagbag.py:539} INFO - Filling up the DagBag from /opt/airflow/dags/booking_ingestion.py
[2023-10-18T16:35:46.901+0000] {processor.py:839} INFO - DAG(s) dict_keys(['booking_ingestion']) retrieved from /opt/airflow/dags/booking_ingestion.py
[2023-10-18T16:35:46.935+0000] {logging_mixin.py:151} INFO - [2023-10-18T16:35:46.934+0000] {dag.py:2915} INFO - Sync 1 DAGs
[2023-10-18T16:35:46.965+0000] {logging_mixin.py:151} INFO - [2023-10-18T16:35:46.965+0000] {dag.py:3696} INFO - Setting next_dagrun for booking_ingestion to 2023-10-18T16:20:07.679090+00:00, run_after=2023-10-18T17:20:07.679090+00:00
[2023-10-18T16:35:47.027+0000] {processor.py:179} INFO - Processing /opt/airflow/dags/booking_ingestion.py took 0.398 seconds
[2023-10-18T16:36:17.444+0000] {processor.py:157} INFO - Started process (PID=147) to work on /opt/airflow/dags/booking_ingestion.py
[2023-10-18T16:36:17.445+0000] {processor.py:829} INFO - Processing file /opt/airflow/dags/booking_ingestion.py for tasks to queue
[2023-10-18T16:36:17.446+0000] {logging_mixin.py:151} INFO - [2023-10-18T16:36:17.446+0000] {dagbag.py:539} INFO - Filling up the DagBag from /opt/airflow/dags/booking_ingestion.py
[2023-10-18T16:36:17.712+0000] {processor.py:839} INFO - DAG(s) dict_keys(['booking_ingestion']) retrieved from /opt/airflow/dags/booking_ingestion.py
[2023-10-18T16:36:17.744+0000] {logging_mixin.py:151} INFO - [2023-10-18T16:36:17.744+0000] {dag.py:2915} INFO - Sync 1 DAGs
[2023-10-18T16:36:17.770+0000] {logging_mixin.py:151} INFO - [2023-10-18T16:36:17.769+0000] {dag.py:3696} INFO - Setting next_dagrun for booking_ingestion to 2023-10-18T16:20:07.679090+00:00, run_after=2023-10-18T17:20:07.679090+00:00
[2023-10-18T16:36:17.844+0000] {processor.py:179} INFO - Processing /opt/airflow/dags/booking_ingestion.py took 0.402 seconds
[2023-10-18T16:36:48.433+0000] {processor.py:157} INFO - Started process (PID=150) to work on /opt/airflow/dags/booking_ingestion.py
[2023-10-18T16:36:48.437+0000] {processor.py:829} INFO - Processing file /opt/airflow/dags/booking_ingestion.py for tasks to queue
[2023-10-18T16:36:48.439+0000] {logging_mixin.py:151} INFO - [2023-10-18T16:36:48.438+0000] {dagbag.py:539} INFO - Filling up the DagBag from /opt/airflow/dags/booking_ingestion.py
[2023-10-18T16:36:48.748+0000] {processor.py:839} INFO - DAG(s) dict_keys(['booking_ingestion']) retrieved from /opt/airflow/dags/booking_ingestion.py
[2023-10-18T16:36:48.782+0000] {logging_mixin.py:151} INFO - [2023-10-18T16:36:48.782+0000] {dag.py:2915} INFO - Sync 1 DAGs
[2023-10-18T16:36:48.812+0000] {logging_mixin.py:151} INFO - [2023-10-18T16:36:48.812+0000] {dag.py:3696} INFO - Setting next_dagrun for booking_ingestion to 2023-10-18T16:20:07.679090+00:00, run_after=2023-10-18T17:20:07.679090+00:00
[2023-10-18T16:36:48.884+0000] {processor.py:179} INFO - Processing /opt/airflow/dags/booking_ingestion.py took 0.454 seconds
[2023-10-18T16:37:19.351+0000] {processor.py:157} INFO - Started process (PID=153) to work on /opt/airflow/dags/booking_ingestion.py
[2023-10-18T16:37:19.352+0000] {processor.py:829} INFO - Processing file /opt/airflow/dags/booking_ingestion.py for tasks to queue
[2023-10-18T16:37:19.353+0000] {logging_mixin.py:151} INFO - [2023-10-18T16:37:19.353+0000] {dagbag.py:539} INFO - Filling up the DagBag from /opt/airflow/dags/booking_ingestion.py
[2023-10-18T16:37:19.610+0000] {processor.py:839} INFO - DAG(s) dict_keys(['booking_ingestion']) retrieved from /opt/airflow/dags/booking_ingestion.py
[2023-10-18T16:37:19.644+0000] {logging_mixin.py:151} INFO - [2023-10-18T16:37:19.643+0000] {dag.py:2915} INFO - Sync 1 DAGs
[2023-10-18T16:37:19.678+0000] {logging_mixin.py:151} INFO - [2023-10-18T16:37:19.677+0000] {dag.py:3696} INFO - Setting next_dagrun for booking_ingestion to 2023-10-18T16:20:07.679090+00:00, run_after=2023-10-18T17:20:07.679090+00:00
[2023-10-18T16:37:19.748+0000] {processor.py:179} INFO - Processing /opt/airflow/dags/booking_ingestion.py took 0.400 seconds
[2023-10-18T16:37:50.123+0000] {processor.py:157} INFO - Started process (PID=156) to work on /opt/airflow/dags/booking_ingestion.py
[2023-10-18T16:37:50.125+0000] {processor.py:829} INFO - Processing file /opt/airflow/dags/booking_ingestion.py for tasks to queue
[2023-10-18T16:37:50.126+0000] {logging_mixin.py:151} INFO - [2023-10-18T16:37:50.125+0000] {dagbag.py:539} INFO - Filling up the DagBag from /opt/airflow/dags/booking_ingestion.py
[2023-10-18T16:37:50.365+0000] {processor.py:839} INFO - DAG(s) dict_keys(['booking_ingestion']) retrieved from /opt/airflow/dags/booking_ingestion.py
[2023-10-18T16:37:50.392+0000] {logging_mixin.py:151} INFO - [2023-10-18T16:37:50.391+0000] {dag.py:2915} INFO - Sync 1 DAGs
[2023-10-18T16:37:50.416+0000] {logging_mixin.py:151} INFO - [2023-10-18T16:37:50.416+0000] {dag.py:3696} INFO - Setting next_dagrun for booking_ingestion to 2023-10-18T16:20:07.679090+00:00, run_after=2023-10-18T17:20:07.679090+00:00
[2023-10-18T16:37:50.473+0000] {processor.py:179} INFO - Processing /opt/airflow/dags/booking_ingestion.py took 0.352 seconds
[2023-10-18T16:38:20.864+0000] {processor.py:157} INFO - Started process (PID=159) to work on /opt/airflow/dags/booking_ingestion.py
[2023-10-18T16:38:20.865+0000] {processor.py:829} INFO - Processing file /opt/airflow/dags/booking_ingestion.py for tasks to queue
[2023-10-18T16:38:20.866+0000] {logging_mixin.py:151} INFO - [2023-10-18T16:38:20.866+0000] {dagbag.py:539} INFO - Filling up the DagBag from /opt/airflow/dags/booking_ingestion.py
[2023-10-18T16:38:21.165+0000] {processor.py:839} INFO - DAG(s) dict_keys(['booking_ingestion']) retrieved from /opt/airflow/dags/booking_ingestion.py
[2023-10-18T16:38:21.196+0000] {logging_mixin.py:151} INFO - [2023-10-18T16:38:21.195+0000] {dag.py:2915} INFO - Sync 1 DAGs
[2023-10-18T16:38:21.223+0000] {logging_mixin.py:151} INFO - [2023-10-18T16:38:21.223+0000] {dag.py:3696} INFO - Setting next_dagrun for booking_ingestion to 2023-10-18T16:20:07.679090+00:00, run_after=2023-10-18T17:20:07.679090+00:00
[2023-10-18T16:38:21.288+0000] {processor.py:179} INFO - Processing /opt/airflow/dags/booking_ingestion.py took 0.426 seconds
[2023-10-18T16:38:51.730+0000] {processor.py:157} INFO - Started process (PID=162) to work on /opt/airflow/dags/booking_ingestion.py
[2023-10-18T16:38:51.731+0000] {processor.py:829} INFO - Processing file /opt/airflow/dags/booking_ingestion.py for tasks to queue
[2023-10-18T16:38:51.732+0000] {logging_mixin.py:151} INFO - [2023-10-18T16:38:51.732+0000] {dagbag.py:539} INFO - Filling up the DagBag from /opt/airflow/dags/booking_ingestion.py
[2023-10-18T16:38:52.013+0000] {processor.py:839} INFO - DAG(s) dict_keys(['booking_ingestion']) retrieved from /opt/airflow/dags/booking_ingestion.py
[2023-10-18T16:38:52.051+0000] {logging_mixin.py:151} INFO - [2023-10-18T16:38:52.050+0000] {dag.py:2915} INFO - Sync 1 DAGs
[2023-10-18T16:38:52.077+0000] {logging_mixin.py:151} INFO - [2023-10-18T16:38:52.077+0000] {dag.py:3696} INFO - Setting next_dagrun for booking_ingestion to 2023-10-18T16:20:07.679090+00:00, run_after=2023-10-18T17:20:07.679090+00:00
[2023-10-18T16:38:52.140+0000] {processor.py:179} INFO - Processing /opt/airflow/dags/booking_ingestion.py took 0.413 seconds
[2023-10-18T16:39:22.571+0000] {processor.py:157} INFO - Started process (PID=165) to work on /opt/airflow/dags/booking_ingestion.py
[2023-10-18T16:39:22.572+0000] {processor.py:829} INFO - Processing file /opt/airflow/dags/booking_ingestion.py for tasks to queue
[2023-10-18T16:39:22.574+0000] {logging_mixin.py:151} INFO - [2023-10-18T16:39:22.573+0000] {dagbag.py:539} INFO - Filling up the DagBag from /opt/airflow/dags/booking_ingestion.py
[2023-10-18T16:39:22.844+0000] {processor.py:839} INFO - DAG(s) dict_keys(['booking_ingestion']) retrieved from /opt/airflow/dags/booking_ingestion.py
[2023-10-18T16:39:22.879+0000] {logging_mixin.py:151} INFO - [2023-10-18T16:39:22.878+0000] {dag.py:2915} INFO - Sync 1 DAGs
[2023-10-18T16:39:22.907+0000] {logging_mixin.py:151} INFO - [2023-10-18T16:39:22.907+0000] {dag.py:3696} INFO - Setting next_dagrun for booking_ingestion to 2023-10-18T16:20:07.679090+00:00, run_after=2023-10-18T17:20:07.679090+00:00
[2023-10-18T16:39:22.974+0000] {processor.py:179} INFO - Processing /opt/airflow/dags/booking_ingestion.py took 0.405 seconds
[2023-10-18T16:39:53.439+0000] {processor.py:157} INFO - Started process (PID=168) to work on /opt/airflow/dags/booking_ingestion.py
[2023-10-18T16:39:53.440+0000] {processor.py:829} INFO - Processing file /opt/airflow/dags/booking_ingestion.py for tasks to queue
[2023-10-18T16:39:53.441+0000] {logging_mixin.py:151} INFO - [2023-10-18T16:39:53.441+0000] {dagbag.py:539} INFO - Filling up the DagBag from /opt/airflow/dags/booking_ingestion.py
[2023-10-18T16:39:53.703+0000] {processor.py:839} INFO - DAG(s) dict_keys(['booking_ingestion']) retrieved from /opt/airflow/dags/booking_ingestion.py
[2023-10-18T16:39:53.732+0000] {logging_mixin.py:151} INFO - [2023-10-18T16:39:53.732+0000] {dag.py:2915} INFO - Sync 1 DAGs
[2023-10-18T16:39:53.759+0000] {logging_mixin.py:151} INFO - [2023-10-18T16:39:53.759+0000] {dag.py:3696} INFO - Setting next_dagrun for booking_ingestion to 2023-10-18T16:20:07.679090+00:00, run_after=2023-10-18T17:20:07.679090+00:00
[2023-10-18T16:39:53.835+0000] {processor.py:179} INFO - Processing /opt/airflow/dags/booking_ingestion.py took 0.398 seconds
[2023-10-18T16:40:24.215+0000] {processor.py:157} INFO - Started process (PID=171) to work on /opt/airflow/dags/booking_ingestion.py
[2023-10-18T16:40:24.217+0000] {processor.py:829} INFO - Processing file /opt/airflow/dags/booking_ingestion.py for tasks to queue
[2023-10-18T16:40:24.218+0000] {logging_mixin.py:151} INFO - [2023-10-18T16:40:24.218+0000] {dagbag.py:539} INFO - Filling up the DagBag from /opt/airflow/dags/booking_ingestion.py
[2023-10-18T16:40:24.481+0000] {processor.py:839} INFO - DAG(s) dict_keys(['booking_ingestion']) retrieved from /opt/airflow/dags/booking_ingestion.py
[2023-10-18T16:40:24.513+0000] {logging_mixin.py:151} INFO - [2023-10-18T16:40:24.512+0000] {dag.py:2915} INFO - Sync 1 DAGs
[2023-10-18T16:40:24.547+0000] {logging_mixin.py:151} INFO - [2023-10-18T16:40:24.547+0000] {dag.py:3696} INFO - Setting next_dagrun for booking_ingestion to 2023-10-18T16:20:07.679090+00:00, run_after=2023-10-18T17:20:07.679090+00:00
[2023-10-18T16:40:24.611+0000] {processor.py:179} INFO - Processing /opt/airflow/dags/booking_ingestion.py took 0.398 seconds
