[2023-10-18T15:20:31.280+0000] {manager.py:487} INFO - Processing files using up to 1 processes at a time 
[2023-10-18T15:20:31.281+0000] {manager.py:488} INFO - Process each file at most once every 30 seconds
[2023-10-18T15:20:31.282+0000] {manager.py:489} INFO - Checking for new files in /opt/airflow/dags every 300 seconds
[2023-10-18T15:20:31.282+0000] {manager.py:759} INFO - Searching for files in /opt/airflow/dags
[2023-10-18T15:20:31.283+0000] {manager.py:762} INFO - There are 0 files in /opt/airflow/dags
[2023-10-18T15:25:31.323+0000] {manager.py:759} INFO - Searching for files in /opt/airflow/dags
[2023-10-18T15:25:31.325+0000] {manager.py:762} INFO - There are 0 files in /opt/airflow/dags
[2023-10-18T15:30:31.496+0000] {manager.py:759} INFO - Searching for files in /opt/airflow/dags
[2023-10-18T15:30:31.497+0000] {manager.py:762} INFO - There are 0 files in /opt/airflow/dags
[2023-10-18T15:35:31.652+0000] {manager.py:759} INFO - Searching for files in /opt/airflow/dags
[2023-10-18T15:35:31.653+0000] {manager.py:762} INFO - There are 0 files in /opt/airflow/dags
[2023-10-18T15:40:31.836+0000] {manager.py:759} INFO - Searching for files in /opt/airflow/dags
[2023-10-18T15:40:31.838+0000] {manager.py:762} INFO - There are 0 files in /opt/airflow/dags
[2023-10-18T15:45:31.995+0000] {manager.py:759} INFO - Searching for files in /opt/airflow/dags
[2023-10-18T15:45:31.996+0000] {manager.py:762} INFO - There are 0 files in /opt/airflow/dags
[2023-10-18T15:47:10.031+0000] {manager.py:487} INFO - Processing files using up to 1 processes at a time 
[2023-10-18T15:47:10.032+0000] {manager.py:488} INFO - Process each file at most once every 30 seconds
[2023-10-18T15:47:10.032+0000] {manager.py:489} INFO - Checking for new files in /opt/airflow/dags every 300 seconds
[2023-10-18T15:47:10.033+0000] {manager.py:759} INFO - Searching for files in /opt/airflow/dags
[2023-10-18T15:47:10.035+0000] {manager.py:762} INFO - There are 0 files in /opt/airflow/dags
[2023-10-18T15:49:58.438+0000] {manager.py:487} INFO - Processing files using up to 1 processes at a time 
[2023-10-18T15:49:58.439+0000] {manager.py:488} INFO - Process each file at most once every 30 seconds
[2023-10-18T15:49:58.440+0000] {manager.py:489} INFO - Checking for new files in /opt/airflow/dags every 300 seconds
[2023-10-18T15:49:58.441+0000] {manager.py:759} INFO - Searching for files in /opt/airflow/dags
[2023-10-18T15:49:58.494+0000] {manager.py:762} INFO - There are 1 files in /opt/airflow/dags
[2023-10-18T15:49:58.846+0000] {manager.py:893} INFO - 
================================================================================
DAG File Processing Stats

File Path                     PID    Runtime      # DAGs    # Errors  Last Runtime    Last Run
----------------------------  -----  ---------  --------  ----------  --------------  -------------------
/opt/airflow/dags/welcome.py                           1           0  0.20s           2023-10-18T15:49:58
================================================================================
[2023-10-18T15:50:29.447+0000] {manager.py:893} INFO - 
================================================================================
DAG File Processing Stats

File Path                     PID    Runtime      # DAGs    # Errors  Last Runtime    Last Run
----------------------------  -----  ---------  --------  ----------  --------------  -------------------
/opt/airflow/dags/welcome.py                           1           0  0.30s           2023-10-18T15:50:29
================================================================================
[2023-10-18T15:51:00.541+0000] {manager.py:893} INFO - 
================================================================================
DAG File Processing Stats

File Path                     PID    Runtime      # DAGs    # Errors  Last Runtime    Last Run
----------------------------  -----  ---------  --------  ----------  --------------  -------------------
/opt/airflow/dags/welcome.py                           1           0  0.21s           2023-10-18T15:51:00
================================================================================
[2023-10-18T15:51:30.988+0000] {manager.py:893} INFO - 
================================================================================
DAG File Processing Stats

File Path                     PID    Runtime      # DAGs    # Errors  Last Runtime    Last Run
----------------------------  -----  ---------  --------  ----------  --------------  -------------------
/opt/airflow/dags/welcome.py                           1           0  0.30s           2023-10-18T15:51:30
================================================================================
[2023-10-18T15:52:01.248+0000] {manager.py:893} INFO - 
================================================================================
DAG File Processing Stats

File Path                     PID    Runtime      # DAGs    # Errors  Last Runtime    Last Run
----------------------------  -----  ---------  --------  ----------  --------------  -------------------
/opt/airflow/dags/welcome.py                           1           0  0.20s           2023-10-18T15:52:01
================================================================================
[2023-10-18T15:52:31.506+0000] {manager.py:893} INFO - 
================================================================================
DAG File Processing Stats

File Path                     PID    Runtime      # DAGs    # Errors  Last Runtime    Last Run
----------------------------  -----  ---------  --------  ----------  --------------  -------------------
/opt/airflow/dags/welcome.py                           1           0  0.20s           2023-10-18T15:52:31
================================================================================
[2023-10-18T15:53:01.916+0000] {manager.py:893} INFO - 
================================================================================
DAG File Processing Stats

File Path                     PID    Runtime      # DAGs    # Errors  Last Runtime    Last Run
----------------------------  -----  ---------  --------  ----------  --------------  -------------------
/opt/airflow/dags/welcome.py                           1           0  0.20s           2023-10-18T15:53:01
================================================================================
[2023-10-18T15:53:32.389+0000] {manager.py:893} INFO - 
================================================================================
DAG File Processing Stats

File Path                     PID    Runtime      # DAGs    # Errors  Last Runtime    Last Run
----------------------------  -----  ---------  --------  ----------  --------------  -------------------
/opt/airflow/dags/welcome.py                           1           0  0.30s           2023-10-18T15:53:32
================================================================================
[2023-10-18T15:54:03.674+0000] {manager.py:893} INFO - 
================================================================================
DAG File Processing Stats

File Path                     PID    Runtime      # DAGs    # Errors  Last Runtime    Last Run
----------------------------  -----  ---------  --------  ----------  --------------  -------------------
/opt/airflow/dags/welcome.py                           1           0  0.20s           2023-10-18T15:54:03
================================================================================
[2023-10-18T15:54:34.722+0000] {manager.py:893} INFO - 
================================================================================
DAG File Processing Stats

File Path                     PID    Runtime      # DAGs    # Errors  Last Runtime    Last Run
----------------------------  -----  ---------  --------  ----------  --------------  -------------------
/opt/airflow/dags/welcome.py                           1           0  0.30s           2023-10-18T15:54:34
================================================================================
[2023-10-18T15:54:58.468+0000] {manager.py:759} INFO - Searching for files in /opt/airflow/dags
[2023-10-18T15:54:58.507+0000] {manager.py:762} INFO - There are 1 files in /opt/airflow/dags
[2023-10-18T15:55:05.640+0000] {manager.py:893} INFO - 
================================================================================
DAG File Processing Stats

File Path                     PID    Runtime      # DAGs    # Errors  Last Runtime    Last Run
----------------------------  -----  ---------  --------  ----------  --------------  -------------------
/opt/airflow/dags/welcome.py                           1           0  0.20s           2023-10-18T15:55:05
================================================================================
[2023-10-18T15:55:36.540+0000] {manager.py:893} INFO - 
================================================================================
DAG File Processing Stats

File Path                     PID    Runtime      # DAGs    # Errors  Last Runtime    Last Run
----------------------------  -----  ---------  --------  ----------  --------------  -------------------
/opt/airflow/dags/welcome.py                           1           0  0.30s           2023-10-18T15:55:36
================================================================================
[2023-10-18T15:56:07.250+0000] {manager.py:893} INFO - 
================================================================================
DAG File Processing Stats

File Path                     PID    Runtime      # DAGs    # Errors  Last Runtime    Last Run
----------------------------  -----  ---------  --------  ----------  --------------  -------------------
/opt/airflow/dags/welcome.py                           1           0  0.20s           2023-10-18T15:56:07
================================================================================
[2023-10-18T15:56:38.127+0000] {manager.py:893} INFO - 
================================================================================
DAG File Processing Stats

File Path                     PID    Runtime      # DAGs    # Errors  Last Runtime    Last Run
----------------------------  -----  ---------  --------  ----------  --------------  -------------------
/opt/airflow/dags/welcome.py                           1           0  0.30s           2023-10-18T15:56:38
================================================================================
[2023-10-18T15:57:09.353+0000] {manager.py:893} INFO - 
================================================================================
DAG File Processing Stats

File Path                     PID    Runtime      # DAGs    # Errors  Last Runtime    Last Run
----------------------------  -----  ---------  --------  ----------  --------------  -------------------
/opt/airflow/dags/welcome.py                           1           0  0.30s           2023-10-18T15:57:09
================================================================================
[2023-10-18T15:57:40.228+0000] {manager.py:893} INFO - 
================================================================================
DAG File Processing Stats

File Path                     PID    Runtime      # DAGs    # Errors  Last Runtime    Last Run
----------------------------  -----  ---------  --------  ----------  --------------  -------------------
/opt/airflow/dags/welcome.py                           1           0  0.30s           2023-10-18T15:57:40
================================================================================
[2023-10-18T15:58:11.026+0000] {manager.py:893} INFO - 
================================================================================
DAG File Processing Stats

File Path                     PID    Runtime      # DAGs    # Errors  Last Runtime    Last Run
----------------------------  -----  ---------  --------  ----------  --------------  -------------------
/opt/airflow/dags/welcome.py                           1           0  0.30s           2023-10-18T15:58:11
================================================================================
[2023-10-18T15:58:42.017+0000] {manager.py:893} INFO - 
================================================================================
DAG File Processing Stats

File Path                     PID    Runtime      # DAGs    # Errors  Last Runtime    Last Run
----------------------------  -----  ---------  --------  ----------  --------------  -------------------
/opt/airflow/dags/welcome.py                           1           0  0.30s           2023-10-18T15:58:42
================================================================================
[2023-10-18T15:59:12.667+0000] {manager.py:893} INFO - 
================================================================================
DAG File Processing Stats

File Path                     PID    Runtime      # DAGs    # Errors  Last Runtime    Last Run
----------------------------  -----  ---------  --------  ----------  --------------  -------------------
/opt/airflow/dags/welcome.py                           1           0  0.30s           2023-10-18T15:59:12
================================================================================
[2023-10-18T15:59:43.509+0000] {manager.py:893} INFO - 
================================================================================
DAG File Processing Stats

File Path                     PID    Runtime      # DAGs    # Errors  Last Runtime    Last Run
----------------------------  -----  ---------  --------  ----------  --------------  -------------------
/opt/airflow/dags/welcome.py                           1           0  0.30s           2023-10-18T15:59:43
================================================================================
[2023-10-18T15:59:58.587+0000] {manager.py:759} INFO - Searching for files in /opt/airflow/dags
[2023-10-18T15:59:58.642+0000] {manager.py:762} INFO - There are 1 files in /opt/airflow/dags
[2023-10-18T16:00:14.504+0000] {manager.py:893} INFO - 
================================================================================
DAG File Processing Stats

File Path                     PID    Runtime      # DAGs    # Errors  Last Runtime    Last Run
----------------------------  -----  ---------  --------  ----------  --------------  -------------------
/opt/airflow/dags/welcome.py                           1           0  0.30s           2023-10-18T16:00:14
================================================================================
[2023-10-18T16:00:45.274+0000] {manager.py:893} INFO - 
================================================================================
DAG File Processing Stats

File Path                     PID    Runtime      # DAGs    # Errors  Last Runtime    Last Run
----------------------------  -----  ---------  --------  ----------  --------------  -------------------
/opt/airflow/dags/welcome.py                           1           0  0.30s           2023-10-18T16:00:45
================================================================================
[2023-10-18T16:01:15.870+0000] {manager.py:893} INFO - 
================================================================================
DAG File Processing Stats

File Path                     PID    Runtime      # DAGs    # Errors  Last Runtime    Last Run
----------------------------  -----  ---------  --------  ----------  --------------  -------------------
/opt/airflow/dags/welcome.py                           1           0  0.20s           2023-10-18T16:01:15
================================================================================
[2023-10-18T16:01:46.820+0000] {manager.py:893} INFO - 
================================================================================
DAG File Processing Stats

File Path                     PID    Runtime      # DAGs    # Errors  Last Runtime    Last Run
----------------------------  -----  ---------  --------  ----------  --------------  -------------------
/opt/airflow/dags/welcome.py                           1           0  0.20s           2023-10-18T16:01:46
================================================================================
[2023-10-18T16:02:17.623+0000] {manager.py:893} INFO - 
================================================================================
DAG File Processing Stats

File Path                     PID    Runtime      # DAGs    # Errors  Last Runtime    Last Run
----------------------------  -----  ---------  --------  ----------  --------------  -------------------
/opt/airflow/dags/welcome.py                           1           0  0.20s           2023-10-18T16:02:17
================================================================================
[2023-10-18T16:02:48.587+0000] {manager.py:893} INFO - 
================================================================================
DAG File Processing Stats

File Path                     PID    Runtime      # DAGs    # Errors  Last Runtime    Last Run
----------------------------  -----  ---------  --------  ----------  --------------  -------------------
/opt/airflow/dags/welcome.py                           1           0  0.30s           2023-10-18T16:02:48
================================================================================
[2023-10-18T16:03:19.202+0000] {manager.py:893} INFO - 
================================================================================
DAG File Processing Stats

File Path                     PID    Runtime      # DAGs    # Errors  Last Runtime    Last Run
----------------------------  -----  ---------  --------  ----------  --------------  -------------------
/opt/airflow/dags/welcome.py                           1           0  0.30s           2023-10-18T16:03:19
================================================================================
[2023-10-18T16:03:49.848+0000] {manager.py:893} INFO - 
================================================================================
DAG File Processing Stats

File Path                     PID    Runtime      # DAGs    # Errors  Last Runtime    Last Run
----------------------------  -----  ---------  --------  ----------  --------------  -------------------
/opt/airflow/dags/welcome.py                           1           0  0.20s           2023-10-18T16:03:49
================================================================================
[2023-10-18T16:04:20.418+0000] {manager.py:893} INFO - 
================================================================================
DAG File Processing Stats

File Path                     PID    Runtime      # DAGs    # Errors  Last Runtime    Last Run
----------------------------  -----  ---------  --------  ----------  --------------  -------------------
/opt/airflow/dags/welcome.py                           1           0  0.20s           2023-10-18T16:04:20
================================================================================
[2023-10-18T16:04:50.716+0000] {manager.py:893} INFO - 
================================================================================
DAG File Processing Stats

File Path                     PID    Runtime      # DAGs    # Errors  Last Runtime    Last Run
----------------------------  -----  ---------  --------  ----------  --------------  -------------------
/opt/airflow/dags/welcome.py                           1           0  0.20s           2023-10-18T16:04:50
================================================================================
[2023-10-18T16:04:58.899+0000] {manager.py:759} INFO - Searching for files in /opt/airflow/dags
[2023-10-18T16:04:58.929+0000] {manager.py:762} INFO - There are 1 files in /opt/airflow/dags
[2023-10-18T16:05:21.330+0000] {manager.py:893} INFO - 
================================================================================
DAG File Processing Stats

File Path                     PID    Runtime      # DAGs    # Errors  Last Runtime    Last Run
----------------------------  -----  ---------  --------  ----------  --------------  -------------------
/opt/airflow/dags/welcome.py                           1           0  0.20s           2023-10-18T16:05:21
================================================================================
[2023-10-18T16:05:51.948+0000] {manager.py:893} INFO - 
================================================================================
DAG File Processing Stats

File Path                     PID    Runtime      # DAGs    # Errors  Last Runtime    Last Run
----------------------------  -----  ---------  --------  ----------  --------------  -------------------
/opt/airflow/dags/welcome.py                           1           0  0.20s           2023-10-18T16:05:51
================================================================================
[2023-10-18T16:06:22.589+0000] {manager.py:893} INFO - 
================================================================================
DAG File Processing Stats

File Path                     PID    Runtime      # DAGs    # Errors  Last Runtime    Last Run
----------------------------  -----  ---------  --------  ----------  --------------  -------------------
/opt/airflow/dags/welcome.py                           1           0  0.30s           2023-10-18T16:06:22
================================================================================
[2023-10-18T16:06:53.166+0000] {manager.py:893} INFO - 
================================================================================
DAG File Processing Stats

File Path                     PID    Runtime      # DAGs    # Errors  Last Runtime    Last Run
----------------------------  -----  ---------  --------  ----------  --------------  -------------------
/opt/airflow/dags/welcome.py                           1           0  0.30s           2023-10-18T16:06:53
================================================================================
[2023-10-18T16:07:23.784+0000] {manager.py:893} INFO - 
================================================================================
DAG File Processing Stats

File Path                     PID    Runtime      # DAGs    # Errors  Last Runtime    Last Run
----------------------------  -----  ---------  --------  ----------  --------------  -------------------
/opt/airflow/dags/welcome.py                           1           0  0.30s           2023-10-18T16:07:23
================================================================================
[2023-10-18T16:07:54.355+0000] {manager.py:893} INFO - 
================================================================================
DAG File Processing Stats

File Path                     PID    Runtime      # DAGs    # Errors  Last Runtime    Last Run
----------------------------  -----  ---------  --------  ----------  --------------  -------------------
/opt/airflow/dags/welcome.py                           1           0  0.30s           2023-10-18T16:07:54
================================================================================
[2023-10-18T16:08:24.804+0000] {manager.py:893} INFO - 
================================================================================
DAG File Processing Stats

File Path                     PID    Runtime      # DAGs    # Errors  Last Runtime    Last Run
----------------------------  -----  ---------  --------  ----------  --------------  -------------------
/opt/airflow/dags/welcome.py                           1           0  0.20s           2023-10-18T16:08:24
================================================================================
[2023-10-18T16:08:55.245+0000] {manager.py:893} INFO - 
================================================================================
DAG File Processing Stats

File Path                     PID    Runtime      # DAGs    # Errors  Last Runtime    Last Run
----------------------------  -----  ---------  --------  ----------  --------------  -------------------
/opt/airflow/dags/welcome.py                           1           0  0.20s           2023-10-18T16:08:55
================================================================================
[2023-10-18T16:09:25.784+0000] {manager.py:893} INFO - 
================================================================================
DAG File Processing Stats

File Path                     PID    Runtime      # DAGs    # Errors  Last Runtime    Last Run
----------------------------  -----  ---------  --------  ----------  --------------  -------------------
/opt/airflow/dags/welcome.py                           1           0  0.30s           2023-10-18T16:09:25
================================================================================
[2023-10-18T16:09:56.361+0000] {manager.py:893} INFO - 
================================================================================
DAG File Processing Stats

File Path                     PID    Runtime      # DAGs    # Errors  Last Runtime    Last Run
----------------------------  -----  ---------  --------  ----------  --------------  -------------------
/opt/airflow/dags/welcome.py                           1           0  0.30s           2023-10-18T16:09:56
================================================================================
[2023-10-18T16:09:59.112+0000] {manager.py:759} INFO - Searching for files in /opt/airflow/dags
[2023-10-18T16:09:59.157+0000] {manager.py:762} INFO - There are 1 files in /opt/airflow/dags
[2023-10-18T16:10:26.760+0000] {manager.py:893} INFO - 
================================================================================
DAG File Processing Stats

File Path                     PID    Runtime      # DAGs    # Errors  Last Runtime    Last Run
----------------------------  -----  ---------  --------  ----------  --------------  -------------------
/opt/airflow/dags/welcome.py                           1           0  0.20s           2023-10-18T16:10:26
================================================================================
[2023-10-18T16:10:57.249+0000] {manager.py:893} INFO - 
================================================================================
DAG File Processing Stats

File Path                     PID    Runtime      # DAGs    # Errors  Last Runtime    Last Run
----------------------------  -----  ---------  --------  ----------  --------------  -------------------
/opt/airflow/dags/welcome.py                           1           0  0.20s           2023-10-18T16:10:57
================================================================================
[2023-10-18T16:11:27.697+0000] {manager.py:893} INFO - 
================================================================================
DAG File Processing Stats

File Path                     PID    Runtime      # DAGs    # Errors  Last Runtime    Last Run
----------------------------  -----  ---------  --------  ----------  --------------  -------------------
/opt/airflow/dags/welcome.py                           1           0  0.20s           2023-10-18T16:11:27
================================================================================
[2023-10-18T16:11:58.147+0000] {manager.py:893} INFO - 
================================================================================
DAG File Processing Stats

File Path                     PID    Runtime      # DAGs    # Errors  Last Runtime    Last Run
----------------------------  -----  ---------  --------  ----------  --------------  -------------------
/opt/airflow/dags/welcome.py                           1           0  0.20s           2023-10-18T16:11:58
================================================================================
[2023-10-18T16:12:28.618+0000] {manager.py:893} INFO - 
================================================================================
DAG File Processing Stats

File Path                     PID    Runtime      # DAGs    # Errors  Last Runtime    Last Run
----------------------------  -----  ---------  --------  ----------  --------------  -------------------
/opt/airflow/dags/welcome.py                           1           0  0.20s           2023-10-18T16:12:28
================================================================================
[2023-10-18T16:12:59.081+0000] {manager.py:893} INFO - 
================================================================================
DAG File Processing Stats

File Path                     PID    Runtime      # DAGs    # Errors  Last Runtime    Last Run
----------------------------  -----  ---------  --------  ----------  --------------  -------------------
/opt/airflow/dags/welcome.py                           1           0  0.20s           2023-10-18T16:12:59
================================================================================
[2023-10-18T16:13:29.537+0000] {manager.py:893} INFO - 
================================================================================
DAG File Processing Stats

File Path                     PID    Runtime      # DAGs    # Errors  Last Runtime    Last Run
----------------------------  -----  ---------  --------  ----------  --------------  -------------------
/opt/airflow/dags/welcome.py                           1           0  0.20s           2023-10-18T16:13:29
================================================================================
[2023-10-18T16:13:59.945+0000] {manager.py:893} INFO - 
================================================================================
DAG File Processing Stats

File Path                     PID    Runtime      # DAGs    # Errors  Last Runtime    Last Run
----------------------------  -----  ---------  --------  ----------  --------------  -------------------
/opt/airflow/dags/welcome.py                           1           0  0.20s           2023-10-18T16:13:59
================================================================================
[2023-10-18T16:14:30.388+0000] {manager.py:893} INFO - 
================================================================================
DAG File Processing Stats

File Path                     PID    Runtime      # DAGs    # Errors  Last Runtime    Last Run
----------------------------  -----  ---------  --------  ----------  --------------  -------------------
/opt/airflow/dags/welcome.py                           1           0  0.20s           2023-10-18T16:14:30
================================================================================
[2023-10-18T16:14:59.364+0000] {manager.py:759} INFO - Searching for files in /opt/airflow/dags
[2023-10-18T16:14:59.409+0000] {manager.py:762} INFO - There are 2 files in /opt/airflow/dags
[2023-10-18T16:15:00.909+0000] {manager.py:893} INFO - 
================================================================================
DAG File Processing Stats

File Path                     PID    Runtime      # DAGs    # Errors  Last Runtime    Last Run
----------------------------  -----  ---------  --------  ----------  --------------  -------------------
/opt/airflow/dags/booking.py                           1           0  0.71s           2023-10-18T16:15:00
/opt/airflow/dags/welcome.py                           1           0  0.30s           2023-10-18T16:15:00
================================================================================
[2023-10-18T16:15:31.563+0000] {manager.py:893} INFO - 
================================================================================
DAG File Processing Stats

File Path                     PID    Runtime      # DAGs    # Errors  Last Runtime    Last Run
----------------------------  -----  ---------  --------  ----------  --------------  -------------------
/opt/airflow/dags/booking.py                           1           0  0.50s           2023-10-18T16:15:30
/opt/airflow/dags/welcome.py                           1           0  0.30s           2023-10-18T16:15:31
================================================================================
[2023-10-18T16:16:01.644+0000] {manager.py:893} INFO - 
================================================================================
DAG File Processing Stats

File Path                     PID    Runtime      # DAGs    # Errors  Last Runtime    Last Run
----------------------------  -----  ---------  --------  ----------  --------------  -------------------
/opt/airflow/dags/booking.py                           1           0  0.40s           2023-10-18T16:16:01
/opt/airflow/dags/welcome.py                           1           0  0.30s           2023-10-18T16:15:31
================================================================================
[2023-10-18T16:16:32.787+0000] {manager.py:893} INFO - 
================================================================================
DAG File Processing Stats

File Path                     PID    Runtime      # DAGs    # Errors  Last Runtime    Last Run
----------------------------  -----  ---------  --------  ----------  --------------  -------------------
/opt/airflow/dags/booking.py                           1           0  0.50s           2023-10-18T16:16:32
/opt/airflow/dags/welcome.py                           1           0  0.21s           2023-10-18T16:16:02
================================================================================
[2023-10-18T16:17:03.424+0000] {manager.py:893} INFO - 
================================================================================
DAG File Processing Stats

File Path                     PID    Runtime      # DAGs    # Errors  Last Runtime    Last Run
----------------------------  -----  ---------  --------  ----------  --------------  -------------------
/opt/airflow/dags/booking.py                           1           0  0.50s           2023-10-18T16:17:03
/opt/airflow/dags/welcome.py                           1           0  0.21s           2023-10-18T16:16:34
================================================================================
[2023-10-18T16:17:34.287+0000] {manager.py:893} INFO - 
================================================================================
DAG File Processing Stats

File Path                     PID    Runtime      # DAGs    # Errors  Last Runtime    Last Run
----------------------------  -----  ---------  --------  ----------  --------------  -------------------
/opt/airflow/dags/booking.py                           1           0  0.50s           2023-10-18T16:17:34
/opt/airflow/dags/welcome.py                           1           0  0.21s           2023-10-18T16:17:04
================================================================================
[2023-10-18T16:18:05.033+0000] {manager.py:893} INFO - 
================================================================================
DAG File Processing Stats

File Path                     PID    Runtime      # DAGs    # Errors  Last Runtime    Last Run
----------------------------  -----  ---------  --------  ----------  --------------  -------------------
/opt/airflow/dags/booking.py                           1           0  0.40s           2023-10-18T16:18:05
/opt/airflow/dags/welcome.py                           1           0  0.30s           2023-10-18T16:17:35
================================================================================
[2023-10-18T16:18:35.035+0000] {manager.py:893} INFO - 
================================================================================
DAG File Processing Stats

File Path                     PID    Runtime      # DAGs    # Errors  Last Runtime    Last Run
----------------------------  -----  ---------  --------  ----------  --------------  -------------------
/opt/airflow/dags/booking.py                           1           0  0.40s           2023-10-18T16:18:05
/opt/airflow/dags/welcome.py                           1           0  0.20s           2023-10-18T16:18:06
================================================================================
[2023-10-18T16:19:06.253+0000] {manager.py:893} INFO - 
================================================================================
DAG File Processing Stats

File Path                     PID    Runtime      # DAGs    # Errors  Last Runtime    Last Run
----------------------------  -----  ---------  --------  ----------  --------------  -------------------
/opt/airflow/dags/booking.py                           1           0  0.40s           2023-10-18T16:19:06
/opt/airflow/dags/welcome.py                           1           0  0.20s           2023-10-18T16:18:37
================================================================================
[2023-10-18T16:19:36.995+0000] {manager.py:893} INFO - 
================================================================================
DAG File Processing Stats

File Path                     PID    Runtime      # DAGs    # Errors  Last Runtime    Last Run
----------------------------  -----  ---------  --------  ----------  --------------  -------------------
/opt/airflow/dags/booking.py                           1           0  0.50s           2023-10-18T16:19:36
/opt/airflow/dags/welcome.py                           1           0  0.20s           2023-10-18T16:19:07
================================================================================
[2023-10-18T16:19:59.429+0000] {manager.py:759} INFO - Searching for files in /opt/airflow/dags
[2023-10-18T16:19:59.479+0000] {manager.py:762} INFO - There are 2 files in /opt/airflow/dags
[2023-10-18T16:20:07.816+0000] {manager.py:893} INFO - 
================================================================================
DAG File Processing Stats

File Path                     PID    Runtime      # DAGs    # Errors  Last Runtime    Last Run
----------------------------  -----  ---------  --------  ----------  --------------  -------------------
/opt/airflow/dags/booking.py                           1           0  0.50s           2023-10-18T16:20:07
/opt/airflow/dags/welcome.py                           1           0  0.20s           2023-10-18T16:19:38
================================================================================
[2023-10-18T16:20:27.279+0000] {manager.py:1145} WARNING - Skipping processing of missing file: /opt/airflow/dags/booking.py
[2023-10-18T16:20:38.048+0000] {manager.py:893} INFO - 
================================================================================
DAG File Processing Stats

File Path                     PID    Runtime      # DAGs    # Errors  Last Runtime    Last Run
----------------------------  -----  ---------  --------  ----------  --------------  -------------------
/opt/airflow/dags/welcome.py                           1           0  0.20s           2023-10-18T16:20:09
================================================================================
[2023-10-18T16:21:08.218+0000] {manager.py:893} INFO - 
================================================================================
DAG File Processing Stats

File Path                     PID    Runtime      # DAGs    # Errors  Last Runtime    Last Run
----------------------------  -----  ---------  --------  ----------  --------------  -------------------
/opt/airflow/dags/welcome.py                           1           0  0.20s           2023-10-18T16:20:39
================================================================================
[2023-10-18T16:21:38.454+0000] {manager.py:893} INFO - 
================================================================================
DAG File Processing Stats

File Path                     PID    Runtime      # DAGs    # Errors  Last Runtime    Last Run
----------------------------  -----  ---------  --------  ----------  --------------  -------------------
/opt/airflow/dags/welcome.py                           1           0  0.20s           2023-10-18T16:21:09
================================================================================
[2023-10-18T16:22:08.708+0000] {manager.py:893} INFO - 
================================================================================
DAG File Processing Stats

File Path                     PID    Runtime      # DAGs    # Errors  Last Runtime    Last Run
----------------------------  -----  ---------  --------  ----------  --------------  -------------------
/opt/airflow/dags/welcome.py                           1           0  0.30s           2023-10-18T16:21:40
================================================================================
[2023-10-18T16:22:39.612+0000] {manager.py:893} INFO - 
================================================================================
DAG File Processing Stats

File Path                     PID    Runtime      # DAGs    # Errors  Last Runtime    Last Run
----------------------------  -----  ---------  --------  ----------  --------------  -------------------
/opt/airflow/dags/welcome.py                           1           0  0.30s           2023-10-18T16:22:11
================================================================================
[2023-10-18T16:23:10.058+0000] {manager.py:893} INFO - 
================================================================================
DAG File Processing Stats

File Path                     PID    Runtime      # DAGs    # Errors  Last Runtime    Last Run
----------------------------  -----  ---------  --------  ----------  --------------  -------------------
/opt/airflow/dags/welcome.py                           1           0  0.20s           2023-10-18T16:22:42
================================================================================
[2023-10-18T16:23:40.285+0000] {manager.py:893} INFO - 
================================================================================
DAG File Processing Stats

File Path                     PID    Runtime      # DAGs    # Errors  Last Runtime    Last Run
----------------------------  -----  ---------  --------  ----------  --------------  -------------------
/opt/airflow/dags/welcome.py                           1           0  0.40s           2023-10-18T16:23:13
================================================================================
[2023-10-18T16:24:10.907+0000] {manager.py:893} INFO - 
================================================================================
DAG File Processing Stats

File Path                     PID    Runtime      # DAGs    # Errors  Last Runtime    Last Run
----------------------------  -----  ---------  --------  ----------  --------------  -------------------
/opt/airflow/dags/welcome.py                           1           0  0.20s           2023-10-18T16:23:44
================================================================================
[2023-10-18T16:24:41.318+0000] {manager.py:893} INFO - 
================================================================================
DAG File Processing Stats

File Path                     PID    Runtime      # DAGs    # Errors  Last Runtime    Last Run
----------------------------  -----  ---------  --------  ----------  --------------  -------------------
/opt/airflow/dags/welcome.py                           1           0  0.20s           2023-10-18T16:24:15
================================================================================
[2023-10-18T16:24:59.984+0000] {manager.py:759} INFO - Searching for files in /opt/airflow/dags
[2023-10-18T16:25:00.043+0000] {manager.py:762} INFO - There are 2 files in /opt/airflow/dags
[2023-10-18T16:25:11.501+0000] {manager.py:893} INFO - 
================================================================================
DAG File Processing Stats

File Path                               PID    Runtime      # DAGs    # Errors  Last Runtime    Last Run
--------------------------------------  -----  ---------  --------  ----------  --------------  -------------------
/opt/airflow/dags/booking_ingestion.py                           1           0  0.81s           2023-10-18T16:25:00
/opt/airflow/dags/welcome.py                                     1           0  0.31s           2023-10-18T16:24:45
================================================================================
[2023-10-18T16:25:41.779+0000] {manager.py:893} INFO - 
================================================================================
DAG File Processing Stats

File Path                               PID    Runtime      # DAGs    # Errors  Last Runtime    Last Run
--------------------------------------  -----  ---------  --------  ----------  --------------  -------------------
/opt/airflow/dags/booking_ingestion.py                           1           0  0.50s           2023-10-18T16:25:31
/opt/airflow/dags/welcome.py                                     1           0  0.30s           2023-10-18T16:25:16
================================================================================
[2023-10-18T16:26:12.090+0000] {manager.py:893} INFO - 
================================================================================
DAG File Processing Stats

File Path                               PID    Runtime      # DAGs    # Errors  Last Runtime    Last Run
--------------------------------------  -----  ---------  --------  ----------  --------------  -------------------
/opt/airflow/dags/booking_ingestion.py                           1           0  0.50s           2023-10-18T16:26:02
/opt/airflow/dags/welcome.py                                     1           0  0.20s           2023-10-18T16:25:47
================================================================================
[2023-10-18T16:26:42.345+0000] {manager.py:893} INFO - 
================================================================================
DAG File Processing Stats

File Path                               PID    Runtime      # DAGs    # Errors  Last Runtime    Last Run
--------------------------------------  -----  ---------  --------  ----------  --------------  -------------------
/opt/airflow/dags/booking_ingestion.py                           1           0  0.50s           2023-10-18T16:26:33
/opt/airflow/dags/welcome.py                                     1           0  0.30s           2023-10-18T16:26:18
================================================================================
[2023-10-18T16:27:32.157+0000] {manager.py:487} INFO - Processing files using up to 1 processes at a time 
[2023-10-18T16:27:32.158+0000] {manager.py:488} INFO - Process each file at most once every 30 seconds
[2023-10-18T16:27:32.158+0000] {manager.py:489} INFO - Checking for new files in /opt/airflow/dags every 300 seconds
[2023-10-18T16:27:32.159+0000] {manager.py:759} INFO - Searching for files in /opt/airflow/dags
[2023-10-18T16:27:32.222+0000] {manager.py:762} INFO - There are 2 files in /opt/airflow/dags
[2023-10-18T16:27:33.053+0000] {manager.py:893} INFO - 
================================================================================
DAG File Processing Stats

File Path                               PID    Runtime      # DAGs    # Errors  Last Runtime    Last Run
--------------------------------------  -----  ---------  --------  ----------  --------------  -------------------
/opt/airflow/dags/welcome.py                                     0           0
/opt/airflow/dags/booking_ingestion.py                           1           0  0.71s           2023-10-18T16:27:33
================================================================================
[2023-10-18T16:28:03.701+0000] {manager.py:893} INFO - 
================================================================================
DAG File Processing Stats

File Path                               PID    Runtime      # DAGs    # Errors  Last Runtime    Last Run
--------------------------------------  -----  ---------  --------  ----------  --------------  -------------------
/opt/airflow/dags/booking_ingestion.py                           1           0  0.60s           2023-10-18T16:28:03
/opt/airflow/dags/welcome.py                                     1           0  0.20s           2023-10-18T16:27:34
================================================================================
[2023-10-18T16:28:34.589+0000] {manager.py:893} INFO - 
================================================================================
DAG File Processing Stats

File Path                               PID    Runtime      # DAGs    # Errors  Last Runtime    Last Run
--------------------------------------  -----  ---------  --------  ----------  --------------  -------------------
/opt/airflow/dags/booking_ingestion.py                           1           0  0.50s           2023-10-18T16:28:34
/opt/airflow/dags/welcome.py                                     1           0  0.31s           2023-10-18T16:28:05
================================================================================
[2023-10-18T16:29:05.651+0000] {manager.py:893} INFO - 
================================================================================
DAG File Processing Stats

File Path                               PID    Runtime      # DAGs    # Errors  Last Runtime    Last Run
--------------------------------------  -----  ---------  --------  ----------  --------------  -------------------
/opt/airflow/dags/booking_ingestion.py                           1           0  0.60s           2023-10-18T16:29:05
/opt/airflow/dags/welcome.py                                     1           0  0.20s           2023-10-18T16:28:35
================================================================================
[2023-10-18T16:29:36.424+0000] {manager.py:893} INFO - 
================================================================================
DAG File Processing Stats

File Path                               PID    Runtime      # DAGs    # Errors  Last Runtime    Last Run
--------------------------------------  -----  ---------  --------  ----------  --------------  -------------------
/opt/airflow/dags/booking_ingestion.py                           1           0  0.51s           2023-10-18T16:29:36
/opt/airflow/dags/welcome.py                                     1           0  0.20s           2023-10-18T16:29:06
================================================================================
[2023-10-18T16:30:07.405+0000] {manager.py:893} INFO - 
================================================================================
DAG File Processing Stats

File Path                               PID    Runtime      # DAGs    # Errors  Last Runtime    Last Run
--------------------------------------  -----  ---------  --------  ----------  --------------  -------------------
/opt/airflow/dags/booking_ingestion.py                           1           0  0.61s           2023-10-18T16:30:07
/opt/airflow/dags/welcome.py                                     1           0  0.20s           2023-10-18T16:29:37
================================================================================
[2023-10-18T16:30:38.211+0000] {manager.py:893} INFO - 
================================================================================
DAG File Processing Stats

File Path                               PID    Runtime      # DAGs    # Errors  Last Runtime    Last Run
--------------------------------------  -----  ---------  --------  ----------  --------------  -------------------
/opt/airflow/dags/booking_ingestion.py                           1           0  0.50s           2023-10-18T16:30:38
/opt/airflow/dags/welcome.py                                     1           0  0.30s           2023-10-18T16:30:08
================================================================================
[2023-10-18T16:31:09.109+0000] {manager.py:893} INFO - 
================================================================================
DAG File Processing Stats

File Path                               PID    Runtime      # DAGs    # Errors  Last Runtime    Last Run
--------------------------------------  -----  ---------  --------  ----------  --------------  -------------------
/opt/airflow/dags/booking_ingestion.py                           1           0  0.50s           2023-10-18T16:31:09
/opt/airflow/dags/welcome.py                                     1           0  0.30s           2023-10-18T16:30:39
================================================================================
[2023-10-18T16:31:40.033+0000] {manager.py:893} INFO - 
================================================================================
DAG File Processing Stats

File Path                               PID    Runtime      # DAGs    # Errors  Last Runtime    Last Run
--------------------------------------  -----  ---------  --------  ----------  --------------  -------------------
/opt/airflow/dags/booking_ingestion.py                           1           0  0.50s           2023-10-18T16:31:40
/opt/airflow/dags/welcome.py                                     1           0  0.20s           2023-10-18T16:31:10
================================================================================
[2023-10-18T16:32:10.910+0000] {manager.py:893} INFO - 
================================================================================
DAG File Processing Stats

File Path                               PID    Runtime      # DAGs    # Errors  Last Runtime    Last Run
--------------------------------------  -----  ---------  --------  ----------  --------------  -------------------
/opt/airflow/dags/booking_ingestion.py                           1           0  0.50s           2023-10-18T16:32:10
/opt/airflow/dags/welcome.py                                     1           0  0.31s           2023-10-18T16:31:41
================================================================================
[2023-10-18T16:32:32.206+0000] {manager.py:759} INFO - Searching for files in /opt/airflow/dags
[2023-10-18T16:32:32.261+0000] {manager.py:762} INFO - There are 2 files in /opt/airflow/dags
[2023-10-18T16:32:41.774+0000] {manager.py:893} INFO - 
================================================================================
DAG File Processing Stats

File Path                               PID    Runtime      # DAGs    # Errors  Last Runtime    Last Run
--------------------------------------  -----  ---------  --------  ----------  --------------  -------------------
/opt/airflow/dags/booking_ingestion.py                           1           0  0.60s           2023-10-18T16:32:41
/opt/airflow/dags/welcome.py                                     1           0  0.30s           2023-10-18T16:32:12
================================================================================
[2023-10-18T16:33:12.492+0000] {manager.py:893} INFO - 
================================================================================
DAG File Processing Stats

File Path                               PID    Runtime      # DAGs    # Errors  Last Runtime    Last Run
--------------------------------------  -----  ---------  --------  ----------  --------------  -------------------
/opt/airflow/dags/booking_ingestion.py                           1           0  0.50s           2023-10-18T16:33:12
/opt/airflow/dags/welcome.py                                     1           0  0.30s           2023-10-18T16:32:43
================================================================================
[2023-10-18T16:33:43.671+0000] {manager.py:893} INFO - 
================================================================================
DAG File Processing Stats

File Path                               PID    Runtime      # DAGs    # Errors  Last Runtime    Last Run
--------------------------------------  -----  ---------  --------  ----------  --------------  -------------------
/opt/airflow/dags/booking_ingestion.py                           1           0  0.60s           2023-10-18T16:33:43
/opt/airflow/dags/welcome.py                                     1           0  0.30s           2023-10-18T16:33:13
================================================================================
[2023-10-18T16:34:14.550+0000] {manager.py:893} INFO - 
================================================================================
DAG File Processing Stats

File Path                               PID    Runtime      # DAGs    # Errors  Last Runtime    Last Run
--------------------------------------  -----  ---------  --------  ----------  --------------  -------------------
/opt/airflow/dags/booking_ingestion.py                           1           0  0.50s           2023-10-18T16:34:14
/opt/airflow/dags/welcome.py                                     1           0  0.30s           2023-10-18T16:33:45
================================================================================
[2023-10-18T16:34:45.542+0000] {manager.py:893} INFO - 
================================================================================
DAG File Processing Stats

File Path                               PID    Runtime      # DAGs    # Errors  Last Runtime    Last Run
--------------------------------------  -----  ---------  --------  ----------  --------------  -------------------
/opt/airflow/dags/booking_ingestion.py                           1           0  0.50s           2023-10-18T16:34:45
/opt/airflow/dags/welcome.py                                     1           0  0.30s           2023-10-18T16:34:15
================================================================================
[2023-10-18T16:35:16.201+0000] {manager.py:893} INFO - 
================================================================================
DAG File Processing Stats

File Path                               PID    Runtime      # DAGs    # Errors  Last Runtime    Last Run
--------------------------------------  -----  ---------  --------  ----------  --------------  -------------------
/opt/airflow/dags/booking_ingestion.py                           1           0  0.41s           2023-10-18T16:35:16
/opt/airflow/dags/welcome.py                                     1           0  0.20s           2023-10-18T16:34:46
================================================================================
[2023-10-18T16:35:47.118+0000] {manager.py:893} INFO - 
================================================================================
DAG File Processing Stats

File Path                               PID    Runtime      # DAGs    # Errors  Last Runtime    Last Run
--------------------------------------  -----  ---------  --------  ----------  --------------  -------------------
/opt/airflow/dags/booking_ingestion.py                           1           0  0.50s           2023-10-18T16:35:47
/opt/airflow/dags/welcome.py                                     1           0  0.20s           2023-10-18T16:35:17
================================================================================
[2023-10-18T16:36:17.926+0000] {manager.py:893} INFO - 
================================================================================
DAG File Processing Stats

File Path                               PID    Runtime      # DAGs    # Errors  Last Runtime    Last Run
--------------------------------------  -----  ---------  --------  ----------  --------------  -------------------
/opt/airflow/dags/booking_ingestion.py                           1           0  0.50s           2023-10-18T16:36:17
/opt/airflow/dags/welcome.py                                     1           0  0.20s           2023-10-18T16:35:48
================================================================================
[2023-10-18T16:36:48.915+0000] {manager.py:893} INFO - 
================================================================================
DAG File Processing Stats

File Path                               PID    Runtime      # DAGs    # Errors  Last Runtime    Last Run
--------------------------------------  -----  ---------  --------  ----------  --------------  -------------------
/opt/airflow/dags/booking_ingestion.py                           1           0  0.51s           2023-10-18T16:36:48
/opt/airflow/dags/welcome.py                                     1           0  0.20s           2023-10-18T16:36:18
================================================================================
[2023-10-18T16:37:19.839+0000] {manager.py:893} INFO - 
================================================================================
DAG File Processing Stats

File Path                               PID    Runtime      # DAGs    # Errors  Last Runtime    Last Run
--------------------------------------  -----  ---------  --------  ----------  --------------  -------------------
/opt/airflow/dags/booking_ingestion.py                           1           0  0.50s           2023-10-18T16:37:19
/opt/airflow/dags/welcome.py                                     1           0  0.20s           2023-10-18T16:36:49
================================================================================
[2023-10-18T16:37:32.206+0000] {manager.py:759} INFO - Searching for files in /opt/airflow/dags
[2023-10-18T16:37:32.257+0000] {manager.py:762} INFO - There are 2 files in /opt/airflow/dags
[2023-10-18T16:37:50.510+0000] {manager.py:893} INFO - 
================================================================================
DAG File Processing Stats

File Path                               PID    Runtime      # DAGs    # Errors  Last Runtime    Last Run
--------------------------------------  -----  ---------  --------  ----------  --------------  -------------------
/opt/airflow/dags/booking_ingestion.py                           1           0  0.40s           2023-10-18T16:37:50
/opt/airflow/dags/welcome.py                                     1           0  0.20s           2023-10-18T16:37:21
================================================================================
[2023-10-18T16:38:21.352+0000] {manager.py:893} INFO - 
================================================================================
DAG File Processing Stats

File Path                               PID    Runtime      # DAGs    # Errors  Last Runtime    Last Run
--------------------------------------  -----  ---------  --------  ----------  --------------  -------------------
/opt/airflow/dags/booking_ingestion.py                           1           0  0.50s           2023-10-18T16:38:21
/opt/airflow/dags/welcome.py                                     1           0  0.30s           2023-10-18T16:37:51
================================================================================
[2023-10-18T16:38:52.209+0000] {manager.py:893} INFO - 
================================================================================
DAG File Processing Stats

File Path                               PID    Runtime      # DAGs    # Errors  Last Runtime    Last Run
--------------------------------------  -----  ---------  --------  ----------  --------------  -------------------
/opt/airflow/dags/booking_ingestion.py                           1           0  0.50s           2023-10-18T16:38:52
/opt/airflow/dags/welcome.py                                     1           0  0.20s           2023-10-18T16:38:22
================================================================================
[2023-10-18T16:39:23.060+0000] {manager.py:893} INFO - 
================================================================================
DAG File Processing Stats

File Path                               PID    Runtime      # DAGs    # Errors  Last Runtime    Last Run
--------------------------------------  -----  ---------  --------  ----------  --------------  -------------------
/opt/airflow/dags/booking_ingestion.py                           1           0  0.50s           2023-10-18T16:39:23
/opt/airflow/dags/welcome.py                                     1           0  0.30s           2023-10-18T16:38:53
================================================================================
[2023-10-18T16:39:53.924+0000] {manager.py:893} INFO - 
================================================================================
DAG File Processing Stats

File Path                               PID    Runtime      # DAGs    # Errors  Last Runtime    Last Run
--------------------------------------  -----  ---------  --------  ----------  --------------  -------------------
/opt/airflow/dags/booking_ingestion.py                           1           0  0.50s           2023-10-18T16:39:53
/opt/airflow/dags/welcome.py                                     1           0  0.30s           2023-10-18T16:39:23
================================================================================
[2023-10-18T16:40:24.701+0000] {manager.py:893} INFO - 
================================================================================
DAG File Processing Stats

File Path                               PID    Runtime      # DAGs    # Errors  Last Runtime    Last Run
--------------------------------------  -----  ---------  --------  ----------  --------------  -------------------
/opt/airflow/dags/booking_ingestion.py                           1           0  0.51s           2023-10-18T16:40:24
/opt/airflow/dags/welcome.py                                     1           0  0.20s           2023-10-18T16:39:54
================================================================================
